2025-08-03 17:02:21.865 [info] Starting Python Locator /home/izzy/.vscode/extensions/ms-python.vscode-python-envs-1.2.0-linux-x64/python-env-tools/bin/pet server
2025-08-03 17:02:22.224 [info] Discovered env: /bin/python3
2025-08-03 17:02:22.224 [info] Discovered env: /usr/bin/python3
2025-08-03 17:02:22.225 [info] Locator Conda took 23.357666ms
2025-08-03 17:02:22.225 [info] Locator Homebrew took 218.714µs
2025-08-03 17:02:22.225 [info] Locator LinuxGlobal took 26.401059ms
2025-08-03 17:02:22.225 [info] Locator PipEnv took 70.571µs
2025-08-03 17:02:22.225 [info] Locator Pixi took 159.665µs
2025-08-03 17:02:22.225 [info] Locator Poetry took 595.54µs
2025-08-03 17:02:22.225 [info] Locator PyEnv took 539.276µs
2025-08-03 17:02:22.225 [info] Locator Venv took 114.411µs
2025-08-03 17:02:22.225 [info] Locator VirtualEnv took 67.645µs
2025-08-03 17:02:22.225 [info] Locator VirtualEnvWrapper took 67.525µs
2025-08-03 17:02:22.226 [info] Locator GlobalVirtualEnvs took 644.611µs
2025-08-03 17:02:22.226 [info] Locator Locators took 27.374026ms
2025-08-03 17:02:22.226 [info] Locator Path took 37.446276ms
2025-08-03 17:02:22.226 [info] Locator Workspaces took 1.182866ms
2025-08-03 17:02:22.228 [info] Telemetry:  {"event":"RefreshPerformance","data":{"refreshPerformance":{"total":37,"breakdown":{"GlobalVirtualEnvs":0,"Locators":27,"Path":37,"Workspaces":1},"locators":{"Conda":23,"Homebrew":0,"LinuxGlobal":26,"PipEnv":0,"Pixi":0,"Poetry":0,"PyEnv":0,"Venv":0,"VirtualEnv":0,"VirtualEnvWrapper":0}}}}
2025-08-03 17:02:22.228 [info] Locator GlobalVirtualEnvs took 230ns
2025-08-03 17:02:22.228 [info] Locator Locators took 200ns
2025-08-03 17:02:22.228 [info] Locator Path took 160ns
2025-08-03 17:02:22.228 [info] Locator Workspaces took 316.095µs
2025-08-03 17:02:22.230 [info] Telemetry:  {"event":"RefreshPerformance","data":{"refreshPerformance":{"total":0,"breakdown":{"GlobalVirtualEnvs":0,"Locators":0,"Path":0,"Workspaces":0},"locators":{}}}}
2025-08-03 17:02:22.231 [info] Locator GlobalVirtualEnvs took 271ns
2025-08-03 17:02:22.231 [info] Locator Locators took 140ns
2025-08-03 17:02:22.231 [info] Locator Path took 160ns
2025-08-03 17:02:22.231 [info] Locator Workspaces took 410.779µs
2025-08-03 17:02:22.234 [info] Python API: Changed environment from undefined to Python 3.12.3 for: /home/izzy/Documents/dotfiles
2025-08-03 17:02:22.234 [info] Internal: Changed environment from undefined to Python 3.12.3 for: /home/izzy/Documents/dotfiles
2025-08-03 17:02:22.235 [info] Telemetry:  {"event":"RefreshPerformance","data":{"refreshPerformance":{"total":0,"breakdown":{"GlobalVirtualEnvs":0,"Locators":0,"Path":0,"Workspaces":0},"locators":{}}}}
2025-08-03 17:02:22.537 [info] Discovered env: /usr/bin/python3
2025-08-03 17:02:22.537 [info] Discovered env: /bin/python3
2025-08-03 17:02:22.537 [info] Locator Conda took 19.525435ms
2025-08-03 17:02:22.537 [info] Locator Homebrew took 223.052µs
2025-08-03 17:02:22.537 [info] Locator LinuxGlobal took 21.400119ms
2025-08-03 17:02:22.537 [info] Locator PipEnv took 17.592µs
2025-08-03 17:02:22.537 [info] Locator Pixi took 24.396µs
2025-08-03 17:02:22.537 [info] Locator Poetry took 103.862µs
2025-08-03 17:02:22.537 [info] Locator PyEnv took 248.039µs
2025-08-03 17:02:22.537 [info] Locator Venv took 12.283µs
2025-08-03 17:02:22.537 [info] Locator VirtualEnv took 19.065µs
2025-08-03 17:02:22.537 [info] Locator VirtualEnvWrapper took 11.131µs
2025-08-03 17:02:22.537 [info] Locator GlobalVirtualEnvs took 202.865µs
2025-08-03 17:02:22.537 [info] Locator Locators took 22.505832ms
2025-08-03 17:02:22.537 [info] Locator Path took 31.970018ms
2025-08-03 17:02:22.537 [info] Locator Workspaces took 1.027228ms
2025-08-03 17:02:22.537 [info] Conda not found, turning off conda features. Error: Conda not found
    at A (/home/izzy/.vscode/extensions/ms-python.vscode-python-envs-1.2.0-linux-x64/dist/extension.js:2:504122)
    at D (/home/izzy/.vscode/extensions/ms-python.vscode-python-envs-1.2.0-linux-x64/dist/extension.js:2:504247)
    at t.registerCondaFeatures (/home/izzy/.vscode/extensions/ms-python.vscode-python-envs-1.2.0-linux-x64/dist/extension.js:2:520870)
    at async Promise.all (index 1)
    at Immediate.<anonymous> (/home/izzy/.vscode/extensions/ms-python.vscode-python-envs-1.2.0-linux-x64/dist/extension.js:2:629562)
2025-08-03 17:02:22.538 [info] Telemetry:  {"event":"RefreshPerformance","data":{"refreshPerformance":{"total":32,"breakdown":{"GlobalVirtualEnvs":0,"Locators":22,"Path":31,"Workspaces":1},"locators":{"Conda":19,"Homebrew":0,"LinuxGlobal":21,"PipEnv":0,"Pixi":0,"Poetry":0,"PyEnv":0,"Venv":0,"VirtualEnv":0,"VirtualEnvWrapper":0}}}}
2025-08-03 17:02:22.559 [info] Discovered env: /bin/python3
2025-08-03 17:02:22.560 [info] Discovered env: /usr/bin/python3
2025-08-03 17:02:22.568 [info] Locator Conda took 18.13691ms
2025-08-03 17:02:22.568 [info] Locator Homebrew took 47.939µs
2025-08-03 17:02:22.568 [info] Locator LinuxGlobal took 20.872564ms
2025-08-03 17:02:22.568 [info] Locator PipEnv took 26.85µs
2025-08-03 17:02:22.568 [info] Locator Pixi took 63.617µs
2025-08-03 17:02:22.568 [info] Locator Poetry took 99.183µs
2025-08-03 17:02:22.568 [info] Locator PyEnv took 180.834µs
2025-08-03 17:02:22.568 [info] Locator Venv took 16.23µs
2025-08-03 17:02:22.568 [info] Locator VirtualEnv took 33.201µs
2025-08-03 17:02:22.568 [info] Locator VirtualEnvWrapper took 22.172µs
2025-08-03 17:02:22.568 [info] Locator GlobalVirtualEnvs took 109.162µs
2025-08-03 17:02:22.568 [info] Locator Locators took 21.810087ms
2025-08-03 17:02:22.568 [info] Locator Path took 29.964262ms
2025-08-03 17:02:22.568 [info] Locator Workspaces took 750.536µs
2025-08-03 17:02:22.568 [info] Pyenv not found, turning off pyenv features.
2025-08-03 17:02:22.569 [info] Telemetry:  {"event":"RefreshPerformance","data":{"refreshPerformance":{"total":30,"breakdown":{"GlobalVirtualEnvs":0,"Locators":21,"Path":29,"Workspaces":0},"locators":{"Conda":18,"Homebrew":0,"LinuxGlobal":20,"PipEnv":0,"Pixi":0,"Poetry":0,"PyEnv":0,"Venv":0,"VirtualEnv":0,"VirtualEnvWrapper":0}}}}
2025-08-03 17:02:22.591 [info] Discovered env: /usr/bin/python3
2025-08-03 17:02:22.591 [info] Discovered env: /bin/python3
2025-08-03 17:02:22.600 [info] Locator Conda took 18.877879ms
2025-08-03 17:02:22.600 [info] Locator Homebrew took 105.685µs
2025-08-03 17:02:22.600 [info] Locator LinuxGlobal took 21.300645ms
2025-08-03 17:02:22.600 [info] Locator PipEnv took 20.999µs
2025-08-03 17:02:22.600 [info] Locator Pixi took 18.724µs
2025-08-03 17:02:22.600 [info] Locator Poetry took 68.647µs
2025-08-03 17:02:22.600 [info] Locator PyEnv took 115.484µs
2025-08-03 17:02:22.600 [info] Locator Venv took 10.499µs
2025-08-03 17:02:22.600 [info] Locator VirtualEnv took 15.408µs
2025-08-03 17:02:22.600 [info] Locator VirtualEnvWrapper took 16.02µs
2025-08-03 17:02:22.600 [info] Locator GlobalVirtualEnvs took 51.866µs
2025-08-03 17:02:22.600 [info] Locator Locators took 22.171645ms
2025-08-03 17:02:22.600 [info] Locator Path took 31.120418ms
2025-08-03 17:02:22.600 [info] Locator Workspaces took 598.816µs
2025-08-03 17:02:22.604 [info] Telemetry:  {"event":"RefreshPerformance","data":{"refreshPerformance":{"total":31,"breakdown":{"GlobalVirtualEnvs":0,"Locators":22,"Path":31,"Workspaces":0},"locators":{"Conda":18,"Homebrew":0,"LinuxGlobal":21,"PipEnv":0,"Pixi":0,"Poetry":0,"PyEnv":0,"Venv":0,"VirtualEnv":0,"VirtualEnvWrapper":0}}}}
