2025-08-03 16:22:54.578 [info] [main] Log level: Info
2025-08-03 16:22:54.578 [info] [main] Validating found git in: "git"
2025-08-03 16:22:54.578 [info] [main] Using git "2.43.0" from "git"
2025-08-03 16:22:54.578 [info] [Model][doInitialScan] Initial repository scan started
2025-08-03 16:22:54.578 [info] > git rev-parse --show-toplevel [33ms]
2025-08-03 16:22:54.578 [info] > git rev-parse --git-dir --git-common-dir [204ms]
2025-08-03 16:22:54.578 [info] [Model][openRepository] Opened repository (path): /home/izzy/Documents/dotfiles
2025-08-03 16:22:54.578 [info] [Model][openRepository] Opened repository (real path): /home/izzy/Documents/dotfiles
2025-08-03 16:22:54.629 [info] > git rev-parse --show-toplevel [33ms]
2025-08-03 16:22:54.629 [info] fatal: not a git repository (or any of the parent directories): .git
2025-08-03 16:22:54.629 [info] > git config --get commit.template [42ms]
2025-08-03 16:22:54.670 [info] > git rev-parse --show-toplevel [14ms]
2025-08-03 16:22:54.673 [info] > git for-each-ref --format=%(refname)%00%(upstream:short)%00%(objectname)%00%(upstream:track)%00%(upstream:remotename)%00%(upstream:remoteref) refs/heads/master refs/remotes/master [7ms]
2025-08-03 16:22:54.730 [info] > git rev-parse --show-toplevel [48ms]
2025-08-03 16:22:54.787 [info] > git status -z -uall [8ms]
2025-08-03 16:22:54.787 [info] > git rev-parse --show-toplevel [47ms]
2025-08-03 16:22:54.789 [info] [Model][doInitialScan] Initial repository scan completed - repositories (1), closed repositories (0), parent repositories (1), unsafe repositories (0)
2025-08-03 16:22:54.791 [info] > git for-each-ref --sort -committerdate --format %(refname)%00%(objectname)%00%(*objectname) [5ms]
2025-08-03 16:22:54.823 [info] > git for-each-ref --format=%(refname)%00%(upstream:short)%00%(objectname)%00%(upstream:track)%00%(upstream:remotename)%00%(upstream:remoteref) refs/heads/master refs/remotes/master [22ms]
2025-08-03 16:22:54.841 [info] > git config --get commit.template [19ms]
2025-08-03 16:22:54.877 [info] > git config --get --local branch.master.vscode-merge-base [46ms]
2025-08-03 16:22:54.898 [info] > git for-each-ref --format=%(refname)%00%(upstream:short)%00%(objectname)%00%(upstream:track)%00%(upstream:remotename)%00%(upstream:remoteref) refs/heads/origin/master refs/remotes/origin/master [11ms]
2025-08-03 16:22:54.910 [info] > git merge-base refs/heads/master refs/remotes/origin/master [3ms]
2025-08-03 16:22:54.920 [info] > git for-each-ref --format=%(refname)%00%(upstream:short)%00%(objectname)%00%(upstream:track)%00%(upstream:remotename)%00%(upstream:remoteref) refs/heads/master refs/remotes/master [24ms]
2025-08-03 16:22:54.937 [info] > git diff --name-status -z --diff-filter=ADMR d40479a2a577fb2a653bd28f847746ed5b5b3374...refs/remotes/origin/master [18ms]
2025-08-03 16:22:54.960 [info] > git status -z -uall [13ms]
2025-08-03 16:22:54.961 [info] > git for-each-ref --sort -committerdate --format %(refname)%00%(objectname)%00%(*objectname) [3ms]
2025-08-03 16:22:55.290 [info] > git fetch [759ms]
2025-08-03 16:22:55.314 [info] > git check-ignore -v -z --stdin [15ms]
2025-08-03 16:22:55.315 [info] > git config --get commit.template [2ms]
2025-08-03 16:22:55.346 [info] > git for-each-ref --format=%(refname)%00%(upstream:short)%00%(objectname)%00%(upstream:track)%00%(upstream:remotename)%00%(upstream:remoteref) refs/heads/master refs/remotes/master [24ms]
2025-08-03 16:22:55.363 [info] > git status -z -uall [8ms]
2025-08-03 16:22:55.363 [info] > git for-each-ref --sort -committerdate --format %(refname)%00%(objectname)%00%(*objectname) [2ms]
2025-08-03 16:22:56.393 [info] > git rev-parse --show-toplevel [1ms]
2025-08-03 16:22:56.393 [info] fatal: not a git repository (or any of the parent directories): .git
2025-08-03 16:22:57.388 [info] > git rev-parse --show-toplevel [3ms]
2025-08-03 16:22:58.074 [info] > git rev-parse --show-toplevel [1ms]
2025-08-03 16:22:58.074 [info] fatal: not a git repository (or any of the parent directories): .git
2025-08-03 16:23:01.429 [info] > git show --textconv :install.sh [8ms]
2025-08-03 16:23:01.430 [info] > git ls-files --stage -- install.sh [1ms]
2025-08-03 16:23:01.438 [info] > git cat-file -s 7681e73c0489e1c4ec42127b129664cacdf5ab2d [1ms]
2025-08-03 16:23:01.471 [info] > git blame --root --incremental d40479a2a577fb2a653bd28f847746ed5b5b3374 -- install.sh [13ms]
2025-08-03 16:24:19.555 [info] > git config --get commit.template [10ms]
2025-08-03 16:24:19.556 [info] > git for-each-ref --format=%(refname)%00%(upstream:short)%00%(objectname)%00%(upstream:track)%00%(upstream:remotename)%00%(upstream:remoteref) refs/heads/master refs/remotes/master [1ms]
2025-08-03 16:24:19.573 [info] > git status -z -uall [8ms]
2025-08-03 16:24:19.574 [info] > git for-each-ref --sort -committerdate --format %(refname)%00%(objectname)%00%(*objectname) [2ms]
2025-08-03 16:24:23.556 [info] > git check-ignore -v -z --stdin [0ms]
2025-08-03 16:24:28.581 [info] > git show --textconv :.config/rofi/config.rasi [8ms]
2025-08-03 16:24:28.582 [info] > git ls-files --stage -- .config/rofi/config.rasi [1ms]
2025-08-03 16:24:28.590 [info] > git cat-file -s fb75d53e2824a4c795b11e4f220ec656d4e6cc06 [1ms]
2025-08-03 16:24:30.695 [info] > git show --textconv :.config/rofi/nord.rasi [9ms]
2025-08-03 16:24:30.695 [info] > git ls-files --stage -- .config/rofi/nord.rasi [1ms]
2025-08-03 16:24:30.702 [info] > git cat-file -s 4f4c7c9a3b4f6400b96009dfcdf8249503ebb829 [1ms]
2025-08-03 16:24:31.464 [info] > git blame --root --incremental d40479a2a577fb2a653bd28f847746ed5b5b3374 -- .config/rofi/nord.rasi [4ms]
2025-08-03 16:24:33.343 [info] > git show --textconv :install.sh [8ms]
2025-08-03 16:24:33.344 [info] > git ls-files --stage -- install.sh [1ms]
2025-08-03 16:24:33.352 [info] > git cat-file -s 7681e73c0489e1c4ec42127b129664cacdf5ab2d [1ms]
2025-08-03 16:24:34.026 [info] > git rev-parse --show-toplevel [0ms]
2025-08-03 16:24:34.026 [info] fatal: not a git repository (or any of the parent directories): .git
2025-08-03 16:26:56.759 [info] > git fetch [522ms]
2025-08-03 16:26:56.776 [info] > git config --get commit.template [7ms]
2025-08-03 16:26:56.776 [info] > git for-each-ref --format=%(refname)%00%(upstream:short)%00%(objectname)%00%(upstream:track)%00%(upstream:remotename)%00%(upstream:remoteref) refs/heads/master refs/remotes/master [1ms]
2025-08-03 16:26:56.789 [info] > git status -z -uall [7ms]
2025-08-03 16:26:56.790 [info] > git for-each-ref --sort -committerdate --format %(refname)%00%(objectname)%00%(*objectname) [1ms]
2025-08-03 16:26:57.849 [info] > git config --get commit.template [8ms]
2025-08-03 16:26:57.849 [info] > git for-each-ref --format=%(refname)%00%(upstream:short)%00%(objectname)%00%(upstream:track)%00%(upstream:remotename)%00%(upstream:remoteref) refs/heads/master refs/remotes/master [1ms]
2025-08-03 16:26:57.864 [info] > git status -z -uall [7ms]
2025-08-03 16:26:57.865 [info] > git for-each-ref --sort -committerdate --format %(refname)%00%(objectname)%00%(*objectname) [1ms]
2025-08-03 16:27:01.867 [info] > git check-ignore -v -z --stdin [1ms]
2025-08-03 16:27:11.070 [info] > git show --textconv :install.sh [10ms]
2025-08-03 16:27:11.071 [info] > git ls-files --stage -- install.sh [1ms]
2025-08-03 16:27:11.081 [info] > git cat-file -s 7681e73c0489e1c4ec42127b129664cacdf5ab2d [1ms]
2025-08-03 16:27:29.523 [info] > git config --get commit.template [8ms]
2025-08-03 16:27:29.523 [info] > git for-each-ref --format=%(refname)%00%(upstream:short)%00%(objectname)%00%(upstream:track)%00%(upstream:remotename)%00%(upstream:remoteref) refs/heads/master refs/remotes/master [1ms]
2025-08-03 16:27:29.537 [info] > git status -z -uall [8ms]
2025-08-03 16:27:29.538 [info] > git for-each-ref --sort -committerdate --format %(refname)%00%(objectname)%00%(*objectname) [1ms]
2025-08-03 16:27:37.035 [info] > git show --textconv :.config/nvim/init.lua [13ms]
2025-08-03 16:27:37.037 [info] > git ls-files --stage -- .config/nvim/init.lua [3ms]
2025-08-03 16:27:37.047 [info] > git cat-file -s 339f04c30dc39da664fe02d2590a0e097386c0ef [2ms]
2025-08-03 16:27:45.728 [info] > git show --textconv :.config/nvim/lua/plugins.lua [8ms]
2025-08-03 16:27:45.736 [info] > git ls-files --stage -- .config/nvim/lua/plugins.lua [8ms]
2025-08-03 16:27:45.745 [info] > git cat-file -s 9a99c4f29d47fe70f6bcd1ceb940f20c73f2dc6d [1ms]
2025-08-03 16:27:55.431 [info] > git blame --root --incremental d40479a2a577fb2a653bd28f847746ed5b5b3374 -- .config/nvim/lua/plugins.lua [4ms]
2025-08-03 16:27:58.753 [info] > git for-each-ref --format=%(refname)%00%(upstream:short)%00%(objectname)%00%(upstream:track)%00%(upstream:remotename)%00%(upstream:remoteref) refs/heads/master refs/remotes/master [1ms]
2025-08-03 16:27:58.753 [info] > git config --get commit.template [9ms]
2025-08-03 16:27:58.769 [info] > git status -z -uall [8ms]
2025-08-03 16:27:58.769 [info] > git for-each-ref --sort -committerdate --format %(refname)%00%(objectname)%00%(*objectname) [0ms]
2025-08-03 16:28:16.329 [info] > git config --get commit.template [8ms]
2025-08-03 16:28:16.330 [info] > git for-each-ref --format=%(refname)%00%(upstream:short)%00%(objectname)%00%(upstream:track)%00%(upstream:remotename)%00%(upstream:remoteref) refs/heads/master refs/remotes/master [1ms]
2025-08-03 16:28:16.345 [info] > git status -z -uall [9ms]
2025-08-03 16:28:16.345 [info] > git for-each-ref --sort -committerdate --format %(refname)%00%(objectname)%00%(*objectname) [1ms]
2025-08-03 16:28:16.853 [info] > git show --textconv :install.sh [9ms]
2025-08-03 16:28:16.854 [info] > git ls-files --stage -- install.sh [1ms]
2025-08-03 16:28:16.863 [info] > git cat-file -s 7681e73c0489e1c4ec42127b129664cacdf5ab2d [1ms]
2025-08-03 16:28:52.535 [info] > git config --get commit.template [12ms]
2025-08-03 16:28:52.536 [info] > git for-each-ref --format=%(refname)%00%(upstream:short)%00%(objectname)%00%(upstream:track)%00%(upstream:remotename)%00%(upstream:remoteref) refs/heads/master refs/remotes/master [1ms]
2025-08-03 16:28:52.557 [info] > git status -z -uall [10ms]
2025-08-03 16:28:52.557 [info] > git for-each-ref --sort -committerdate --format %(refname)%00%(objectname)%00%(*objectname) [1ms]
2025-08-03 16:29:04.997 [info] > git show --textconv :.config/nvim/lua/keymaps.lua [8ms]
2025-08-03 16:29:04.998 [info] > git ls-files --stage -- .config/nvim/lua/keymaps.lua [1ms]
2025-08-03 16:29:05.006 [info] > git cat-file -s 47a09066a296ed81573ce112053fd190f737266a [1ms]
2025-08-03 16:29:07.537 [info] > git show --textconv :.config/nvim/lua/plugins.lua [9ms]
2025-08-03 16:29:07.537 [info] > git ls-files --stage -- .config/nvim/lua/plugins.lua [1ms]
2025-08-03 16:29:07.545 [info] > git cat-file -s 9a99c4f29d47fe70f6bcd1ceb940f20c73f2dc6d [0ms]
2025-08-03 16:29:13.801 [info] > git config --get commit.template [7ms]
2025-08-03 16:29:13.802 [info] > git for-each-ref --format=%(refname)%00%(upstream:short)%00%(objectname)%00%(upstream:track)%00%(upstream:remotename)%00%(upstream:remoteref) refs/heads/master refs/remotes/master [2ms]
2025-08-03 16:29:13.816 [info] > git status -z -uall [8ms]
2025-08-03 16:29:13.816 [info] > git for-each-ref --sort -committerdate --format %(refname)%00%(objectname)%00%(*objectname) [1ms]
2025-08-03 16:29:14.653 [info] > git show --textconv :install.sh [8ms]
2025-08-03 16:29:14.654 [info] > git ls-files --stage -- install.sh [1ms]
2025-08-03 16:29:14.662 [info] > git cat-file -s 7681e73c0489e1c4ec42127b129664cacdf5ab2d [1ms]
2025-08-03 16:29:19.219 [info] > git log --format=%H%n%aN%n%aE%n%at%n%ct%n%P%n%D%n%B -z --shortstat --diff-merges=first-parent -n50 --skip=0 --topo-order --decorate=full --stdin [334ms]
2025-08-03 16:29:19.445 [info] > git check-ignore -v -z --stdin [1ms]
2025-08-03 16:33:02.625 [info] > git check-ignore -v -z --stdin [1ms]
2025-08-03 16:33:10.348 [info] > git check-ignore -v -z --stdin [1ms]
2025-08-03 16:34:44.055 [info] > git config --get commit.template [1ms]
2025-08-03 16:34:44.062 [info] > git for-each-ref --format=%(refname)%00%(upstream:short)%00%(objectname)%00%(upstream:track)%00%(upstream:remotename)%00%(upstream:remoteref) refs/heads/master refs/remotes/master [1ms]
2025-08-03 16:34:44.078 [info] > git status -z -uall [10ms]
2025-08-03 16:34:44.078 [info] > git for-each-ref --sort -committerdate --format %(refname)%00%(objectname)%00%(*objectname) [1ms]
2025-08-03 16:34:44.580 [info] > git fetch [535ms]
2025-08-03 16:34:44.597 [info] > git config --get commit.template [8ms]
2025-08-03 16:34:44.598 [info] > git for-each-ref --format=%(refname)%00%(upstream:short)%00%(objectname)%00%(upstream:track)%00%(upstream:remotename)%00%(upstream:remoteref) refs/heads/master refs/remotes/master [1ms]
2025-08-03 16:34:44.614 [info] > git status -z -uall [9ms]
2025-08-03 16:34:44.615 [info] > git for-each-ref --sort -committerdate --format %(refname)%00%(objectname)%00%(*objectname) [1ms]
2025-08-03 16:35:10.279 [info] > git config --get commit.template [10ms]
2025-08-03 16:35:10.287 [info] > git ls-files --stage -- install.sh [9ms]
2025-08-03 16:35:10.294 [info] > git for-each-ref --format=%(refname)%00%(upstream:short)%00%(objectname)%00%(upstream:track)%00%(upstream:remotename)%00%(upstream:remoteref) refs/heads/master refs/remotes/master [8ms]
2025-08-03 16:35:10.310 [info] > git status -z -uall [9ms]
2025-08-03 16:35:10.310 [info] > git cat-file -s 7681e73c0489e1c4ec42127b129664cacdf5ab2d [16ms]
2025-08-03 16:35:10.310 [info] > git for-each-ref --sort -committerdate --format %(refname)%00%(objectname)%00%(*objectname) [1ms]
2025-08-03 16:35:10.321 [info] > git show --textconv :install.sh [1ms]
2025-08-03 16:35:31.528 [info] > git config --get commit.template [10ms]
2025-08-03 16:35:31.528 [info] > git for-each-ref --format=%(refname)%00%(upstream:short)%00%(objectname)%00%(upstream:track)%00%(upstream:remotename)%00%(upstream:remoteref) refs/heads/master refs/remotes/master [1ms]
2025-08-03 16:35:31.545 [info] > git status -z -uall [9ms]
2025-08-03 16:35:31.545 [info] > git for-each-ref --sort -committerdate --format %(refname)%00%(objectname)%00%(*objectname) [1ms]
2025-08-03 16:35:32.131 [info] > git check-ignore -v -z --stdin [1ms]
2025-08-03 16:35:46.055 [info] > git config --get commit.template [10ms]
2025-08-03 16:35:46.055 [info] > git for-each-ref --format=%(refname)%00%(upstream:short)%00%(objectname)%00%(upstream:track)%00%(upstream:remotename)%00%(upstream:remoteref) refs/heads/master refs/remotes/master [1ms]
2025-08-03 16:35:46.072 [info] > git status -z -uall [9ms]
2025-08-03 16:35:46.073 [info] > git for-each-ref --sort -committerdate --format %(refname)%00%(objectname)%00%(*objectname) [1ms]
2025-08-03 16:35:56.528 [info] > git config --get commit.template [9ms]
2025-08-03 16:35:56.528 [info] > git for-each-ref --format=%(refname)%00%(upstream:short)%00%(objectname)%00%(upstream:track)%00%(upstream:remotename)%00%(upstream:remoteref) refs/heads/master refs/remotes/master [1ms]
2025-08-03 16:35:56.543 [info] > git status -z -uall [7ms]
2025-08-03 16:35:56.544 [info] > git for-each-ref --sort -committerdate --format %(refname)%00%(objectname)%00%(*objectname) [1ms]
2025-08-03 16:36:03.600 [info] > git config --get commit.template [9ms]
2025-08-03 16:36:03.601 [info] > git for-each-ref --format=%(refname)%00%(upstream:short)%00%(objectname)%00%(upstream:track)%00%(upstream:remotename)%00%(upstream:remoteref) refs/heads/master refs/remotes/master [1ms]
2025-08-03 16:36:03.616 [info] > git status -z -uall [8ms]
2025-08-03 16:36:03.617 [info] > git for-each-ref --sort -committerdate --format %(refname)%00%(objectname)%00%(*objectname) [1ms]
2025-08-03 16:36:10.034 [info] > git config --get commit.template [1ms]
2025-08-03 16:36:10.044 [info] > git for-each-ref --format=%(refname)%00%(upstream:short)%00%(objectname)%00%(upstream:track)%00%(upstream:remotename)%00%(upstream:remoteref) refs/heads/master refs/remotes/master [1ms]
2025-08-03 16:36:10.059 [info] > git status -z -uall [8ms]
2025-08-03 16:36:10.060 [info] > git for-each-ref --sort -committerdate --format %(refname)%00%(objectname)%00%(*objectname) [1ms]
2025-08-03 16:36:43.891 [info] > git config --get commit.template [10ms]
2025-08-03 16:36:43.892 [info] > git for-each-ref --format=%(refname)%00%(upstream:short)%00%(objectname)%00%(upstream:track)%00%(upstream:remotename)%00%(upstream:remoteref) refs/heads/master refs/remotes/master [1ms]
2025-08-03 16:36:43.909 [info] > git status -z -uall [9ms]
2025-08-03 16:36:43.911 [info] > git for-each-ref --sort -committerdate --format %(refname)%00%(objectname)%00%(*objectname) [2ms]
2025-08-03 16:37:18.538 [info] > git config --get commit.template [8ms]
2025-08-03 16:37:18.538 [info] > git for-each-ref --format=%(refname)%00%(upstream:short)%00%(objectname)%00%(upstream:track)%00%(upstream:remotename)%00%(upstream:remoteref) refs/heads/master refs/remotes/master [1ms]
2025-08-03 16:37:18.554 [info] > git status -z -uall [8ms]
2025-08-03 16:37:18.554 [info] > git for-each-ref --sort -committerdate --format %(refname)%00%(objectname)%00%(*objectname) [1ms]
2025-08-03 16:37:58.520 [info] > git fetch [558ms]
2025-08-03 16:37:58.536 [info] > git config --get commit.template [7ms]
2025-08-03 16:37:58.537 [info] > git for-each-ref --format=%(refname)%00%(upstream:short)%00%(objectname)%00%(upstream:track)%00%(upstream:remotename)%00%(upstream:remoteref) refs/heads/master refs/remotes/master [1ms]
2025-08-03 16:37:58.551 [info] > git status -z -uall [7ms]
2025-08-03 16:37:58.552 [info] > git for-each-ref --sort -committerdate --format %(refname)%00%(objectname)%00%(*objectname) [1ms]
2025-08-03 16:37:59.702 [info] > git config --get commit.template [8ms]
2025-08-03 16:37:59.702 [info] > git for-each-ref --format=%(refname)%00%(upstream:short)%00%(objectname)%00%(upstream:track)%00%(upstream:remotename)%00%(upstream:remoteref) refs/heads/master refs/remotes/master [0ms]
2025-08-03 16:37:59.719 [info] > git status -z -uall [7ms]
2025-08-03 16:37:59.720 [info] > git for-each-ref --sort -committerdate --format %(refname)%00%(objectname)%00%(*objectname) [2ms]
2025-08-03 16:41:23.547 [info] > git config --get commit.template [1ms]
2025-08-03 16:41:23.556 [info] > git for-each-ref --format=%(refname)%00%(upstream:short)%00%(objectname)%00%(upstream:track)%00%(upstream:remotename)%00%(upstream:remoteref) refs/heads/master refs/remotes/master [1ms]
2025-08-03 16:41:23.572 [info] > git status -z -uall [8ms]
2025-08-03 16:41:23.572 [info] > git for-each-ref --sort -committerdate --format %(refname)%00%(objectname)%00%(*objectname) [1ms]
2025-08-03 16:41:23.583 [info] > git merge-base refs/heads/master refs/remotes/origin/master [1ms]
2025-08-03 16:41:23.592 [info] > git diff --name-status -z --diff-filter=ADMR d69a1594917265fb5453502133f291d7a3b22d3b...refs/remotes/origin/master [1ms]
2025-08-03 16:41:24.070 [info] > git fetch [533ms]
2025-08-03 16:41:24.087 [info] > git config --get commit.template [8ms]
2025-08-03 16:41:24.088 [info] > git for-each-ref --format=%(refname)%00%(upstream:short)%00%(objectname)%00%(upstream:track)%00%(upstream:remotename)%00%(upstream:remoteref) refs/heads/master refs/remotes/master [1ms]
2025-08-03 16:41:24.104 [info] > git status -z -uall [8ms]
2025-08-03 16:41:24.104 [info] > git for-each-ref --sort -committerdate --format %(refname)%00%(objectname)%00%(*objectname) [1ms]
2025-08-03 16:41:26.653 [info] > git show --textconv :scripts/install-tools.sh [9ms]
2025-08-03 16:41:26.653 [info] > git ls-files --stage -- scripts/install-tools.sh [1ms]
2025-08-03 16:41:26.662 [info] > git cat-file -s ec5c59397dd8dc8ee8e486ca6766a6623192476d [1ms]
2025-08-03 16:41:26.674 [info] > git blame --root --incremental d69a1594917265fb5453502133f291d7a3b22d3b -- scripts/install-tools.sh [1ms]
2025-08-03 16:41:28.602 [info] > git config --get commit.template [8ms]
2025-08-03 16:41:28.603 [info] > git for-each-ref --format=%(refname)%00%(upstream:short)%00%(objectname)%00%(upstream:track)%00%(upstream:remotename)%00%(upstream:remoteref) refs/heads/master refs/remotes/master [1ms]
2025-08-03 16:41:28.616 [info] > git status -z -uall [7ms]
2025-08-03 16:41:28.617 [info] > git for-each-ref --sort -committerdate --format %(refname)%00%(objectname)%00%(*objectname) [1ms]
2025-08-03 16:41:53.257 [info] > git show --textconv :install.sh [9ms]
2025-08-03 16:41:53.257 [info] > git ls-files --stage -- install.sh [1ms]
2025-08-03 16:41:53.266 [info] > git cat-file -s 8f8a8b9965ee14a2b5974e3ed3a6ca64d4dab3c3 [1ms]
2025-08-03 16:41:53.281 [info] > git blame --root --incremental d69a1594917265fb5453502133f291d7a3b22d3b -- install.sh [4ms]
2025-08-03 16:41:57.154 [info] > git show --textconv :scripts/install-tools.sh [8ms]
2025-08-03 16:41:57.155 [info] > git ls-files --stage -- scripts/install-tools.sh [1ms]
2025-08-03 16:41:57.163 [info] > git cat-file -s ec5c59397dd8dc8ee8e486ca6766a6623192476d [1ms]
2025-08-03 16:42:10.703 [info] > git show --textconv :scripts/install-packages.sh [8ms]
2025-08-03 16:42:10.703 [info] > git ls-files --stage -- scripts/install-packages.sh [0ms]
2025-08-03 16:42:10.712 [info] > git cat-file -s f2f9d9b393076ea160aad9e7b5a5dfe30958b320 [1ms]
2025-08-03 16:42:10.724 [info] > git blame --root --incremental d69a1594917265fb5453502133f291d7a3b22d3b -- scripts/install-packages.sh [2ms]
2025-08-03 16:43:05.168 [info] > git show --textconv :scripts/install-tools.sh [8ms]
2025-08-03 16:43:05.169 [info] > git ls-files --stage -- scripts/install-tools.sh [1ms]
2025-08-03 16:43:05.178 [info] > git cat-file -s ec5c59397dd8dc8ee8e486ca6766a6623192476d [1ms]
2025-08-03 16:43:32.338 [info] > git show --textconv :scripts/install-packages.sh [9ms]
2025-08-03 16:43:32.338 [info] > git ls-files --stage -- scripts/install-packages.sh [1ms]
2025-08-03 16:43:32.347 [info] > git cat-file -s f2f9d9b393076ea160aad9e7b5a5dfe30958b320 [1ms]
2025-08-03 16:43:36.271 [info] > git config --get commit.template [8ms]
2025-08-03 16:43:36.272 [info] > git for-each-ref --format=%(refname)%00%(upstream:short)%00%(objectname)%00%(upstream:track)%00%(upstream:remotename)%00%(upstream:remoteref) refs/heads/master refs/remotes/master [2ms]
2025-08-03 16:43:36.288 [info] > git status -z -uall [9ms]
2025-08-03 16:43:36.288 [info] > git for-each-ref --sort -committerdate --format %(refname)%00%(objectname)%00%(*objectname) [1ms]
2025-08-03 16:43:39.398 [info] > git show --textconv :scripts/install-tools.sh [10ms]
2025-08-03 16:43:39.399 [info] > git ls-files --stage -- scripts/install-tools.sh [2ms]
2025-08-03 16:43:39.408 [info] > git cat-file -s ec5c59397dd8dc8ee8e486ca6766a6623192476d [1ms]
2025-08-03 16:45:28.230 [info] > git config --get commit.template [8ms]
2025-08-03 16:45:28.231 [info] > git for-each-ref --format=%(refname)%00%(upstream:short)%00%(objectname)%00%(upstream:track)%00%(upstream:remotename)%00%(upstream:remoteref) refs/heads/master refs/remotes/master [1ms]
2025-08-03 16:45:28.247 [info] > git status -z -uall [9ms]
2025-08-03 16:45:28.248 [info] > git for-each-ref --sort -committerdate --format %(refname)%00%(objectname)%00%(*objectname) [2ms]
2025-08-03 16:45:28.752 [info] > git fetch [538ms]
2025-08-03 16:45:28.770 [info] > git config --get commit.template [9ms]
2025-08-03 16:45:28.770 [info] > git for-each-ref --format=%(refname)%00%(upstream:short)%00%(objectname)%00%(upstream:track)%00%(upstream:remotename)%00%(upstream:remoteref) refs/heads/master refs/remotes/master [1ms]
2025-08-03 16:45:28.788 [info] > git status -z -uall [9ms]
2025-08-03 16:45:28.788 [info] > git for-each-ref --sort -committerdate --format %(refname)%00%(objectname)%00%(*objectname) [1ms]
2025-08-03 16:45:29.933 [info] > git ls-files --stage -- scripts/install-tools.sh [1ms]
2025-08-03 16:45:29.944 [info] > git cat-file -s ec5c59397dd8dc8ee8e486ca6766a6623192476d [1ms]
2025-08-03 16:45:29.954 [info] > git show --textconv :scripts/install-tools.sh [1ms]
2025-08-03 16:45:49.727 [info] > git config --get commit.template [10ms]
2025-08-03 16:45:49.734 [info] > git ls-files --stage -- scripts/install-tools.sh [8ms]
2025-08-03 16:45:49.740 [info] > git for-each-ref --format=%(refname)%00%(upstream:short)%00%(objectname)%00%(upstream:track)%00%(upstream:remotename)%00%(upstream:remoteref) refs/heads/master refs/remotes/master [7ms]
2025-08-03 16:45:49.755 [info] > git status -z -uall [8ms]
2025-08-03 16:45:49.756 [info] > git cat-file -s 50a75c264c86a4c79de049409e8d965ae4d8ea47 [16ms]
2025-08-03 16:45:49.756 [info] > git for-each-ref --sort -committerdate --format %(refname)%00%(objectname)%00%(*objectname) [1ms]
2025-08-03 16:45:49.776 [info] > git blame --root --incremental 39c14e764c98d8fd68545b1a07000cbefbb29e6f -- scripts/install-tools.sh [10ms]
2025-08-03 16:45:49.785 [info] > git merge-base refs/heads/master refs/remotes/origin/master [9ms]
2025-08-03 16:45:49.792 [info] > git show --textconv :scripts/install-tools.sh [8ms]
2025-08-03 16:45:49.793 [info] > git diff --name-status -z --diff-filter=ADMR 39c14e764c98d8fd68545b1a07000cbefbb29e6f...refs/remotes/origin/master [2ms]
2025-08-03 16:49:51.283 [info] > git config --get commit.template [8ms]
2025-08-03 16:49:51.284 [info] > git for-each-ref --format=%(refname)%00%(upstream:short)%00%(objectname)%00%(upstream:track)%00%(upstream:remotename)%00%(upstream:remoteref) refs/heads/master refs/remotes/master [1ms]
2025-08-03 16:49:51.300 [info] > git status -z -uall [8ms]
2025-08-03 16:49:51.300 [info] > git for-each-ref --sort -committerdate --format %(refname)%00%(objectname)%00%(*objectname) [1ms]
2025-08-03 16:49:51.804 [info] > git fetch [539ms]
2025-08-03 16:49:51.820 [info] > git config --get commit.template [8ms]
2025-08-03 16:49:51.821 [info] > git for-each-ref --format=%(refname)%00%(upstream:short)%00%(objectname)%00%(upstream:track)%00%(upstream:remotename)%00%(upstream:remoteref) refs/heads/master refs/remotes/master [1ms]
2025-08-03 16:49:51.838 [info] > git status -z -uall [9ms]
2025-08-03 16:49:51.839 [info] > git for-each-ref --sort -committerdate --format %(refname)%00%(objectname)%00%(*objectname) [1ms]
2025-08-03 16:49:52.985 [info] > git ls-files --stage -- scripts/install-tools.sh [1ms]
2025-08-03 16:49:52.996 [info] > git cat-file -s 50a75c264c86a4c79de049409e8d965ae4d8ea47 [1ms]
2025-08-03 16:49:53.006 [info] > git show --textconv :scripts/install-tools.sh [1ms]
2025-08-03 16:49:53.453 [info] > git show --textconv :scripts/configure-zsh.sh [10ms]
2025-08-03 16:49:53.453 [info] > git ls-files --stage -- scripts/configure-zsh.sh [1ms]
2025-08-03 16:49:53.463 [info] > git cat-file -s a5dd57bb562717e9be2450d5524c087b0e2c1001 [2ms]
2025-08-03 16:49:53.475 [info] > git blame --root --incremental 39c14e764c98d8fd68545b1a07000cbefbb29e6f -- scripts/configure-zsh.sh [1ms]
2025-08-03 16:49:56.314 [info] > git config --get commit.template [1ms]
2025-08-03 16:49:56.322 [info] > git for-each-ref --format=%(refname)%00%(upstream:short)%00%(objectname)%00%(upstream:track)%00%(upstream:remotename)%00%(upstream:remoteref) refs/heads/master refs/remotes/master [1ms]
2025-08-03 16:49:56.339 [info] > git status -z -uall [9ms]
2025-08-03 16:49:56.339 [info] > git for-each-ref --sort -committerdate --format %(refname)%00%(objectname)%00%(*objectname) [1ms]
2025-08-03 16:50:25.063 [info] > git config --get commit.template [8ms]
2025-08-03 16:50:25.063 [info] > git for-each-ref --format=%(refname)%00%(upstream:short)%00%(objectname)%00%(upstream:track)%00%(upstream:remotename)%00%(upstream:remoteref) refs/heads/master refs/remotes/master [1ms]
2025-08-03 16:50:25.079 [info] > git status -z -uall [8ms]
2025-08-03 16:50:25.080 [info] > git for-each-ref --sort -committerdate --format %(refname)%00%(objectname)%00%(*objectname) [2ms]
2025-08-03 16:50:43.262 [info] > git config --get commit.template [11ms]
2025-08-03 16:50:43.262 [info] > git for-each-ref --format=%(refname)%00%(upstream:short)%00%(objectname)%00%(upstream:track)%00%(upstream:remotename)%00%(upstream:remoteref) refs/heads/master refs/remotes/master [1ms]
2025-08-03 16:50:43.285 [info] > git status -z -uall [10ms]
2025-08-03 16:50:43.286 [info] > git for-each-ref --sort -committerdate --format %(refname)%00%(objectname)%00%(*objectname) [1ms]
2025-08-03 16:50:48.304 [info] > git config --get commit.template [8ms]
2025-08-03 16:50:48.305 [info] > git for-each-ref --format=%(refname)%00%(upstream:short)%00%(objectname)%00%(upstream:track)%00%(upstream:remotename)%00%(upstream:remoteref) refs/heads/master refs/remotes/master [1ms]
2025-08-03 16:50:48.322 [info] > git status -z -uall [9ms]
2025-08-03 16:50:48.322 [info] > git for-each-ref --sort -committerdate --format %(refname)%00%(objectname)%00%(*objectname) [1ms]
2025-08-03 16:51:24.004 [info] > git config --get commit.template [9ms]
2025-08-03 16:51:24.004 [info] > git for-each-ref --format=%(refname)%00%(upstream:short)%00%(objectname)%00%(upstream:track)%00%(upstream:remotename)%00%(upstream:remoteref) refs/heads/master refs/remotes/master [1ms]
2025-08-03 16:51:24.021 [info] > git status -z -uall [8ms]
2025-08-03 16:51:24.022 [info] > git for-each-ref --sort -committerdate --format %(refname)%00%(objectname)%00%(*objectname) [1ms]
2025-08-03 16:56:05.314 [info] > git config --get commit.template [8ms]
2025-08-03 16:56:05.315 [info] > git ls-files --stage -- scripts/configure-zsh.sh [1ms]
2025-08-03 16:56:05.330 [info] > git cat-file -s dd302da030b97e85965c665c14b832a43a5343e6 [7ms]
2025-08-03 16:56:05.331 [info] > git for-each-ref --format=%(refname)%00%(upstream:short)%00%(objectname)%00%(upstream:track)%00%(upstream:remotename)%00%(upstream:remoteref) refs/heads/master refs/remotes/master [1ms]
2025-08-03 16:56:05.356 [info] > git show --textconv :scripts/configure-zsh.sh [17ms]
2025-08-03 16:56:05.356 [info] > git status -z -uall [8ms]
2025-08-03 16:56:05.357 [info] > git for-each-ref --sort -committerdate --format %(refname)%00%(objectname)%00%(*objectname) [1ms]
2025-08-03 16:56:05.376 [info] > git merge-base refs/heads/master refs/remotes/origin/master [2ms]
2025-08-03 16:56:05.383 [info] > git blame --root --incremental 86ccfb51d6118af707276b0d5dae92ed7ac48e57 -- scripts/configure-zsh.sh [17ms]
2025-08-03 16:56:05.384 [info] > git diff --name-status -z --diff-filter=ADMR 86ccfb51d6118af707276b0d5dae92ed7ac48e57...refs/remotes/origin/master [1ms]
2025-08-03 16:56:05.827 [info] > git fetch [530ms]
2025-08-03 16:56:05.843 [info] > git config --get commit.template [8ms]
2025-08-03 16:56:05.843 [info] > git for-each-ref --format=%(refname)%00%(upstream:short)%00%(objectname)%00%(upstream:track)%00%(upstream:remotename)%00%(upstream:remoteref) refs/heads/master refs/remotes/master [1ms]
2025-08-03 16:56:05.860 [info] > git status -z -uall [9ms]
2025-08-03 16:56:05.860 [info] > git for-each-ref --sort -committerdate --format %(refname)%00%(objectname)%00%(*objectname) [1ms]
2025-08-03 16:56:07.061 [info] > git ls-files --stage -- scripts/configure-zsh.sh [1ms]
2025-08-03 16:56:07.069 [info] > git cat-file -s dd302da030b97e85965c665c14b832a43a5343e6 [1ms]
2025-08-03 16:56:07.078 [info] > git show --textconv :scripts/configure-zsh.sh [1ms]
