2025-08-03 16:18:13.100 [info] Reading sessions from keychain...
2025-08-03 16:18:13.100 [info] Getting sessions for all scopes...
2025-08-03 16:18:13.105 [info] Got stored sessions!
2025-08-03 16:18:13.105 [info] Got 1 verified sessions.
2025-08-03 16:18:13.105 [info] Got 1 sessions for ...
2025-08-03 16:18:13.105 [info] Getting sessions for all scopes...
2025-08-03 16:18:13.105 [info] Got 1 sessions for ...
2025-08-03 16:18:13.105 [info] Getting sessions for all scopes...
2025-08-03 16:18:13.105 [info] Got 1 sessions for ...
2025-08-03 16:18:13.105 [info] Getting sessions for all scopes...
2025-08-03 16:18:13.105 [info] Got 1 sessions for ...
2025-08-03 16:18:13.105 [info] Getting sessions for all scopes...
2025-08-03 16:18:13.105 [info] Got 1 sessions for ...
2025-08-03 16:18:13.105 [info] Getting sessions for all scopes...
2025-08-03 16:18:13.105 [info] Got 1 sessions for ...
2025-08-03 16:18:13.105 [info] Getting sessions for all scopes...
2025-08-03 16:18:13.105 [info] Got 1 sessions for ...
2025-08-03 16:18:13.105 [info] Getting sessions for all scopes...
2025-08-03 16:18:13.105 [info] Got 1 sessions for ...
2025-08-03 16:18:13.106 [info] Getting sessions for all scopes...
2025-08-03 16:18:13.106 [info] Got 1 sessions for ...
2025-08-03 16:18:13.106 [info] Getting sessions for all scopes...
2025-08-03 16:18:13.106 [info] Got 1 sessions for ...
2025-08-03 16:18:13.106 [info] Getting sessions for all scopes...
2025-08-03 16:18:13.106 [info] Got 1 sessions for ...
2025-08-03 16:18:13.106 [info] Getting sessions for all scopes...
2025-08-03 16:18:13.106 [info] Got 1 sessions for ...
2025-08-03 16:18:13.106 [info] Getting sessions for all scopes...
2025-08-03 16:18:13.106 [info] Got 1 sessions for ...
2025-08-03 16:18:13.133 [info] Getting sessions for all scopes...
2025-08-03 16:18:13.133 [info] Got 1 sessions for ...
2025-08-03 16:18:13.311 [info] Getting sessions for user:email...
2025-08-03 16:18:13.311 [info] Got 1 sessions for user:email...
2025-08-03 16:18:13.377 [info] Getting sessions for all scopes...
2025-08-03 16:18:13.377 [info] Got 1 sessions for ...
2025-08-03 16:18:15.155 [info] Getting sessions for all scopes...
2025-08-03 16:18:15.155 [info] Got 1 sessions for ...
2025-08-03 16:18:15.155 [info] Getting sessions for all scopes...
2025-08-03 16:18:15.155 [info] Got 1 sessions for ...
2025-08-03 16:18:15.155 [info] Getting sessions for all scopes...
2025-08-03 16:18:15.155 [info] Got 1 sessions for ...
2025-08-03 16:18:15.823 [info] Getting sessions for all scopes...
2025-08-03 16:18:15.823 [info] Got 1 sessions for ...
