2025-08-03 20:29:05.874 [info] [main] Log level: Info
2025-08-03 20:29:05.874 [info] [main] Validating found git in: "git"
2025-08-03 20:29:05.874 [info] [main] Using git "2.43.0" from "git"
2025-08-03 20:29:05.874 [info] [Model][doInitialScan] Initial repository scan started
2025-08-03 20:29:05.874 [info] > git rev-parse --show-toplevel [7ms]
2025-08-03 20:29:05.874 [info] > git rev-parse --git-dir --git-common-dir [20ms]
2025-08-03 20:29:05.874 [info] [Model][openRepository] Opened repository (path): /home/izzy/Documents/dotfiles
2025-08-03 20:29:05.874 [info] [Model][openRepository] Opened repository (real path): /home/izzy/Documents/dotfiles
2025-08-03 20:29:05.885 [info] > git rev-parse --show-toplevel [143ms]
2025-08-03 20:29:05.885 [info] > git config --get commit.template [148ms]
2025-08-03 20:29:05.950 [info] > git rev-parse --show-toplevel [27ms]
2025-08-03 20:29:05.973 [info] > git for-each-ref --format=%(refname)%00%(upstream:short)%00%(objectname)%00%(upstream:track)%00%(upstream:remotename)%00%(upstream:remoteref) refs/heads/master refs/remotes/master [25ms]
2025-08-03 20:29:06.002 [info] > git rev-parse --show-toplevel [30ms]
2025-08-03 20:29:06.002 [info] [Model][doInitialScan] Initial repository scan completed - repositories (1), closed repositories (0), parent repositories (0), unsafe repositories (0)
2025-08-03 20:29:06.079 [info] > git status -z -uall [16ms]
2025-08-03 20:29:06.079 [info] > git for-each-ref --sort -committerdate --format %(refname)%00%(objectname)%00%(*objectname) [8ms]
2025-08-03 20:29:06.108 [info] > git for-each-ref --format=%(refname)%00%(upstream:short)%00%(objectname)%00%(upstream:track)%00%(upstream:remotename)%00%(upstream:remoteref) refs/heads/master refs/remotes/master [19ms]
2025-08-03 20:29:06.203 [info] > git config --get --local branch.master.vscode-merge-base [88ms]
2025-08-03 20:29:06.212 [info] > git config --get commit.template [105ms]
2025-08-03 20:29:06.231 [info] > git for-each-ref --format=%(refname)%00%(upstream:short)%00%(objectname)%00%(upstream:track)%00%(upstream:remotename)%00%(upstream:remoteref) refs/heads/origin/master refs/remotes/origin/master [19ms]
2025-08-03 20:29:06.249 [info] > git merge-base refs/heads/master refs/remotes/origin/master [10ms]
2025-08-03 20:29:06.280 [info] > git diff --name-status -z --diff-filter=ADMR f75f4a9bbe263cd8c88b424e8167a305b3ecad60...refs/remotes/origin/master [24ms]
2025-08-03 20:29:06.281 [info] > git for-each-ref --format=%(refname)%00%(upstream:short)%00%(objectname)%00%(upstream:track)%00%(upstream:remotename)%00%(upstream:remoteref) refs/heads/master refs/remotes/master [33ms]
2025-08-03 20:29:06.304 [info] > git status -z -uall [11ms]
2025-08-03 20:29:06.305 [info] > git for-each-ref --sort -committerdate --format %(refname)%00%(objectname)%00%(*objectname) [2ms]
2025-08-03 20:29:18.673 [info] > git check-ignore -v -z --stdin [2ms]
2025-08-03 20:31:44.045 [info] > git config --get commit.template [3ms]
2025-08-03 20:31:44.063 [info] > git for-each-ref --format=%(refname)%00%(upstream:short)%00%(objectname)%00%(upstream:track)%00%(upstream:remotename)%00%(upstream:remoteref) refs/heads/master refs/remotes/master [7ms]
2025-08-03 20:31:44.081 [info] > git status -z -uall [9ms]
2025-08-03 20:31:44.082 [info] > git for-each-ref --sort -committerdate --format %(refname)%00%(objectname)%00%(*objectname) [2ms]
2025-08-03 20:31:44.583 [info] > git fetch [553ms]
2025-08-03 20:31:44.592 [info] > git config --get commit.template [1ms]
2025-08-03 20:31:44.601 [info] > git for-each-ref --format=%(refname)%00%(upstream:short)%00%(objectname)%00%(upstream:track)%00%(upstream:remotename)%00%(upstream:remoteref) refs/heads/master refs/remotes/master [1ms]
2025-08-03 20:31:44.616 [info] > git status -z -uall [8ms]
2025-08-03 20:31:44.617 [info] > git for-each-ref --sort -committerdate --format %(refname)%00%(objectname)%00%(*objectname) [1ms]
2025-08-03 20:31:45.673 [info] > git config --get commit.template [7ms]
2025-08-03 20:31:45.674 [info] > git for-each-ref --format=%(refname)%00%(upstream:short)%00%(objectname)%00%(upstream:track)%00%(upstream:remotename)%00%(upstream:remoteref) refs/heads/master refs/remotes/master [1ms]
2025-08-03 20:31:45.689 [info] > git status -z -uall [8ms]
2025-08-03 20:31:45.689 [info] > git for-each-ref --sort -committerdate --format %(refname)%00%(objectname)%00%(*objectname) [2ms]
