2025-08-03 16:18:15.300 [info] Starting Python Locator /home/izzy/.vscode/extensions/ms-python.vscode-python-envs-1.2.0-linux-x64/python-env-tools/bin/pet server
2025-08-03 16:18:15.343 [info] Discovered env: /bin/python3
2025-08-03 16:18:15.343 [info] Discovered env: /usr/bin/python3
2025-08-03 16:18:15.343 [info] Locator Conda took 23.84842ms
2025-08-03 16:18:15.343 [info] Locator Homebrew took 158.893µs
2025-08-03 16:18:15.343 [info] Locator LinuxGlobal took 25.419225ms
2025-08-03 16:18:15.343 [info] Locator PipEnv took 28.413µs
2025-08-03 16:18:15.343 [info] Locator Pixi took 21.82µs
2025-08-03 16:18:15.344 [info] Locator Poetry took 131.813µs
2025-08-03 16:18:15.344 [info] Locator PyEnv took 224.143µs
2025-08-03 16:18:15.344 [info] Locator Venv took 10.74µs
2025-08-03 16:18:15.344 [info] Locator VirtualEnv took 15.478µs
2025-08-03 16:18:15.344 [info] Locator VirtualEnvWrapper took 16.039µs
2025-08-03 16:18:15.344 [info] Locator GlobalVirtualEnvs took 206.59µs
2025-08-03 16:18:15.344 [info] Locator Locators took 26.151474ms
2025-08-03 16:18:15.344 [info] Locator Path took 36.882801ms
2025-08-03 16:18:15.344 [info] Locator Workspaces took 1.302µs
2025-08-03 16:18:15.346 [info] Telemetry:  {"event":"RefreshPerformance","data":{"refreshPerformance":{"total":36,"breakdown":{"GlobalVirtualEnvs":0,"Locators":26,"Path":36,"Workspaces":0},"locators":{"Conda":23,"Homebrew":0,"LinuxGlobal":25,"PipEnv":0,"Pixi":0,"Poetry":0,"PyEnv":0,"Venv":0,"VirtualEnv":0,"VirtualEnvWrapper":0}}}}
2025-08-03 16:18:15.346 [info] Locator GlobalVirtualEnvs took 190ns
2025-08-03 16:18:15.346 [info] Locator Locators took 310ns
2025-08-03 16:18:15.346 [info] Locator Path took 180ns
2025-08-03 16:18:15.346 [info] Locator Workspaces took 541ns
2025-08-03 16:18:15.348 [info] Telemetry:  {"event":"RefreshPerformance","data":{"refreshPerformance":{"total":0,"breakdown":{"GlobalVirtualEnvs":0,"Locators":0,"Path":0,"Workspaces":0},"locators":{}}}}
2025-08-03 16:18:15.374 [info] Discovered env: /bin/python3
2025-08-03 16:18:15.375 [info] Discovered env: /usr/bin/python3
2025-08-03 16:18:15.385 [info] Locator Conda took 22.174425ms
2025-08-03 16:18:15.385 [info] Locator Homebrew took 66.983µs
2025-08-03 16:18:15.385 [info] Locator LinuxGlobal took 25.733394ms
2025-08-03 16:18:15.385 [info] Locator PipEnv took 51.565µs
2025-08-03 16:18:15.385 [info] Locator Pixi took 26.198µs
2025-08-03 16:18:15.385 [info] Locator Poetry took 48.93µs
2025-08-03 16:18:15.385 [info] Locator PyEnv took 122.987µs
2025-08-03 16:18:15.385 [info] Locator Venv took 163.12µs
2025-08-03 16:18:15.385 [info] Locator VirtualEnv took 22.18µs
2025-08-03 16:18:15.385 [info] Locator VirtualEnvWrapper took 25.948µs
2025-08-03 16:18:15.385 [info] Locator GlobalVirtualEnvs took 95.086µs
2025-08-03 16:18:15.385 [info] Locator Locators took 26.723578ms
2025-08-03 16:18:15.385 [info] Locator Path took 36.794247ms
2025-08-03 16:18:15.385 [info] Locator Workspaces took 721ns
2025-08-03 16:18:15.387 [info] Conda not found, turning off conda features. Error: Conda not found
    at A (/home/izzy/.vscode/extensions/ms-python.vscode-python-envs-1.2.0-linux-x64/dist/extension.js:2:504122)
    at D (/home/izzy/.vscode/extensions/ms-python.vscode-python-envs-1.2.0-linux-x64/dist/extension.js:2:504247)
    at t.registerCondaFeatures (/home/izzy/.vscode/extensions/ms-python.vscode-python-envs-1.2.0-linux-x64/dist/extension.js:2:520870)
    at async Promise.all (index 1)
    at Immediate.<anonymous> (/home/izzy/.vscode/extensions/ms-python.vscode-python-envs-1.2.0-linux-x64/dist/extension.js:2:629562)
2025-08-03 16:18:15.387 [info] Telemetry:  {"event":"RefreshPerformance","data":{"refreshPerformance":{"total":36,"breakdown":{"GlobalVirtualEnvs":0,"Locators":26,"Path":36,"Workspaces":0},"locators":{"Conda":22,"Homebrew":0,"LinuxGlobal":25,"PipEnv":0,"Pixi":0,"Poetry":0,"PyEnv":0,"Venv":0,"VirtualEnv":0,"VirtualEnvWrapper":0}}}}
2025-08-03 16:18:15.413 [info] Discovered env: /bin/python3
2025-08-03 16:18:15.414 [info] Discovered env: /usr/bin/python3
2025-08-03 16:18:15.424 [info] Locator Conda took 24.91217ms
2025-08-03 16:18:15.424 [info] Locator Homebrew took 44.842µs
2025-08-03 16:18:15.425 [info] Locator LinuxGlobal took 26.290139ms
2025-08-03 16:18:15.425 [info] Locator PipEnv took 19.526µs
2025-08-03 16:18:15.425 [info] Locator Pixi took 25.186µs
2025-08-03 16:18:15.425 [info] Locator Poetry took 76.922µs
2025-08-03 16:18:15.425 [info] Locator PyEnv took 107.709µs
2025-08-03 16:18:15.425 [info] Locator Venv took 24.224µs
2025-08-03 16:18:15.425 [info] Locator VirtualEnv took 16.17µs
2025-08-03 16:18:15.425 [info] Locator VirtualEnvWrapper took 69.217µs
2025-08-03 16:18:15.425 [info] Locator GlobalVirtualEnvs took 35.225µs
2025-08-03 16:18:15.425 [info] Locator Locators took 27.420182ms
2025-08-03 16:18:15.425 [info] Locator Path took 37.188344ms
2025-08-03 16:18:15.425 [info] Locator Workspaces took 871ns
2025-08-03 16:18:15.425 [info] Pyenv not found, turning off pyenv features.
2025-08-03 16:18:15.425 [info] Telemetry:  {"event":"RefreshPerformance","data":{"refreshPerformance":{"total":37,"breakdown":{"GlobalVirtualEnvs":0,"Locators":27,"Path":37,"Workspaces":0},"locators":{"Conda":24,"Homebrew":0,"LinuxGlobal":26,"PipEnv":0,"Pixi":0,"Poetry":0,"PyEnv":0,"Venv":0,"VirtualEnv":0,"VirtualEnvWrapper":0}}}}
2025-08-03 16:18:15.450 [info] Discovered env: /bin/python3
2025-08-03 16:18:15.450 [info] Discovered env: /usr/bin/python3
2025-08-03 16:18:15.461 [info] Locator Conda took 23.605302ms
2025-08-03 16:18:15.461 [info] Locator Homebrew took 123.828µs
2025-08-03 16:18:15.461 [info] Locator LinuxGlobal took 24.261542ms
2025-08-03 16:18:15.461 [info] Locator PipEnv took 8.636µs
2025-08-03 16:18:15.461 [info] Locator Pixi took 63.087µs
2025-08-03 16:18:15.461 [info] Locator Poetry took 45.784µs
2025-08-03 16:18:15.461 [info] Locator PyEnv took 127.245µs
2025-08-03 16:18:15.461 [info] Locator Venv took 8.656µs
2025-08-03 16:18:15.461 [info] Locator VirtualEnv took 11.15µs
2025-08-03 16:18:15.461 [info] Locator VirtualEnvWrapper took 16.47µs
2025-08-03 16:18:15.461 [info] Locator GlobalVirtualEnvs took 82.663µs
2025-08-03 16:18:15.461 [info] Locator Locators took 25.113612ms
2025-08-03 16:18:15.461 [info] Locator Path took 34.860594ms
2025-08-03 16:18:15.461 [info] Locator Workspaces took 2.094µs
2025-08-03 16:18:15.463 [info] Telemetry:  {"event":"RefreshPerformance","data":{"refreshPerformance":{"total":34,"breakdown":{"GlobalVirtualEnvs":0,"Locators":25,"Path":34,"Workspaces":0},"locators":{"Conda":23,"Homebrew":0,"LinuxGlobal":24,"PipEnv":0,"Pixi":0,"Poetry":0,"PyEnv":0,"Venv":0,"VirtualEnv":0,"VirtualEnvWrapper":0}}}}
2025-08-03 16:18:15.463 [info] Locator GlobalVirtualEnvs took 120ns
2025-08-03 16:18:15.463 [info] Locator Locators took 220ns
2025-08-03 16:18:15.463 [info] Locator Path took 121ns
2025-08-03 16:18:15.463 [info] Locator Workspaces took 291ns
2025-08-03 16:18:15.466 [info] Python API: Changed environment from undefined to Python 3.12.3 for: global
2025-08-03 16:18:15.466 [info] Internal: Changed environment from undefined to Python 3.12.3 for: global
2025-08-03 16:18:15.466 [info] Telemetry:  {"event":"RefreshPerformance","data":{"refreshPerformance":{"total":0,"breakdown":{"GlobalVirtualEnvs":0,"Locators":0,"Path":0,"Workspaces":0},"locators":{}}}}
