2025-08-03 16:18:41.274 [info] Reading sessions from keychain...
2025-08-03 16:18:41.274 [info] Getting sessions for all scopes...
2025-08-03 16:18:41.304 [info] Got stored sessions!
2025-08-03 16:18:41.304 [info] Got 1 verified sessions.
2025-08-03 16:18:41.304 [info] Got 1 sessions for ...
2025-08-03 16:18:41.304 [info] Getting sessions for all scopes...
2025-08-03 16:18:41.304 [info] Got 1 sessions for ...
2025-08-03 16:18:41.304 [info] Getting sessions for all scopes...
2025-08-03 16:18:41.304 [info] Got 1 sessions for ...
2025-08-03 16:18:41.304 [info] Getting sessions for all scopes...
2025-08-03 16:18:41.304 [info] Got 1 sessions for ...
2025-08-03 16:18:41.304 [info] Getting sessions for all scopes...
2025-08-03 16:18:41.304 [info] Got 1 sessions for ...
2025-08-03 16:18:41.304 [info] Getting sessions for all scopes...
2025-08-03 16:18:41.304 [info] Got 1 sessions for ...
2025-08-03 16:18:41.304 [info] Getting sessions for all scopes...
2025-08-03 16:18:41.304 [info] Got 1 sessions for ...
2025-08-03 16:18:41.304 [info] Getting sessions for all scopes...
2025-08-03 16:18:41.304 [info] Got 1 sessions for ...
2025-08-03 16:18:41.304 [info] Getting sessions for all scopes...
2025-08-03 16:18:41.304 [info] Got 1 sessions for ...
2025-08-03 16:18:41.331 [info] Getting sessions for all scopes...
2025-08-03 16:18:41.331 [info] Got 1 sessions for ...
2025-08-03 16:18:41.332 [info] Getting sessions for all scopes...
2025-08-03 16:18:41.332 [info] Got 1 sessions for ...
2025-08-03 16:18:41.332 [info] Getting sessions for all scopes...
2025-08-03 16:18:41.332 [info] Got 1 sessions for ...
2025-08-03 16:18:41.332 [info] Getting sessions for all scopes...
2025-08-03 16:18:41.332 [info] Got 1 sessions for ...
2025-08-03 16:18:41.332 [info] Getting sessions for all scopes...
2025-08-03 16:18:41.332 [info] Got 1 sessions for ...
2025-08-03 16:18:41.332 [info] Getting sessions for all scopes...
2025-08-03 16:18:41.332 [info] Got 1 sessions for ...
2025-08-03 16:18:41.602 [info] Getting sessions for user:email...
2025-08-03 16:18:41.602 [info] Got 1 sessions for user:email...
2025-08-03 16:18:41.662 [info] Getting sessions for all scopes...
2025-08-03 16:18:41.662 [info] Got 1 sessions for ...
2025-08-03 16:18:43.425 [info] Getting sessions for all scopes...
2025-08-03 16:18:43.425 [info] Got 1 sessions for ...
2025-08-03 16:18:43.425 [info] Getting sessions for all scopes...
2025-08-03 16:18:43.425 [info] Got 1 sessions for ...
2025-08-03 16:18:43.426 [info] Getting sessions for all scopes...
2025-08-03 16:18:43.426 [info] Got 1 sessions for ...
2025-08-03 16:18:44.014 [info] Getting sessions for all scopes...
2025-08-03 16:18:44.014 [info] Got 1 sessions for ...
