2025-08-03 16:18:43.575 [info] Starting Python Locator /home/izzy/.vscode/extensions/ms-python.vscode-python-envs-1.2.0-linux-x64/python-env-tools/bin/pet server
2025-08-03 16:18:43.624 [info] Discovered env: /bin/python3
2025-08-03 16:18:43.624 [info] Discovered env: /usr/bin/python3
2025-08-03 16:18:43.625 [info] Locator Conda took 24.66587ms
2025-08-03 16:18:43.625 [info] Locator Homebrew took 357.659µs
2025-08-03 16:18:43.625 [info] Locator LinuxGlobal took 28.006837ms
2025-08-03 16:18:43.625 [info] Locator PipEnv took 12.563µs
2025-08-03 16:18:43.625 [info] Locator Pixi took 43.029µs
2025-08-03 16:18:43.625 [info] Locator Poetry took 63.647µs
2025-08-03 16:18:43.625 [info] Locator PyEnv took 170.183µs
2025-08-03 16:18:43.625 [info] Locator Venv took 20.498µs
2025-08-03 16:18:43.625 [info] Locator VirtualEnv took 247.266µs
2025-08-03 16:18:43.625 [info] Locator VirtualEnvWrapper took 33.742µs
2025-08-03 16:18:43.625 [info] Locator GlobalVirtualEnvs took 46.736µs
2025-08-03 16:18:43.625 [info] Locator Locators took 28.940388ms
2025-08-03 16:18:43.625 [info] Locator Path took 39.868378ms
2025-08-03 16:18:43.625 [info] Locator Workspaces took 1.012µs
2025-08-03 16:18:43.629 [info] Telemetry:  {"event":"RefreshPerformance","data":{"refreshPerformance":{"total":39,"breakdown":{"GlobalVirtualEnvs":0,"Locators":28,"Path":39,"Workspaces":0},"locators":{"Conda":24,"Homebrew":0,"LinuxGlobal":28,"PipEnv":0,"Pixi":0,"Poetry":0,"PyEnv":0,"Venv":0,"VirtualEnv":0,"VirtualEnvWrapper":0}}}}
2025-08-03 16:18:43.629 [info] Locator GlobalVirtualEnvs took 120ns
2025-08-03 16:18:43.629 [info] Locator Locators took 241ns
2025-08-03 16:18:43.629 [info] Locator Path took 110ns
2025-08-03 16:18:43.629 [info] Locator Workspaces took 361ns
2025-08-03 16:18:43.631 [info] Telemetry:  {"event":"RefreshPerformance","data":{"refreshPerformance":{"total":0,"breakdown":{"GlobalVirtualEnvs":0,"Locators":0,"Path":0,"Workspaces":0},"locators":{}}}}
2025-08-03 16:18:43.631 [info] Locator GlobalVirtualEnvs took 300ns
2025-08-03 16:18:43.632 [info] Locator Locators took 241ns
2025-08-03 16:18:43.632 [info] Locator Path took 150ns
2025-08-03 16:18:43.632 [info] Locator Workspaces took 411ns
2025-08-03 16:18:43.635 [info] Python API: Changed environment from undefined to Python 3.12.3 for: global
2025-08-03 16:18:43.635 [info] Internal: Changed environment from undefined to Python 3.12.3 for: global
2025-08-03 16:18:43.635 [info] Telemetry:  {"event":"RefreshPerformance","data":{"refreshPerformance":{"total":0,"breakdown":{"GlobalVirtualEnvs":0,"Locators":0,"Path":0,"Workspaces":0},"locators":{}}}}
2025-08-03 16:18:44.013 [info] Discovered env: /usr/bin/python3
2025-08-03 16:18:44.014 [info] Discovered env: /bin/python3
2025-08-03 16:18:44.016 [info] Locator Conda took 23.719446ms
2025-08-03 16:18:44.016 [info] Locator Homebrew took 131.663µs
2025-08-03 16:18:44.017 [info] Locator LinuxGlobal took 24.864576ms
2025-08-03 16:18:44.017 [info] Locator PipEnv took 13.616µs
2025-08-03 16:18:44.017 [info] Locator Pixi took 136.712µs
2025-08-03 16:18:44.017 [info] Locator Poetry took 59.319µs
2025-08-03 16:18:44.017 [info] Locator PyEnv took 150.177µs
2025-08-03 16:18:44.017 [info] Locator Venv took 12.934µs
2025-08-03 16:18:44.017 [info] Locator VirtualEnv took 24.345µs
2025-08-03 16:18:44.017 [info] Locator VirtualEnvWrapper took 13.245µs
2025-08-03 16:18:44.017 [info] Locator GlobalVirtualEnvs took 78.555µs
2025-08-03 16:18:44.017 [info] Locator Locators took 26.138023ms
2025-08-03 16:18:44.017 [info] Locator Path took 36.760851ms
2025-08-03 16:18:44.017 [info] Locator Workspaces took 491ns
2025-08-03 16:18:44.019 [info] Conda not found, turning off conda features. Error: Conda not found
    at A (/home/izzy/.vscode/extensions/ms-python.vscode-python-envs-1.2.0-linux-x64/dist/extension.js:2:504122)
    at D (/home/izzy/.vscode/extensions/ms-python.vscode-python-envs-1.2.0-linux-x64/dist/extension.js:2:504247)
    at t.registerCondaFeatures (/home/izzy/.vscode/extensions/ms-python.vscode-python-envs-1.2.0-linux-x64/dist/extension.js:2:520870)
    at async Promise.all (index 1)
    at Immediate.<anonymous> (/home/izzy/.vscode/extensions/ms-python.vscode-python-envs-1.2.0-linux-x64/dist/extension.js:2:629562)
2025-08-03 16:18:44.019 [info] Telemetry:  {"event":"RefreshPerformance","data":{"refreshPerformance":{"total":36,"breakdown":{"GlobalVirtualEnvs":0,"Locators":26,"Path":36,"Workspaces":0},"locators":{"Conda":23,"Homebrew":0,"LinuxGlobal":24,"PipEnv":0,"Pixi":0,"Poetry":0,"PyEnv":0,"Venv":0,"VirtualEnv":0,"VirtualEnvWrapper":0}}}}
2025-08-03 16:18:44.051 [info] Discovered env: /bin/python3
2025-08-03 16:18:44.051 [info] Discovered env: /usr/bin/python3
2025-08-03 16:18:44.055 [info] Locator Conda took 22.631791ms
2025-08-03 16:18:44.055 [info] Locator Homebrew took 79.036µs
2025-08-03 16:18:44.055 [info] Locator LinuxGlobal took 25.191799ms
2025-08-03 16:18:44.055 [info] Locator PipEnv took 53.308µs
2025-08-03 16:18:44.055 [info] Locator Pixi took 29.053µs
2025-08-03 16:18:44.055 [info] Locator Poetry took 137.905µs
2025-08-03 16:18:44.055 [info] Locator PyEnv took 195.981µs
2025-08-03 16:18:44.055 [info] Locator Venv took 15.9µs
2025-08-03 16:18:44.055 [info] Locator VirtualEnv took 26.409µs
2025-08-03 16:18:44.056 [info] Locator VirtualEnvWrapper took 27.07µs
2025-08-03 16:18:44.056 [info] Locator GlobalVirtualEnvs took 155.316µs
2025-08-03 16:18:44.056 [info] Locator Locators took 26.004487ms
2025-08-03 16:18:44.056 [info] Locator Path took 36.174721ms
2025-08-03 16:18:44.056 [info] Locator Workspaces took 13.495µs
2025-08-03 16:18:44.056 [info] Pyenv not found, turning off pyenv features.
2025-08-03 16:18:44.056 [info] Telemetry:  {"event":"RefreshPerformance","data":{"refreshPerformance":{"total":36,"breakdown":{"GlobalVirtualEnvs":0,"Locators":26,"Path":36,"Workspaces":0},"locators":{"Conda":22,"Homebrew":0,"LinuxGlobal":25,"PipEnv":0,"Pixi":0,"Poetry":0,"PyEnv":0,"Venv":0,"VirtualEnv":0,"VirtualEnvWrapper":0}}}}
2025-08-03 16:18:44.081 [info] Discovered env: /usr/bin/python3
2025-08-03 16:18:44.081 [info] Discovered env: /bin/python3
2025-08-03 16:18:44.090 [info] Locator Conda took 22.120418ms
2025-08-03 16:18:44.090 [info] Locator Homebrew took 98.662µs
2025-08-03 16:18:44.090 [info] Locator LinuxGlobal took 23.669804ms
2025-08-03 16:18:44.090 [info] Locator PipEnv took 19.796µs
2025-08-03 16:18:44.090 [info] Locator Pixi took 16.65µs
2025-08-03 16:18:44.090 [info] Locator Poetry took 142.072µs
2025-08-03 16:18:44.090 [info] Locator PyEnv took 109.311µs
2025-08-03 16:18:44.090 [info] Locator Venv took 27.29µs
2025-08-03 16:18:44.090 [info] Locator VirtualEnv took 55.612µs
2025-08-03 16:18:44.090 [info] Locator VirtualEnvWrapper took 46.555µs
2025-08-03 16:18:44.090 [info] Locator GlobalVirtualEnvs took 27.792µs
2025-08-03 16:18:44.090 [info] Locator Locators took 24.446625ms
2025-08-03 16:18:44.091 [info] Locator Path took 33.997618ms
2025-08-03 16:18:44.091 [info] Locator Workspaces took 15.899µs
2025-08-03 16:18:44.093 [info] Telemetry:  {"event":"RefreshPerformance","data":{"refreshPerformance":{"total":34,"breakdown":{"GlobalVirtualEnvs":0,"Locators":24,"Path":33,"Workspaces":0},"locators":{"Conda":22,"Homebrew":0,"LinuxGlobal":23,"PipEnv":0,"Pixi":0,"Poetry":0,"PyEnv":0,"Venv":0,"VirtualEnv":0,"VirtualEnvWrapper":0}}}}
