2025-08-03 16:22:52.310 [info] Reading sessions from keychain...
2025-08-03 16:22:52.359 [info] Getting sessions for all scopes...
2025-08-03 16:22:52.437 [info] Got stored sessions!
2025-08-03 16:22:52.437 [info] Got 1 verified sessions.
2025-08-03 16:22:52.437 [info] Got 1 sessions for ...
2025-08-03 16:22:52.437 [info] Getting sessions for all scopes...
2025-08-03 16:22:52.437 [info] Got 1 sessions for ...
2025-08-03 16:22:52.437 [info] Getting sessions for all scopes...
2025-08-03 16:22:52.437 [info] Got 1 sessions for ...
2025-08-03 16:22:52.437 [info] Getting sessions for all scopes...
2025-08-03 16:22:52.437 [info] Got 1 sessions for ...
2025-08-03 16:22:52.437 [info] Getting sessions for all scopes...
2025-08-03 16:22:52.437 [info] Got 1 sessions for ...
2025-08-03 16:22:52.437 [info] Getting sessions for all scopes...
2025-08-03 16:22:52.437 [info] Got 1 sessions for ...
2025-08-03 16:22:52.437 [info] Getting sessions for all scopes...
2025-08-03 16:22:52.437 [info] Got 1 sessions for ...
2025-08-03 16:22:52.445 [info] Getting sessions for all scopes...
2025-08-03 16:22:52.445 [info] Got 1 sessions for ...
2025-08-03 16:22:52.445 [info] Getting sessions for all scopes...
2025-08-03 16:22:52.445 [info] Got 1 sessions for ...
2025-08-03 16:22:52.445 [info] Getting sessions for all scopes...
2025-08-03 16:22:52.445 [info] Got 1 sessions for ...
2025-08-03 16:22:52.445 [info] Getting sessions for all scopes...
2025-08-03 16:22:52.445 [info] Got 1 sessions for ...
2025-08-03 16:22:52.445 [info] Getting sessions for all scopes...
2025-08-03 16:22:52.445 [info] Got 1 sessions for ...
2025-08-03 16:22:52.445 [info] Getting sessions for all scopes...
2025-08-03 16:22:52.445 [info] Got 1 sessions for ...
2025-08-03 16:22:52.708 [info] Getting sessions for all scopes...
2025-08-03 16:22:52.708 [info] Got 1 sessions for ...
2025-08-03 16:22:53.046 [info] Getting sessions for user:email...
2025-08-03 16:22:53.046 [info] Got 1 sessions for user:email...
2025-08-03 16:22:53.305 [info] Getting sessions for all scopes...
2025-08-03 16:22:53.305 [info] Got 1 sessions for ...
2025-08-03 16:22:54.458 [info] Getting sessions for all scopes...
2025-08-03 16:22:54.458 [info] Got 1 sessions for ...
2025-08-03 16:22:54.458 [info] Getting sessions for all scopes...
2025-08-03 16:22:54.458 [info] Got 1 sessions for ...
2025-08-03 16:22:54.458 [info] Getting sessions for all scopes...
2025-08-03 16:22:54.458 [info] Got 1 sessions for ...
2025-08-03 16:22:54.921 [info] Getting sessions for read:user,repo,user:email,workflow...
2025-08-03 16:22:54.921 [info] Got 0 sessions for read:user,repo,user:email,workflow...
2025-08-03 16:22:55.364 [info] Getting sessions for all scopes...
2025-08-03 16:22:55.364 [info] Got 1 sessions for ...
2025-08-03 16:29:19.221 [info] Getting sessions for read:user,repo,user:email,workflow...
2025-08-03 16:29:19.221 [info] Got 0 sessions for read:user,repo,user:email,workflow...
