2025-08-03 16:22:54.814 [info] Starting Python Locator /home/izzy/.vscode/extensions/ms-python.vscode-python-envs-1.2.0-linux-x64/python-env-tools/bin/pet server
2025-08-03 16:22:54.965 [info] Discovered env: /bin/python3
2025-08-03 16:22:54.965 [info] Discovered env: /usr/bin/python3
2025-08-03 16:22:54.966 [info] Locator Conda took 27.723058ms
2025-08-03 16:22:54.966 [info] Locator Homebrew took 366.245µs
2025-08-03 16:22:54.966 [info] Locator LinuxGlobal took 25.834645ms
2025-08-03 16:22:54.966 [info] Locator PipEnv took 80.047µs
2025-08-03 16:22:54.966 [info] Locator Pixi took 53.208µs
2025-08-03 16:22:54.966 [info] Locator Poetry took 404.276µs
2025-08-03 16:22:54.966 [info] Locator PyEnv took 475.166µs
2025-08-03 16:22:54.966 [info] Locator Venv took 58.598µs
2025-08-03 16:22:54.966 [info] Locator VirtualEnv took 54.862µs
2025-08-03 16:22:54.966 [info] Locator VirtualEnvWrapper took 73.756µs
2025-08-03 16:22:54.966 [info] Locator GlobalVirtualEnvs took 181.986µs
2025-08-03 16:22:54.966 [info] Locator Locators took 28.014655ms
2025-08-03 16:22:54.966 [info] Locator Path took 35.026685ms
2025-08-03 16:22:54.966 [info] Locator Workspaces took 1.46976ms
2025-08-03 16:22:54.969 [info] Telemetry:  {"event":"RefreshPerformance","data":{"refreshPerformance":{"total":35,"breakdown":{"GlobalVirtualEnvs":0,"Locators":28,"Path":35,"Workspaces":1},"locators":{"Conda":27,"Homebrew":0,"LinuxGlobal":25,"PipEnv":0,"Pixi":0,"Poetry":0,"PyEnv":0,"Venv":0,"VirtualEnv":0,"VirtualEnvWrapper":0}}}}
2025-08-03 16:22:54.970 [info] Locator GlobalVirtualEnvs took 131ns
2025-08-03 16:22:54.970 [info] Locator Locators took 271ns
2025-08-03 16:22:54.970 [info] Locator Path took 70ns
2025-08-03 16:22:54.970 [info] Locator Workspaces took 303.449µs
2025-08-03 16:22:54.972 [info] Telemetry:  {"event":"RefreshPerformance","data":{"refreshPerformance":{"total":0,"breakdown":{"GlobalVirtualEnvs":0,"Locators":0,"Path":0,"Workspaces":0},"locators":{}}}}
2025-08-03 16:22:54.995 [info] Discovered env: /bin/python3
2025-08-03 16:22:54.995 [info] Discovered env: /usr/bin/python3
2025-08-03 16:22:55.005 [info] Locator Conda took 20.435099ms
2025-08-03 16:22:55.005 [info] Locator Homebrew took 213.814µs
2025-08-03 16:22:55.005 [info] Locator LinuxGlobal took 21.849838ms
2025-08-03 16:22:55.005 [info] Locator PipEnv took 17.903µs
2025-08-03 16:22:55.005 [info] Locator Pixi took 47.858µs
2025-08-03 16:22:55.005 [info] Locator Poetry took 113.379µs
2025-08-03 16:22:55.005 [info] Locator PyEnv took 226.648µs
2025-08-03 16:22:55.005 [info] Locator Venv took 10.639µs
2025-08-03 16:22:55.005 [info] Locator VirtualEnv took 19.536µs
2025-08-03 16:22:55.005 [info] Locator VirtualEnvWrapper took 14.928µs
2025-08-03 16:22:55.005 [info] Locator GlobalVirtualEnvs took 203.065µs
2025-08-03 16:22:55.005 [info] Locator Locators took 22.909141ms
2025-08-03 16:22:55.005 [info] Locator Path took 32.216874ms
2025-08-03 16:22:55.005 [info] Locator Workspaces took 701.043µs
2025-08-03 16:22:55.006 [info] Conda not found, turning off conda features. Error: Conda not found
    at A (/home/izzy/.vscode/extensions/ms-python.vscode-python-envs-1.2.0-linux-x64/dist/extension.js:2:504122)
    at D (/home/izzy/.vscode/extensions/ms-python.vscode-python-envs-1.2.0-linux-x64/dist/extension.js:2:504247)
    at t.registerCondaFeatures (/home/izzy/.vscode/extensions/ms-python.vscode-python-envs-1.2.0-linux-x64/dist/extension.js:2:520870)
    at async Promise.all (index 1)
    at Immediate.<anonymous> (/home/izzy/.vscode/extensions/ms-python.vscode-python-envs-1.2.0-linux-x64/dist/extension.js:2:629562)
2025-08-03 16:22:55.006 [info] Telemetry:  {"event":"RefreshPerformance","data":{"refreshPerformance":{"total":32,"breakdown":{"GlobalVirtualEnvs":0,"Locators":22,"Path":32,"Workspaces":0},"locators":{"Conda":20,"Homebrew":0,"LinuxGlobal":21,"PipEnv":0,"Pixi":0,"Poetry":0,"PyEnv":0,"Venv":0,"VirtualEnv":0,"VirtualEnvWrapper":0}}}}
2025-08-03 16:22:55.006 [info] Locator GlobalVirtualEnvs took 150ns
2025-08-03 16:22:55.006 [info] Locator Locators took 150ns
2025-08-03 16:22:55.006 [info] Locator Path took 191ns
2025-08-03 16:22:55.006 [info] Locator Workspaces took 216.409µs
2025-08-03 16:22:55.010 [info] Python API: Changed environment from undefined to Python 3.12.3 for: global
2025-08-03 16:22:55.010 [info] Internal: Changed environment from undefined to Python 3.12.3 for: global
2025-08-03 16:22:55.011 [info] Python API: Changed environment from undefined to Python 3.12.3 for: /home/izzy/Documents/dotfiles
2025-08-03 16:22:55.011 [info] Internal: Changed environment from undefined to Python 3.12.3 for: /home/izzy/Documents/dotfiles
2025-08-03 16:22:55.011 [info] Telemetry:  {"event":"RefreshPerformance","data":{"refreshPerformance":{"total":0,"breakdown":{"GlobalVirtualEnvs":0,"Locators":0,"Path":0,"Workspaces":0},"locators":{}}}}
2025-08-03 16:22:55.366 [info] Discovered env: /bin/python3
2025-08-03 16:22:55.366 [info] Discovered env: /usr/bin/python3
2025-08-03 16:22:55.366 [info] Locator Conda took 21.072044ms
2025-08-03 16:22:55.366 [info] Locator Homebrew took 130.079µs
2025-08-03 16:22:55.366 [info] Locator LinuxGlobal took 22.672375ms
2025-08-03 16:22:55.366 [info] Locator PipEnv took 72.514µs
2025-08-03 16:22:55.366 [info] Locator Pixi took 167.859µs
2025-08-03 16:22:55.366 [info] Locator Poetry took 155.126µs
2025-08-03 16:22:55.366 [info] Locator PyEnv took 228.742µs
2025-08-03 16:22:55.366 [info] Locator Venv took 36.377µs
2025-08-03 16:22:55.366 [info] Locator VirtualEnv took 16.41µs
2025-08-03 16:22:55.366 [info] Locator VirtualEnvWrapper took 21.35µs
2025-08-03 16:22:55.366 [info] Locator GlobalVirtualEnvs took 201.151µs
2025-08-03 16:22:55.366 [info] Locator Locators took 23.825451ms
2025-08-03 16:22:55.367 [info] Locator Path took 34.041418ms
2025-08-03 16:22:55.367 [info] Locator Workspaces took 1.346954ms
2025-08-03 16:22:55.367 [info] Telemetry:  {"event":"RefreshPerformance","data":{"refreshPerformance":{"total":34,"breakdown":{"GlobalVirtualEnvs":0,"Locators":23,"Path":34,"Workspaces":1},"locators":{"Conda":21,"Homebrew":0,"LinuxGlobal":22,"PipEnv":0,"Pixi":0,"Poetry":0,"PyEnv":0,"Venv":0,"VirtualEnv":0,"VirtualEnvWrapper":0}}}}
2025-08-03 16:22:55.388 [info] Discovered env: /bin/python3
2025-08-03 16:22:55.388 [info] Discovered env: /usr/bin/python3
2025-08-03 16:22:55.397 [info] Locator Conda took 18.004668ms
2025-08-03 16:22:55.397 [info] Locator Homebrew took 73.565µs
2025-08-03 16:22:55.397 [info] Locator LinuxGlobal took 19.794308ms
2025-08-03 16:22:55.397 [info] Locator PipEnv took 57.436µs
2025-08-03 16:22:55.397 [info] Locator Pixi took 31.158µs
2025-08-03 16:22:55.397 [info] Locator Poetry took 116.605µs
2025-08-03 16:22:55.397 [info] Locator PyEnv took 62.095µs
2025-08-03 16:22:55.397 [info] Locator Venv took 64.269µs
2025-08-03 16:22:55.397 [info] Locator VirtualEnv took 23.454µs
2025-08-03 16:22:55.397 [info] Locator VirtualEnvWrapper took 178.178µs
2025-08-03 16:22:55.397 [info] Locator GlobalVirtualEnvs took 100.486µs
2025-08-03 16:22:55.397 [info] Locator Locators took 20.724633ms
2025-08-03 16:22:55.397 [info] Locator Path took 29.739236ms
2025-08-03 16:22:55.397 [info] Locator Workspaces took 777.364µs
2025-08-03 16:22:55.397 [info] Pyenv not found, turning off pyenv features.
2025-08-03 16:22:55.406 [info] Telemetry:  {"event":"RefreshPerformance","data":{"refreshPerformance":{"total":29,"breakdown":{"GlobalVirtualEnvs":0,"Locators":20,"Path":29,"Workspaces":0},"locators":{"Conda":18,"Homebrew":0,"LinuxGlobal":19,"PipEnv":0,"Pixi":0,"Poetry":0,"PyEnv":0,"Venv":0,"VirtualEnv":0,"VirtualEnvWrapper":0}}}}
