2025-08-03 17:02:19.392 [info] Reading sessions from keychain...
2025-08-03 17:02:19.393 [info] Getting sessions for all scopes...
2025-08-03 17:02:19.444 [info] Got stored sessions!
2025-08-03 17:02:19.444 [info] Got 1 verified sessions.
2025-08-03 17:02:19.444 [info] Got 1 sessions for ...
2025-08-03 17:02:19.444 [info] Getting sessions for all scopes...
2025-08-03 17:02:19.444 [info] Got 1 sessions for ...
2025-08-03 17:02:19.444 [info] Getting sessions for all scopes...
2025-08-03 17:02:19.444 [info] Got 1 sessions for ...
2025-08-03 17:02:19.444 [info] Getting sessions for all scopes...
2025-08-03 17:02:19.444 [info] Got 1 sessions for ...
2025-08-03 17:02:19.444 [info] Getting sessions for all scopes...
2025-08-03 17:02:19.444 [info] Got 1 sessions for ...
2025-08-03 17:02:19.444 [info] Getting sessions for all scopes...
2025-08-03 17:02:19.444 [info] Got 1 sessions for ...
2025-08-03 17:02:19.444 [info] Getting sessions for all scopes...
2025-08-03 17:02:19.444 [info] Got 1 sessions for ...
2025-08-03 17:02:19.445 [info] Getting sessions for all scopes...
2025-08-03 17:02:19.445 [info] Got 1 sessions for ...
2025-08-03 17:02:19.445 [info] Getting sessions for all scopes...
2025-08-03 17:02:19.445 [info] Got 1 sessions for ...
2025-08-03 17:02:19.445 [info] Getting sessions for all scopes...
2025-08-03 17:02:19.445 [info] Got 1 sessions for ...
2025-08-03 17:02:19.445 [info] Getting sessions for all scopes...
2025-08-03 17:02:19.445 [info] Got 1 sessions for ...
2025-08-03 17:02:19.445 [info] Getting sessions for all scopes...
2025-08-03 17:02:19.445 [info] Got 1 sessions for ...
2025-08-03 17:02:19.445 [info] Getting sessions for all scopes...
2025-08-03 17:02:19.445 [info] Got 1 sessions for ...
2025-08-03 17:02:19.472 [info] Getting sessions for all scopes...
2025-08-03 17:02:19.472 [info] Got 1 sessions for ...
2025-08-03 17:02:19.876 [info] Getting sessions for user:email...
2025-08-03 17:02:19.876 [info] Got 1 sessions for user:email...
2025-08-03 17:02:19.921 [info] Getting sessions for all scopes...
2025-08-03 17:02:19.921 [info] Got 1 sessions for ...
2025-08-03 17:02:21.534 [info] Getting sessions for all scopes...
2025-08-03 17:02:21.534 [info] Got 1 sessions for ...
2025-08-03 17:02:21.534 [info] Getting sessions for all scopes...
2025-08-03 17:02:21.534 [info] Got 1 sessions for ...
2025-08-03 17:02:21.535 [info] Getting sessions for all scopes...
2025-08-03 17:02:21.535 [info] Got 1 sessions for ...
2025-08-03 17:02:22.106 [info] Getting sessions for read:user,repo,user:email,workflow...
2025-08-03 17:02:22.106 [info] Got 0 sessions for read:user,repo,user:email,workflow...
2025-08-03 17:02:22.536 [info] Getting sessions for all scopes...
2025-08-03 17:02:22.536 [info] Got 1 sessions for ...
