2025-08-03 20:29:06.200 [info] Starting Python Locator /home/izzy/.vscode/extensions/ms-python.vscode-python-envs-1.2.0-linux-x64/python-env-tools/bin/pet server
2025-08-03 20:29:06.308 [info] Discovered env: /bin/python3
2025-08-03 20:29:06.308 [info] Discovered env: /usr/bin/python3
2025-08-03 20:29:06.308 [info] Locator Conda took 21.821043ms
2025-08-03 20:29:06.308 [info] Locator Homebrew took 187.206µs
2025-08-03 20:29:06.308 [info] Locator LinuxGlobal took 24.25147ms
2025-08-03 20:29:06.308 [info] Locator PipEnv took 20.398µs
2025-08-03 20:29:06.308 [info] Locator Pixi took 31.308µs
2025-08-03 20:29:06.308 [info] Locator Poetry took 201.923µs
2025-08-03 20:29:06.308 [info] Locator PyEnv took 245.443µs
2025-08-03 20:29:06.308 [info] Locator Venv took 50.113µs
2025-08-03 20:29:06.308 [info] Locator VirtualEnv took 34.644µs
2025-08-03 20:29:06.308 [info] Locator VirtualEnvWrapper took 14.757µs
2025-08-03 20:29:06.308 [info] Locator GlobalVirtualEnvs took 190.642µs
2025-08-03 20:29:06.308 [info] Locator Locators took 25.130723ms
2025-08-03 20:29:06.309 [info] Locator Path took 34.834147ms
2025-08-03 20:29:06.309 [info] Locator Workspaces took 1.740523ms
2025-08-03 20:29:06.310 [info] Telemetry:  {"event":"RefreshPerformance","data":{"refreshPerformance":{"total":34,"breakdown":{"GlobalVirtualEnvs":0,"Locators":25,"Path":34,"Workspaces":1},"locators":{"Conda":21,"Homebrew":0,"LinuxGlobal":24,"PipEnv":0,"Pixi":0,"Poetry":0,"PyEnv":0,"Venv":0,"VirtualEnv":0,"VirtualEnvWrapper":0}}}}
2025-08-03 20:29:06.312 [info] Locator GlobalVirtualEnvs took 220ns
2025-08-03 20:29:06.312 [info] Locator Locators took 220ns
2025-08-03 20:29:06.312 [info] Locator Path took 60ns
2025-08-03 20:29:06.312 [info] Locator Workspaces took 257.606µs
2025-08-03 20:29:06.314 [info] Telemetry:  {"event":"RefreshPerformance","data":{"refreshPerformance":{"total":0,"breakdown":{"GlobalVirtualEnvs":0,"Locators":0,"Path":0,"Workspaces":0},"locators":{}}}}
2025-08-03 20:29:06.315 [info] Locator GlobalVirtualEnvs took 170ns
2025-08-03 20:29:06.315 [info] Locator Locators took 201ns
2025-08-03 20:29:06.315 [info] Locator Path took 300ns
2025-08-03 20:29:06.315 [info] Locator Workspaces took 278.784µs
2025-08-03 20:29:06.318 [info] Python API: Changed environment from undefined to Python 3.12.3 for: /home/izzy/Documents/dotfiles
2025-08-03 20:29:06.318 [info] Internal: Changed environment from undefined to Python 3.12.3 for: /home/izzy/Documents/dotfiles
2025-08-03 20:29:06.319 [info] Telemetry:  {"event":"RefreshPerformance","data":{"refreshPerformance":{"total":0,"breakdown":{"GlobalVirtualEnvs":0,"Locators":0,"Path":0,"Workspaces":0},"locators":{}}}}
2025-08-03 20:29:06.703 [info] Discovered env: /bin/python3
2025-08-03 20:29:06.703 [info] Discovered env: /usr/bin/python3
2025-08-03 20:29:06.703 [info] Locator Conda took 20.152654ms
2025-08-03 20:29:06.703 [info] Locator Homebrew took 143.785µs
2025-08-03 20:29:06.703 [info] Locator LinuxGlobal took 21.610716ms
2025-08-03 20:29:06.703 [info] Locator PipEnv took 9.237µs
2025-08-03 20:29:06.703 [info] Locator Pixi took 16.01µs
2025-08-03 20:29:06.703 [info] Locator Poetry took 67.334µs
2025-08-03 20:29:06.703 [info] Locator PyEnv took 84.085µs
2025-08-03 20:29:06.703 [info] Locator Venv took 16.841µs
2025-08-03 20:29:06.703 [info] Locator VirtualEnv took 20.007µs
2025-08-03 20:29:06.703 [info] Locator VirtualEnvWrapper took 36.538µs
2025-08-03 20:29:06.703 [info] Locator GlobalVirtualEnvs took 28.632µs
2025-08-03 20:29:06.703 [info] Locator Locators took 22.543969ms
2025-08-03 20:29:06.703 [info] Locator Path took 33.327225ms
2025-08-03 20:29:06.703 [info] Locator Workspaces took 815.706µs
2025-08-03 20:29:06.704 [info] Conda not found, turning off conda features. Error: Conda not found
    at A (/home/izzy/.vscode/extensions/ms-python.vscode-python-envs-1.2.0-linux-x64/dist/extension.js:2:504122)
    at D (/home/izzy/.vscode/extensions/ms-python.vscode-python-envs-1.2.0-linux-x64/dist/extension.js:2:504247)
    at t.registerCondaFeatures (/home/izzy/.vscode/extensions/ms-python.vscode-python-envs-1.2.0-linux-x64/dist/extension.js:2:520870)
    at async Promise.all (index 1)
    at Immediate.<anonymous> (/home/izzy/.vscode/extensions/ms-python.vscode-python-envs-1.2.0-linux-x64/dist/extension.js:2:629562)
2025-08-03 20:29:06.704 [info] Telemetry:  {"event":"RefreshPerformance","data":{"refreshPerformance":{"total":33,"breakdown":{"GlobalVirtualEnvs":0,"Locators":22,"Path":33,"Workspaces":0},"locators":{"Conda":20,"Homebrew":0,"LinuxGlobal":21,"PipEnv":0,"Pixi":0,"Poetry":0,"PyEnv":0,"Venv":0,"VirtualEnv":0,"VirtualEnvWrapper":0}}}}
2025-08-03 20:29:06.726 [info] Discovered env: /bin/python3
2025-08-03 20:29:06.727 [info] Discovered env: /usr/bin/python3
2025-08-03 20:29:06.737 [info] Locator Conda took 19.702031ms
2025-08-03 20:29:06.737 [info] Locator Homebrew took 183.067µs
2025-08-03 20:29:06.737 [info] Locator LinuxGlobal took 21.973335ms
2025-08-03 20:29:06.737 [info] Locator PipEnv took 25.287µs
2025-08-03 20:29:06.737 [info] Locator Pixi took 27.921µs
2025-08-03 20:29:06.737 [info] Locator Poetry took 69.528µs
2025-08-03 20:29:06.737 [info] Locator PyEnv took 70.55µs
2025-08-03 20:29:06.737 [info] Locator Venv took 87.942µs
2025-08-03 20:29:06.737 [info] Locator VirtualEnv took 203.335µs
2025-08-03 20:29:06.737 [info] Locator VirtualEnvWrapper took 21.329µs
2025-08-03 20:29:06.737 [info] Locator GlobalVirtualEnvs took 44.102µs
2025-08-03 20:29:06.737 [info] Locator Locators took 23.013354ms
2025-08-03 20:29:06.737 [info] Locator Path took 32.7608ms
2025-08-03 20:29:06.737 [info] Locator Workspaces took 970.342µs
2025-08-03 20:29:06.737 [info] Pyenv not found, turning off pyenv features.
2025-08-03 20:29:06.737 [info] Telemetry:  {"event":"RefreshPerformance","data":{"refreshPerformance":{"total":32,"breakdown":{"GlobalVirtualEnvs":0,"Locators":23,"Path":32,"Workspaces":0},"locators":{"Conda":19,"Homebrew":0,"LinuxGlobal":21,"PipEnv":0,"Pixi":0,"Poetry":0,"PyEnv":0,"Venv":0,"VirtualEnv":0,"VirtualEnvWrapper":0}}}}
2025-08-03 20:29:06.759 [info] Discovered env: /bin/python3
2025-08-03 20:29:06.760 [info] Discovered env: /usr/bin/python3
2025-08-03 20:29:06.769 [info] Locator Conda took 19.437463ms
2025-08-03 20:29:06.769 [info] Locator Homebrew took 72.784µs
2025-08-03 20:29:06.769 [info] Locator LinuxGlobal took 21.275827ms
2025-08-03 20:29:06.769 [info] Locator PipEnv took 11.501µs
2025-08-03 20:29:06.769 [info] Locator Pixi took 20.177µs
2025-08-03 20:29:06.769 [info] Locator Poetry took 71.472µs
2025-08-03 20:29:06.769 [info] Locator PyEnv took 53.669µs
2025-08-03 20:29:06.769 [info] Locator Venv took 8.105µs
2025-08-03 20:29:06.769 [info] Locator VirtualEnv took 9.547µs
2025-08-03 20:29:06.769 [info] Locator VirtualEnvWrapper took 9.418µs
2025-08-03 20:29:06.769 [info] Locator GlobalVirtualEnvs took 22.612µs
2025-08-03 20:29:06.769 [info] Locator Locators took 22.00343ms
2025-08-03 20:29:06.769 [info] Locator Path took 31.46118ms
2025-08-03 20:29:06.769 [info] Locator Workspaces took 835.823µs
2025-08-03 20:29:06.773 [info] Telemetry:  {"event":"RefreshPerformance","data":{"refreshPerformance":{"total":31,"breakdown":{"GlobalVirtualEnvs":0,"Locators":22,"Path":31,"Workspaces":0},"locators":{"Conda":19,"Homebrew":0,"LinuxGlobal":21,"PipEnv":0,"Pixi":0,"Poetry":0,"PyEnv":0,"Venv":0,"VirtualEnv":0,"VirtualEnvWrapper":0}}}}
