2025-08-03 16:07:45.995 [info] read schema from vscode: vscode://schemas/settings/user
2025-08-03 16:07:46.149 [info] read schema from vscode: vscode://schemas/settings/resourceLanguage
2025-08-03 16:07:46.149 [info] read schema from vscode: vscode://schemas/ignoredSettings
2025-08-03 16:07:46.159 [info] read schema from vscode: vscode://schemas/launch
2025-08-03 16:07:46.166 [info] read schema from vscode: vscode://schemas/token-styling
2025-08-03 16:07:46.166 [info] read schema from vscode: vscode://schemas/textmate-colors
2025-08-03 16:07:46.166 [info] read schema from vscode: vscode://schemas/workbench-colors
2025-08-03 16:07:47.056 [info] schema change detected vscode://schemas/settings/user
2025-08-03 16:07:47.058 [info] read schema from vscode: vscode://schemas/settings/user
2025-08-03 16:10:26.755 [info] schema change detected vscode://schemas/workbench-colors
2025-08-03 16:10:26.756 [info] read schema from vscode: vscode://schemas/settings/user
2025-08-03 16:10:26.859 [info] read schema from vscode: vscode://schemas/workbench-colors
2025-08-03 16:11:13.180 [info] schema change detected vscode://schemas/workbench-colors
2025-08-03 16:11:13.181 [info] read schema from vscode: vscode://schemas/settings/user
2025-08-03 16:11:13.270 [info] read schema from vscode: vscode://schemas/workbench-colors
2025-08-03 16:12:44.318 [info] schema change detected vscode://schemas/workbench-colors
2025-08-03 16:12:44.319 [info] read schema from vscode: vscode://schemas/settings/user
2025-08-03 16:12:44.399 [info] read schema from vscode: vscode://schemas/workbench-colors
2025-08-03 16:13:03.862 [info] schema change detected vscode://schemas/settings/user
2025-08-03 16:13:14.901 [info] read schema from vscode: vscode://schemas/settings/user
2025-08-03 16:13:15.975 [info] schema change detected vscode://schemas/settings/user
2025-08-03 16:13:15.976 [info] read schema from vscode: vscode://schemas/settings/user
2025-08-03 16:13:18.523 [info] schema change detected vscode://schemas/settings/user
2025-08-03 16:14:25.169 [info] schema change detected vscode://schemas/settings/user
2025-08-03 16:14:56.064 [info] schema change detected vscode://schemas/settings/user
2025-08-03 16:15:18.064 [info] schema change detected vscode://schemas/ignoredSettings
2025-08-03 16:15:18.147 [info] schema change detected vscode://schemas/settings/user
2025-08-03 16:15:30.024 [info] schema change detected vscode://schemas/ignoredSettings
2025-08-03 16:15:30.088 [info] schema change detected vscode://schemas/settings/user
