2025-08-03 16:22:52.040 [info] Extension host with pid 349953 started
2025-08-03 16:22:52.040 [info] Skipping acquiring lock for /home/izzy/.config/Code/User/workspaceStorage/afbdd47b7042502a06b77542df2d0afa.
2025-08-03 16:22:52.190 [info] ExtensionService#_doActivateExtension vscode.github-authentication, startup: false, activationEvent: 'onAuthenticationRequest:github'
2025-08-03 16:22:52.206 [info] ExtensionService#_doActivateExtension GrapeCity.gc-excelviewer, startup: false, activationEvent: 'onLanguage:plaintext'
2025-08-03 16:22:52.208 [info] ExtensionService#_doActivateExtension mechatroner.rainbow-csv, startup: false, activationEvent: 'onLanguage:plaintext'
2025-08-03 16:22:52.210 [info] ExtensionService#_doActivateExtension vscode.emmet, startup: false, activationEvent: 'onLanguage'
2025-08-03 16:22:52.219 [info] ExtensionService#_doActivateExtension pflannery.vscode-versionlens, startup: false, activationEvent: 'onLanguage:yaml'
2025-08-03 16:22:53.108 [info] ExtensionService#_doActivateExtension vscode.git-base, startup: true, activationEvent: '*', root cause: vscode.git
2025-08-03 16:22:53.110 [info] ExtensionService#_doActivateExtension christian-kohler.path-intellisense, startup: true, activationEvent: '*'
2025-08-03 16:22:53.115 [info] ExtensionService#_doActivateExtension formulahendry.auto-close-tag, startup: true, activationEvent: '*'
2025-08-03 16:22:53.116 [info] ExtensionService#_doActivateExtension formulahendry.auto-rename-tag, startup: true, activationEvent: '*'
2025-08-03 16:22:53.131 [info] ExtensionService#_doActivateExtension ms-vscode.test-adapter-converter, startup: true, activationEvent: '*', root cause: hbenl.vscode-test-explorer
2025-08-03 16:22:53.134 [info] ExtensionService#_doActivateExtension mhutchie.git-graph, startup: true, activationEvent: '*'
2025-08-03 16:22:53.140 [info] ExtensionService#_doActivateExtension rafamel.subtle-brackets, startup: true, activationEvent: '*'
2025-08-03 16:22:53.147 [info] ExtensionService#_doActivateExtension SirTori.indenticator, startup: true, activationEvent: '*'
2025-08-03 16:22:53.147 [info] ExtensionService#_doActivateExtension zh9528.file-size, startup: true, activationEvent: '*'
2025-08-03 16:22:53.147 [info] ExtensionService#_doActivateExtension Zignd.html-css-class-completion, startup: true, activationEvent: '*'
2025-08-03 16:22:53.204 [info] ExtensionService#_doActivateExtension yzhang.markdown-all-in-one, startup: true, activationEvent: 'workspaceContains:README.md'
2025-08-03 16:22:53.335 [info] ExtensionService#_doActivateExtension vscode.markdown-math, startup: false, activationEvent: 'api', root cause: yzhang.markdown-all-in-one
2025-08-03 16:22:53.342 [info] ExtensionService#_doActivateExtension vscode.git, startup: true, activationEvent: '*'
2025-08-03 16:22:53.370 [info] ExtensionService#_doActivateExtension vscode.github, startup: true, activationEvent: '*'
2025-08-03 16:22:53.386 [info] ExtensionService#_doActivateExtension hbenl.vscode-test-explorer, startup: true, activationEvent: '*'
2025-08-03 16:22:53.432 [info] ExtensionService#_doActivateExtension AykutSarac.jsoncrack-vscode, startup: true, activationEvent: 'workspaceContains:**/*.{json}'
2025-08-03 16:22:53.439 [info] ExtensionService#_doActivateExtension jebbs.plantuml, startup: false, activationEvent: 'api', root cause: yzhang.markdown-all-in-one
2025-08-03 16:22:53.495 [error] Error: spawn java ENOENT
    at Process.ChildProcess._handle.onexit (node:internal/child_process:285:19)
    at onErrorNT (node:internal/child_process:483:16)
    at processTicksAndRejections (node:internal/process/task_queues:90:21)
2025-08-03 16:22:53.495 [info] ExtensionService#_doActivateExtension vscode.configuration-editing, startup: false, activationEvent: 'onLanguage:jsonc'
2025-08-03 16:22:53.499 [info] ExtensionService#_doActivateExtension vscode.json-language-features, startup: false, activationEvent: 'onLanguage:jsonc'
2025-08-03 16:22:53.533 [info] ExtensionService#_doActivateExtension vscode.typescript-language-features, startup: false, activationEvent: 'onLanguage:jsonc'
2025-08-03 16:22:53.639 [info] Eager extensions activated
2025-08-03 16:22:53.643 [info] ExtensionService#_doActivateExtension vscode.debug-auto-launch, startup: false, activationEvent: 'onStartupFinished'
2025-08-03 16:22:53.644 [info] ExtensionService#_doActivateExtension vscode.merge-conflict, startup: false, activationEvent: 'onStartupFinished'
2025-08-03 16:22:53.654 [info] ExtensionService#_doActivateExtension bierner.emojisense, startup: false, activationEvent: 'onStartupFinished'
2025-08-03 16:22:53.660 [info] ExtensionService#_doActivateExtension cweijan.vscode-office, startup: false, activationEvent: 'onStartupFinished'
2025-08-03 16:22:53.767 [info] ExtensionService#_doActivateExtension ecmel.vscode-html-css, startup: false, activationEvent: 'onStartupFinished'
2025-08-03 16:22:53.768 [info] ExtensionService#_doActivateExtension esbenp.prettier-vscode, startup: false, activationEvent: 'onStartupFinished'
2025-08-03 16:22:53.811 [info] ExtensionService#_doActivateExtension formulahendry.code-runner, startup: false, activationEvent: 'onStartupFinished'
2025-08-03 16:22:53.826 [info] ExtensionService#_doActivateExtension ionutvmi.path-autocomplete, startup: false, activationEvent: 'onStartupFinished'
2025-08-03 16:22:53.831 [info] ExtensionService#_doActivateExtension kisstkondoros.vscode-gutter-preview, startup: false, activationEvent: 'onStartupFinished'
2025-08-03 16:22:53.850 [info] ExtensionService#_doActivateExtension ms-python.python, startup: false, activationEvent: 'onStartupFinished', root cause: littlefoxteam.vscode-python-test-adapter
2025-08-03 16:22:53.945 [info] ExtensionService#_doActivateExtension miguelsolorio.symbols, startup: false, activationEvent: 'onStartupFinished'
2025-08-03 16:22:53.948 [info] ExtensionService#_doActivateExtension ms-dotnettools.vscode-dotnet-runtime, startup: false, activationEvent: 'onStartupFinished'
2025-08-03 16:22:54.101 [info] ExtensionService#_doActivateExtension ms-vscode-remote.remote-containers, startup: false, activationEvent: 'onStartupFinished'
2025-08-03 16:22:54.197 [info] ExtensionService#_doActivateExtension ms-vscode-remote.remote-wsl, startup: false, activationEvent: 'onStartupFinished'
2025-08-03 16:22:54.270 [info] ExtensionService#_doActivateExtension naumovs.color-highlight, startup: false, activationEvent: 'onStartupFinished'
2025-08-03 16:22:54.274 [info] ExtensionService#_doActivateExtension PKief.material-icon-theme, startup: false, activationEvent: 'onStartupFinished'
2025-08-03 16:22:54.281 [info] ExtensionService#_doActivateExtension ritwickdey.LiveServer, startup: false, activationEvent: 'onStartupFinished'
2025-08-03 16:22:54.283 [info] ExtensionService#_doActivateExtension shardulm94.trailing-spaces, startup: false, activationEvent: 'onStartupFinished'
2025-08-03 16:22:54.288 [info] ExtensionService#_doActivateExtension usernamehw.errorlens, startup: false, activationEvent: 'onStartupFinished'
2025-08-03 16:22:54.535 [info] ExtensionService#_doActivateExtension ms-python.vscode-python-envs, startup: false, activationEvent: 'api', root cause: ms-python.python
2025-08-03 16:22:54.748 [info] ExtensionService#_doActivateExtension littlefoxteam.vscode-python-test-adapter, startup: false, activationEvent: 'onStartupFinished'
2025-08-03 16:22:55.012 [info] ExtensionService#_doActivateExtension ms-python.vscode-pylance, startup: false, activationEvent: 'api', root cause: ms-python.python
2025-08-03 16:23:01.237 [info] ExtensionService#_doActivateExtension evgeniypeshkov.syntax-highlighter, startup: false, activationEvent: 'onLanguage:shellscript'
2025-08-03 16:27:36.836 [info] ExtensionService#_doActivateExtension yinfei.luahelper, startup: false, activationEvent: 'onLanguage:lua'
2025-08-03 16:28:16.623 [warning] TextEditor is closed/disposed
2025-08-03 16:29:14.426 [warning] TextEditor is closed/disposed
2025-08-03 16:50:43.966 [error] ExtensionError: Error in extension rafamel.subtle-brackets: FAILED to handle event
    at Gh.value (file:///usr/share/code/resources/app/out/vs/workbench/api/node/extensionHostProcess.js:164:103730)
    at $.C (file:///usr/share/code/resources/app/out/vs/workbench/api/node/extensionHostProcess.js:27:2375)
    at $.D (file:///usr/share/code/resources/app/out/vs/workbench/api/node/extensionHostProcess.js:27:2445)
    at $.fire (file:///usr/share/code/resources/app/out/vs/workbench/api/node/extensionHostProcess.js:27:2662)
    at z_.$acceptModelChanged (file:///usr/share/code/resources/app/out/vs/workbench/api/node/extensionHostProcess.js:140:107571)
    at a4.S (file:///usr/share/code/resources/app/out/vs/workbench/api/node/extensionHostProcess.js:29:117864)
    at a4.Q (file:///usr/share/code/resources/app/out/vs/workbench/api/node/extensionHostProcess.js:29:117644)
    at a4.M (file:///usr/share/code/resources/app/out/vs/workbench/api/node/extensionHostProcess.js:29:116733)
    at a4.L (file:///usr/share/code/resources/app/out/vs/workbench/api/node/extensionHostProcess.js:29:115838)
    at Gh.value (file:///usr/share/code/resources/app/out/vs/workbench/api/node/extensionHostProcess.js:29:114635)
    at $.C (file:///usr/share/code/resources/app/out/vs/workbench/api/node/extensionHostProcess.js:27:2375)
    at $.fire (file:///usr/share/code/resources/app/out/vs/workbench/api/node/extensionHostProcess.js:27:2593)
    at ao.fire (file:///usr/share/code/resources/app/out/vs/workbench/api/node/extensionHostProcess.js:29:9459)
    at Gh.value (file:///usr/share/code/resources/app/out/vs/workbench/api/node/extensionHostProcess.js:356:8152)
    at $.C (file:///usr/share/code/resources/app/out/vs/workbench/api/node/extensionHostProcess.js:27:2375)
    at $.fire (file:///usr/share/code/resources/app/out/vs/workbench/api/node/extensionHostProcess.js:27:2593)
    at ao.fire (file:///usr/share/code/resources/app/out/vs/workbench/api/node/extensionHostProcess.js:29:9459)
    at MessagePortMain.<anonymous> (file:///usr/share/code/resources/app/out/vs/workbench/api/node/extensionHostProcess.js:356:6444)
    at MessagePortMain.emit (node:events:518:28)
    at Object.MessagePortMain._internalPort.emit (node:electron/js2c/utility_init:2:3073)
2025-08-03 16:56:08.030 [info] Extension host terminating: renderer closed the MessagePort
2025-08-03 16:56:08.044 [error] An error occurred when disposing the subscriptions for extension 'jebbs.plantuml':
2025-08-03 16:56:08.044 [error] TypeError: Cannot read properties of undefined (reading 'dispose')
    at UI.dispose (/home/izzy/.vscode/extensions/jebbs.plantuml-2.18.1/out/src/ui/ui.js:24:21)
    at /home/izzy/.vscode/extensions/jebbs.plantuml-2.18.1/out/src/providers/previewer.js:38:87
    at Array.map (<anonymous>)
    at Previewer.dispose (/home/izzy/.vscode/extensions/jebbs.plantuml-2.18.1/out/src/providers/previewer.js:38:76)
    at wr (file:///usr/share/code/resources/app/out/vs/workbench/api/node/extensionHostProcess.js:25:748)
    at file:///usr/share/code/resources/app/out/vs/workbench/api/node/extensionHostProcess.js:117:15048
    at file:///usr/share/code/resources/app/out/vs/workbench/api/node/extensionHostProcess.js:25:1058
    at Object.dispose (file:///usr/share/code/resources/app/out/vs/workbench/api/node/extensionHostProcess.js:8:705)
    at QG.eb (file:///usr/share/code/resources/app/out/vs/workbench/api/node/extensionHostProcess.js:117:11921)
    at file:///usr/share/code/resources/app/out/vs/workbench/api/node/extensionHostProcess.js:117:9876
    at Array.map (<anonymous>)
    at QG.$ (file:///usr/share/code/resources/app/out/vs/workbench/api/node/extensionHostProcess.js:117:9864)
    at QG.terminate (file:///usr/share/code/resources/app/out/vs/workbench/api/node/extensionHostProcess.js:117:10107)
    at Y3.terminate (file:///usr/share/code/resources/app/out/vs/workbench/api/node/extensionHostProcess.js:119:914)
    at us (file:///usr/share/code/resources/app/out/vs/workbench/api/node/extensionHostProcess.js:356:9945)
    at MessagePortMain.<anonymous> (file:///usr/share/code/resources/app/out/vs/workbench/api/node/extensionHostProcess.js:356:6484)
    at MessagePortMain.emit (node:events:518:28)
    at Object.MessagePortMain._internalPort.emit (node:electron/js2c/utility_init:2:3073)
2025-08-03 16:56:08.052 [error] An error occurred when deactivating the extension 'rafamel.subtle-brackets':
2025-08-03 16:56:08.052 [error] TypeError: Cannot read properties of undefined (reading 'subscriptions')
    at Object.deactivate (/home/izzy/.vscode/extensions/rafamel.subtle-brackets-3.0.0/out/extension.js:42:13)
    at QG.eb (file:///usr/share/code/resources/app/out/vs/workbench/api/node/extensionHostProcess.js:117:11726)
    at file:///usr/share/code/resources/app/out/vs/workbench/api/node/extensionHostProcess.js:117:9876
    at Array.map (<anonymous>)
    at QG.$ (file:///usr/share/code/resources/app/out/vs/workbench/api/node/extensionHostProcess.js:117:9864)
    at QG.terminate (file:///usr/share/code/resources/app/out/vs/workbench/api/node/extensionHostProcess.js:117:10107)
    at Y3.terminate (file:///usr/share/code/resources/app/out/vs/workbench/api/node/extensionHostProcess.js:119:914)
    at us (file:///usr/share/code/resources/app/out/vs/workbench/api/node/extensionHostProcess.js:356:9945)
    at MessagePortMain.<anonymous> (file:///usr/share/code/resources/app/out/vs/workbench/api/node/extensionHostProcess.js:356:6484)
    at MessagePortMain.emit (node:events:518:28)
    at Object.MessagePortMain._internalPort.emit (node:electron/js2c/utility_init:2:3073)
2025-08-03 16:56:08.055 [error] TypeError: Cannot read properties of undefined (reading 'subscriptions')
    at Object.K [as deactivate] (/home/izzy/.vscode/extensions/ms-python.vscode-python-envs-1.2.0-linux-x64/dist/extension.js:2:618887)
    at QG.eb (file:///usr/share/code/resources/app/out/vs/workbench/api/node/extensionHostProcess.js:117:11726)
    at file:///usr/share/code/resources/app/out/vs/workbench/api/node/extensionHostProcess.js:117:9876
    at Array.map (<anonymous>)
    at QG.$ (file:///usr/share/code/resources/app/out/vs/workbench/api/node/extensionHostProcess.js:117:9864)
    at QG.terminate (file:///usr/share/code/resources/app/out/vs/workbench/api/node/extensionHostProcess.js:117:10107)
    at Y3.terminate (file:///usr/share/code/resources/app/out/vs/workbench/api/node/extensionHostProcess.js:119:914)
    at us (file:///usr/share/code/resources/app/out/vs/workbench/api/node/extensionHostProcess.js:356:9945)
    at MessagePortMain.<anonymous> (file:///usr/share/code/resources/app/out/vs/workbench/api/node/extensionHostProcess.js:356:6484)
    at MessagePortMain.emit (node:events:518:28)
    at Object.MessagePortMain._internalPort.emit (node:electron/js2c/utility_init:2:3073)
2025-08-03 16:56:08.057 [info] Extension host with pid 349953 exiting with code 0
