2025-08-03 17:02:19.127 [info] Extension host with pid 392970 started
2025-08-03 17:02:19.127 [info] Skipping acquiring lock for /home/izzy/.config/Code/User/workspaceStorage/afbdd47b7042502a06b77542df2d0afa.
2025-08-03 17:02:19.263 [info] ExtensionService#_doActivateExtension vscode.github-authentication, startup: false, activationEvent: 'onAuthenticationRequest:github'
2025-08-03 17:02:19.277 [info] ExtensionService#_doActivateExtension GrapeCity.gc-excelviewer, startup: false, activationEvent: 'onLanguage:plaintext'
2025-08-03 17:02:19.279 [info] ExtensionService#_doActivateExtension mechatroner.rainbow-csv, startup: false, activationEvent: 'onLanguage:plaintext'
2025-08-03 17:02:19.281 [info] ExtensionService#_doActivateExtension vscode.emmet, startup: false, activationEvent: 'onLanguage'
2025-08-03 17:02:19.291 [info] ExtensionService#_doActivateExtension evgeniypeshkov.syntax-highlighter, startup: false, activationEvent: 'onLanguage:shellscript'
2025-08-03 17:02:20.173 [info] ExtensionService#_doActivateExtension vscode.git-base, startup: true, activationEvent: '*', root cause: vscode.git
2025-08-03 17:02:20.174 [info] ExtensionService#_doActivateExtension christian-kohler.path-intellisense, startup: true, activationEvent: '*'
2025-08-03 17:02:20.179 [info] ExtensionService#_doActivateExtension formulahendry.auto-close-tag, startup: true, activationEvent: '*'
2025-08-03 17:02:20.180 [info] ExtensionService#_doActivateExtension formulahendry.auto-rename-tag, startup: true, activationEvent: '*'
2025-08-03 17:02:20.194 [info] ExtensionService#_doActivateExtension ms-vscode.test-adapter-converter, startup: true, activationEvent: '*', root cause: hbenl.vscode-test-explorer
2025-08-03 17:02:20.197 [info] ExtensionService#_doActivateExtension mhutchie.git-graph, startup: true, activationEvent: '*'
2025-08-03 17:02:20.203 [info] ExtensionService#_doActivateExtension rafamel.subtle-brackets, startup: true, activationEvent: '*'
2025-08-03 17:02:20.209 [info] ExtensionService#_doActivateExtension SirTori.indenticator, startup: true, activationEvent: '*'
2025-08-03 17:02:20.209 [info] ExtensionService#_doActivateExtension zh9528.file-size, startup: true, activationEvent: '*'
2025-08-03 17:02:20.210 [info] ExtensionService#_doActivateExtension Zignd.html-css-class-completion, startup: true, activationEvent: '*'
2025-08-03 17:02:20.285 [info] ExtensionService#_doActivateExtension yzhang.markdown-all-in-one, startup: true, activationEvent: 'workspaceContains:README.md'
2025-08-03 17:02:20.422 [info] ExtensionService#_doActivateExtension vscode.markdown-math, startup: false, activationEvent: 'api', root cause: yzhang.markdown-all-in-one
2025-08-03 17:02:20.426 [info] ExtensionService#_doActivateExtension vscode.git, startup: true, activationEvent: '*'
2025-08-03 17:02:20.451 [info] ExtensionService#_doActivateExtension vscode.github, startup: true, activationEvent: '*'
2025-08-03 17:02:20.457 [info] ExtensionService#_doActivateExtension hbenl.vscode-test-explorer, startup: true, activationEvent: '*'
2025-08-03 17:02:20.513 [info] ExtensionService#_doActivateExtension vscode.configuration-editing, startup: false, activationEvent: 'onLanguage:jsonc'
2025-08-03 17:02:20.518 [info] ExtensionService#_doActivateExtension vscode.json-language-features, startup: false, activationEvent: 'onLanguage:jsonc'
2025-08-03 17:02:20.548 [info] ExtensionService#_doActivateExtension vscode.typescript-language-features, startup: false, activationEvent: 'onLanguage:jsonc'
2025-08-03 17:02:20.573 [info] ExtensionService#_doActivateExtension pflannery.vscode-versionlens, startup: false, activationEvent: 'onLanguage:jsonc'
2025-08-03 17:02:20.607 [info] ExtensionService#_doActivateExtension AykutSarac.jsoncrack-vscode, startup: true, activationEvent: 'workspaceContains:**/*.{json}'
2025-08-03 17:02:20.619 [info] ExtensionService#_doActivateExtension jebbs.plantuml, startup: false, activationEvent: 'api', root cause: yzhang.markdown-all-in-one
2025-08-03 17:02:20.647 [error] Error: spawn java ENOENT
    at Process.ChildProcess._handle.onexit (node:internal/child_process:285:19)
    at onErrorNT (node:internal/child_process:483:16)
    at processTicksAndRejections (node:internal/process/task_queues:90:21)
2025-08-03 17:02:20.732 [info] Eager extensions activated
2025-08-03 17:02:20.741 [info] ExtensionService#_doActivateExtension vscode.debug-auto-launch, startup: false, activationEvent: 'onStartupFinished'
2025-08-03 17:02:20.742 [info] ExtensionService#_doActivateExtension vscode.merge-conflict, startup: false, activationEvent: 'onStartupFinished'
2025-08-03 17:02:20.752 [info] ExtensionService#_doActivateExtension bierner.emojisense, startup: false, activationEvent: 'onStartupFinished'
2025-08-03 17:02:20.757 [info] ExtensionService#_doActivateExtension cweijan.vscode-office, startup: false, activationEvent: 'onStartupFinished'
2025-08-03 17:02:20.862 [info] ExtensionService#_doActivateExtension ecmel.vscode-html-css, startup: false, activationEvent: 'onStartupFinished'
2025-08-03 17:02:20.863 [info] ExtensionService#_doActivateExtension esbenp.prettier-vscode, startup: false, activationEvent: 'onStartupFinished'
2025-08-03 17:02:20.905 [info] ExtensionService#_doActivateExtension formulahendry.code-runner, startup: false, activationEvent: 'onStartupFinished'
2025-08-03 17:02:20.912 [info] ExtensionService#_doActivateExtension ionutvmi.path-autocomplete, startup: false, activationEvent: 'onStartupFinished'
2025-08-03 17:02:20.917 [info] ExtensionService#_doActivateExtension kisstkondoros.vscode-gutter-preview, startup: false, activationEvent: 'onStartupFinished'
2025-08-03 17:02:20.937 [info] ExtensionService#_doActivateExtension ms-python.python, startup: false, activationEvent: 'onStartupFinished', root cause: littlefoxteam.vscode-python-test-adapter
2025-08-03 17:02:21.033 [info] ExtensionService#_doActivateExtension miguelsolorio.symbols, startup: false, activationEvent: 'onStartupFinished'
2025-08-03 17:02:21.035 [info] ExtensionService#_doActivateExtension ms-dotnettools.vscode-dotnet-runtime, startup: false, activationEvent: 'onStartupFinished'
2025-08-03 17:02:21.202 [info] ExtensionService#_doActivateExtension ms-vscode-remote.remote-containers, startup: false, activationEvent: 'onStartupFinished'
2025-08-03 17:02:21.304 [info] ExtensionService#_doActivateExtension ms-vscode-remote.remote-wsl, startup: false, activationEvent: 'onStartupFinished'
2025-08-03 17:02:21.377 [info] ExtensionService#_doActivateExtension naumovs.color-highlight, startup: false, activationEvent: 'onStartupFinished'
2025-08-03 17:02:21.381 [info] ExtensionService#_doActivateExtension PKief.material-icon-theme, startup: false, activationEvent: 'onStartupFinished'
2025-08-03 17:02:21.388 [info] ExtensionService#_doActivateExtension ritwickdey.LiveServer, startup: false, activationEvent: 'onStartupFinished'
2025-08-03 17:02:21.390 [info] ExtensionService#_doActivateExtension shardulm94.trailing-spaces, startup: false, activationEvent: 'onStartupFinished'
2025-08-03 17:02:21.394 [info] ExtensionService#_doActivateExtension usernamehw.errorlens, startup: false, activationEvent: 'onStartupFinished'
2025-08-03 17:02:21.618 [info] ExtensionService#_doActivateExtension ms-python.vscode-python-envs, startup: false, activationEvent: 'api', root cause: ms-python.python
2025-08-03 17:02:21.841 [info] ExtensionService#_doActivateExtension littlefoxteam.vscode-python-test-adapter, startup: false, activationEvent: 'onStartupFinished'
2025-08-03 17:02:22.235 [info] ExtensionService#_doActivateExtension ms-python.vscode-pylance, startup: false, activationEvent: 'api', root cause: ms-python.python
2025-08-03 20:28:46.950 [info] Extension host terminating: renderer closed the MessagePort
2025-08-03 20:28:46.962 [error] An error occurred when disposing the subscriptions for extension 'jebbs.plantuml':
2025-08-03 20:28:46.962 [error] TypeError: Cannot read properties of undefined (reading 'dispose')
    at UI.dispose (/home/izzy/.vscode/extensions/jebbs.plantuml-2.18.1/out/src/ui/ui.js:24:21)
    at /home/izzy/.vscode/extensions/jebbs.plantuml-2.18.1/out/src/providers/previewer.js:38:87
    at Array.map (<anonymous>)
    at Previewer.dispose (/home/izzy/.vscode/extensions/jebbs.plantuml-2.18.1/out/src/providers/previewer.js:38:76)
    at wr (file:///usr/share/code/resources/app/out/vs/workbench/api/node/extensionHostProcess.js:25:748)
    at file:///usr/share/code/resources/app/out/vs/workbench/api/node/extensionHostProcess.js:117:15048
    at file:///usr/share/code/resources/app/out/vs/workbench/api/node/extensionHostProcess.js:25:1058
    at Object.dispose (file:///usr/share/code/resources/app/out/vs/workbench/api/node/extensionHostProcess.js:8:705)
    at QG.eb (file:///usr/share/code/resources/app/out/vs/workbench/api/node/extensionHostProcess.js:117:11921)
    at file:///usr/share/code/resources/app/out/vs/workbench/api/node/extensionHostProcess.js:117:9876
    at Array.map (<anonymous>)
    at QG.$ (file:///usr/share/code/resources/app/out/vs/workbench/api/node/extensionHostProcess.js:117:9864)
    at QG.terminate (file:///usr/share/code/resources/app/out/vs/workbench/api/node/extensionHostProcess.js:117:10107)
    at Y3.terminate (file:///usr/share/code/resources/app/out/vs/workbench/api/node/extensionHostProcess.js:119:914)
    at us (file:///usr/share/code/resources/app/out/vs/workbench/api/node/extensionHostProcess.js:356:9945)
    at MessagePortMain.<anonymous> (file:///usr/share/code/resources/app/out/vs/workbench/api/node/extensionHostProcess.js:356:6484)
    at MessagePortMain.emit (node:events:518:28)
    at Object.MessagePortMain._internalPort.emit (node:electron/js2c/utility_init:2:3073)
2025-08-03 20:28:46.969 [error] An error occurred when deactivating the extension 'rafamel.subtle-brackets':
2025-08-03 20:28:46.969 [error] TypeError: Cannot read properties of undefined (reading 'subscriptions')
    at Object.deactivate (/home/izzy/.vscode/extensions/rafamel.subtle-brackets-3.0.0/out/extension.js:42:13)
    at QG.eb (file:///usr/share/code/resources/app/out/vs/workbench/api/node/extensionHostProcess.js:117:11726)
    at file:///usr/share/code/resources/app/out/vs/workbench/api/node/extensionHostProcess.js:117:9876
    at Array.map (<anonymous>)
    at QG.$ (file:///usr/share/code/resources/app/out/vs/workbench/api/node/extensionHostProcess.js:117:9864)
    at QG.terminate (file:///usr/share/code/resources/app/out/vs/workbench/api/node/extensionHostProcess.js:117:10107)
    at Y3.terminate (file:///usr/share/code/resources/app/out/vs/workbench/api/node/extensionHostProcess.js:119:914)
    at us (file:///usr/share/code/resources/app/out/vs/workbench/api/node/extensionHostProcess.js:356:9945)
    at MessagePortMain.<anonymous> (file:///usr/share/code/resources/app/out/vs/workbench/api/node/extensionHostProcess.js:356:6484)
    at MessagePortMain.emit (node:events:518:28)
    at Object.MessagePortMain._internalPort.emit (node:electron/js2c/utility_init:2:3073)
2025-08-03 20:28:46.972 [error] TypeError: Cannot read properties of undefined (reading 'subscriptions')
    at Object.K [as deactivate] (/home/izzy/.vscode/extensions/ms-python.vscode-python-envs-1.2.0-linux-x64/dist/extension.js:2:618887)
    at QG.eb (file:///usr/share/code/resources/app/out/vs/workbench/api/node/extensionHostProcess.js:117:11726)
    at file:///usr/share/code/resources/app/out/vs/workbench/api/node/extensionHostProcess.js:117:9876
    at Array.map (<anonymous>)
    at QG.$ (file:///usr/share/code/resources/app/out/vs/workbench/api/node/extensionHostProcess.js:117:9864)
    at QG.terminate (file:///usr/share/code/resources/app/out/vs/workbench/api/node/extensionHostProcess.js:117:10107)
    at Y3.terminate (file:///usr/share/code/resources/app/out/vs/workbench/api/node/extensionHostProcess.js:119:914)
    at us (file:///usr/share/code/resources/app/out/vs/workbench/api/node/extensionHostProcess.js:356:9945)
    at MessagePortMain.<anonymous> (file:///usr/share/code/resources/app/out/vs/workbench/api/node/extensionHostProcess.js:356:6484)
    at MessagePortMain.emit (node:events:518:28)
    at Object.MessagePortMain._internalPort.emit (node:electron/js2c/utility_init:2:3073)
2025-08-03 20:28:46.974 [info] Extension host with pid 392970 exiting with code 0
