Debug: Getting roots
Debug: Found roots
Debug: Start watching file for changes /home/izzy/.conda/environments.txt
Debug: Start watching: /home/izzy/.conda with pattern environments.txt using VSCode API
Debug: Searching for conda.
Debug: Getting poetry version
Debug: Getting poetry version for poetry
Debug: Searching for interpreters in posix paths locator
Debug: Probing conda binary: conda
Debug: Searching for pyenv environments
Debug: Shell path 'hidden', base path 'hidden'
Debug: Shell path identified as shell 'other'
Debug: Terminal name 'hidden' identified as shell 'other'
Debug: [object Object]. Shell identified as other (Terminal name is hidden)
Debug: Shell path '/usr/bin/zsh', base path '/usr/bin/zsh'
Debug: Shell path identified as shell 'zsh'
Debug: Terminal shell path '/usr/bin/zsh' identified as shell 'zsh'
Debug: [object Object]. Shell identified as zsh (Terminal name is hidden)
Debug: Shell identified as 'zsh'
Debug: Dump environment variables {
    "CHROME_DESKTOP": "code.desktop",
    "CLUTTER_BACKEND": "x11",
    "COMPIZ_CONFIG_PROFILE": "mint",
    "DBUS_SESSION_BUS_ADDRESS": "unix:path=/run/user/1000/bus",
    "DESKTOP_SESSION": "xfce",
    "DISPLAY": ":0",
    "GDK_BACKEND": "x11",
    "GDMSESSION": "xfce",
    "GDM_LANG": "en_US",
    "GIO_LAUNCHED_DESKTOP_FILE": "/usr/share/applications/code.desktop",
    "GIO_LAUNCHED_DESKTOP_FILE_PID": "197135",
    "GTK3_MODULES": "xapp-gtk3-module",
    "GTK_MODULES": "gail:atk-bridge",
    "HOME": "/home/izzy",
    "LANG": "en_US.UTF-8",
    "LANGUAGE": "en_US",
    "LC_ADDRESS": "es_AR.UTF-8",
    "LC_IDENTIFICATION": "es_AR.UTF-8",
    "LC_MEASUREMENT": "es_AR.UTF-8",
    "LC_MONETARY": "es_AR.UTF-8",
    "LC_NAME": "es_AR.UTF-8",
    "LC_NUMERIC": "es_AR.UTF-8",
    "LC_PAPER": "es_AR.UTF-8",
    "LC_TELEPHONE": "es_AR.UTF-8",
    "LOGNAME": "izzy",
    "ORIGINAL_XDG_CURRENT_DESKTOP": "XFCE",
    "PMSPEC": "0uUpiPsf",
    "PWD": "/home/izzy/.config/alacritty",
    "QT_ACCESSIBILITY": "1",
    "SESSION_MANAGER": "local/izzy2k:@/tmp/.ICE-unix/2280,unix/izzy2k:/tmp/.ICE-unix/2280",
    "SHELL": "/usr/bin/zsh",
    "SHLVL": "0",
    "SSH_AGENT_PID": "2532",
    "SSH_AUTH_SOCK": "/tmp/ssh-j1Z92YNwjYl4/agent.2531",
    "STARSHIP_SESSION_KEY": "2340281321400364",
    "STARSHIP_SHELL": "zsh",
    "USER": "izzy",
    "VSCODE_CODE_CACHE_PATH": "/home/izzy/.config/Code/CachedData/488a1f239235055e34e673291fb8d8c810886f81",
    "VSCODE_CRASH_REPORTER_PROCESS_TYPE": "extensionHost",
    "VSCODE_CWD": "/home/izzy/.config/alacritty",
    "VSCODE_ESM_ENTRYPOINT": "vs/workbench/api/node/extensionHostProcess",
    "VSCODE_HANDLES_UNCAUGHT_ERRORS": "true",
    "VSCODE_IPC_HOOK": "/run/user/1000/vscode-a0e1e4e9-1.10-main.sock",
    "VSCODE_NLS_CONFIG": "{\"userLocale\":\"en-us\",\"osLocale\":\"en-us\",\"resolvedLanguage\":\"en\",\"defaultMessagesFile\":\"/usr/share/code/resources/app/out/nls.messages.json\",\"locale\":\"en-us\",\"availableLanguages\":{}}",
    "VSCODE_PID": "197135",
    "XAUTHORITY": "/home/izzy/.Xauthority",
    "XDG_CONFIG_DIRS": "/etc/xdg/xdg-xfce:/etc/xdg",
    "XDG_CURRENT_DESKTOP": "XFCE",
    "XDG_DATA_DIRS": "/usr/share/xfce4:/home/izzy/.local/share/flatpak/exports/share:/var/lib/flatpak/exports/share:/usr/local/share:/usr/share",
    "XDG_GREETER_DATA_DIR": "/var/lib/lightdm-data/izzy",
    "XDG_MENU_PREFIX": "xfce-",
    "XDG_RUNTIME_DIR": "/run/user/1000",
    "XDG_SEAT": "seat0",
    "XDG_SEAT_PATH": "/org/freedesktop/DisplayManager/Seat0",
    "XDG_SESSION_CLASS": "user",
    "XDG_SESSION_DESKTOP": "xfce",
    "XDG_SESSION_ID": "c2",
    "XDG_SESSION_PATH": "/org/freedesktop/DisplayManager/Session0",
    "XDG_SESSION_TYPE": "x11",
    "XDG_VTNR": "7",
    "ZPFX": "/home/izzy/.local/share/zinit/polaris",
    "ZSH_CACHE_DIR": "/home/izzy/.cache/zinit",
    "_": "/usr/share/code/code",
    "ELECTRON_RUN_AS_NODE": "1",
    "VSCODE_DOTNET_INSTALL_TOOL_ORIGINAL_HOME": "/home/izzy",
    "APPLICATION_INSIGHTS_NO_DIAGNOSTIC_CHANNEL": "1",
    "APPLICATIONINSIGHTS_CONFIGURATION_CONTENT": "{}",
    "VSCODE_L10N_BUNDLE_LOCATION": "",
    "PATH": "/home/izzy/.local/share/zinit/polaris/bin:/home/izzy/.cargo/bin:/home/izzy/.local/bin:/usr/local/sbin:/usr/local/bin:/usr/sbin:/usr/bin:/sbin:/bin:/usr/games:/usr/local/games:/snap/bin:/home/izzy/.local/bin:/home/izzy/.local/bin"
}
> poetry --version
cwd: ~/.vscode/extensions/donjayamanne.python-environment-manager-1.2.7/out/client
Debug: Shell Exec: poetry --version with options: {
    "cwd": "/home/izzy/.vscode/extensions/donjayamanne.python-environment-manager-1.2.7/out/client",
    "throwOnStdErr": true,
    "timeout": 50000,
    "encoding": "utf8",
    "env": {
        "CHROME_DESKTOP": "code.desktop",
        "CLUTTER_BACKEND": "x11",
        "COMPIZ_CONFIG_PROFILE": "mint",
        "DBUS_SESSION_BUS_ADDRESS": "unix:path=/run/user/1000/bus",
        "DESKTOP_SESSION": "xfce",
        "DISPLAY": ":0",
        "GDK_BACKEND": "x11",
        "GDMSESSION": "xfce",
        "GDM_LANG": "en_US",
        "GIO_LAUNCHED_DESKTOP_FILE": "/usr/share/applications/code.desktop",
        "GIO_LAUNCHED_DESKTOP_FILE_PID": "197135",
        "GTK3_MODULES": "xapp-gtk3-module",
        "GTK_MODULES": "gail:atk-bridge",
        "HOME": "/home/izzy",
        "LANG": "en_US.UTF-8",
        "LANGUAGE": "en_US",
        "LC_ADDRESS": "es_AR.UTF-8",
        "LC_IDENTIFICATION": "es_AR.UTF-8",
        "LC_MEASUREMENT": "es_AR.UTF-8",
        "LC_MONETARY": "es_AR.UTF-8",
        "LC_NAME": "es_AR.UTF-8",
        "LC_NUMERIC": "es_AR.UTF-8",
        "LC_PAPER": "es_AR.UTF-8",
        "LC_TELEPHONE": "es_AR.UTF-8",
        "LOGNAME": "izzy",
        "ORIGINAL_XDG_CURRENT_DESKTOP": "XFCE",
        "PMSPEC": "0uUpiPsf",
        "PWD": "/home/izzy/.config/alacritty",
        "QT_ACCESSIBILITY": "1",
        "SESSION_MANAGER": "local/izzy2k:@/tmp/.ICE-unix/2280,unix/izzy2k:/tmp/.ICE-unix/2280",
        "SHELL": "/usr/bin/zsh",
        "SHLVL": "0",
        "SSH_AGENT_PID": "2532",
        "SSH_AUTH_SOCK": "/tmp/ssh-j1Z92YNwjYl4/agent.2531",
        "STARSHIP_SESSION_KEY": "2340281321400364",
        "STARSHIP_SHELL": "zsh",
        "USER": "izzy",
        "VSCODE_CODE_CACHE_PATH": "/home/izzy/.config/Code/CachedData/488a1f239235055e34e673291fb8d8c810886f81",
        "VSCODE_CRASH_REPORTER_PROCESS_TYPE": "extensionHost",
        "VSCODE_CWD": "/home/izzy/.config/alacritty",
        "VSCODE_ESM_ENTRYPOINT": "vs/workbench/api/node/extensionHostProcess",
        "VSCODE_HANDLES_UNCAUGHT_ERRORS": "true",
        "VSCODE_IPC_HOOK": "/run/user/1000/vscode-a0e1e4e9-1.10-main.sock",
        "VSCODE_NLS_CONFIG": "{\"userLocale\":\"en-us\",\"osLocale\":\"en-us\",\"resolvedLanguage\":\"en\",\"defaultMessagesFile\":\"/usr/share/code/resources/app/out/nls.messages.json\",\"locale\":\"en-us\",\"availableLanguages\":{}}",
        "VSCODE_PID": "197135",
        "XAUTHORITY": "/home/izzy/.Xauthority",
        "XDG_CONFIG_DIRS": "/etc/xdg/xdg-xfce:/etc/xdg",
        "XDG_CURRENT_DESKTOP": "XFCE",
        "XDG_DATA_DIRS": "/usr/share/xfce4:/home/izzy/.local/share/flatpak/exports/share:/var/lib/flatpak/exports/share:/usr/local/share:/usr/share",
        "XDG_GREETER_DATA_DIR": "/var/lib/lightdm-data/izzy",
        "XDG_MENU_PREFIX": "xfce-",
        "XDG_RUNTIME_DIR": "/run/user/1000",
        "XDG_SEAT": "seat0",
        "XDG_SEAT_PATH": "/org/freedesktop/DisplayManager/Seat0",
        "XDG_SESSION_CLASS": "user",
        "XDG_SESSION_DESKTOP": "xfce",
        "XDG_SESSION_ID": "c2",
        "XDG_SESSION_PATH": "/org/freedesktop/DisplayManager/Session0",
        "XDG_SESSION_TYPE": "x11",
        "XDG_VTNR": "7",
        "ZPFX": "/home/izzy/.local/share/zinit/polaris",
        "ZSH_CACHE_DIR": "/home/izzy/.cache/zinit",
        "_": "/usr/share/code/code",
        "ELECTRON_RUN_AS_NODE": "1",
        "VSCODE_DOTNET_INSTALL_TOOL_ORIGINAL_HOME": "/home/izzy",
        "APPLICATION_INSIGHTS_NO_DIAGNOSTIC_CHANNEL": "1",
        "APPLICATIONINSIGHTS_CONFIGURATION_CONTENT": "{}",
        "VSCODE_L10N_BUNDLE_LOCATION": "",
        "PATH": "/home/izzy/.local/share/zinit/polaris/bin:/home/izzy/.cargo/bin:/home/izzy/.local/bin:/usr/local/sbin:/usr/local/bin:/usr/sbin:/usr/bin:/sbin:/bin:/usr/games:/usr/local/games:/snap/bin:/home/izzy/.local/bin:/home/izzy/.local/bin",
        "PYTHONUNBUFFERED": "1",
        "PYTHONIOENCODING": "utf-8"
    }
}
Debug: Dump environment variables {
    "CHROME_DESKTOP": "code.desktop",
    "CLUTTER_BACKEND": "x11",
    "COMPIZ_CONFIG_PROFILE": "mint",
    "DBUS_SESSION_BUS_ADDRESS": "unix:path=/run/user/1000/bus",
    "DESKTOP_SESSION": "xfce",
    "DISPLAY": ":0",
    "GDK_BACKEND": "x11",
    "GDMSESSION": "xfce",
    "GDM_LANG": "en_US",
    "GIO_LAUNCHED_DESKTOP_FILE": "/usr/share/applications/code.desktop",
    "GIO_LAUNCHED_DESKTOP_FILE_PID": "197135",
    "GTK3_MODULES": "xapp-gtk3-module",
    "GTK_MODULES": "gail:atk-bridge",
    "HOME": "/home/izzy",
    "LANG": "en_US.UTF-8",
    "LANGUAGE": "en_US",
    "LC_ADDRESS": "es_AR.UTF-8",
    "LC_IDENTIFICATION": "es_AR.UTF-8",
    "LC_MEASUREMENT": "es_AR.UTF-8",
    "LC_MONETARY": "es_AR.UTF-8",
    "LC_NAME": "es_AR.UTF-8",
    "LC_NUMERIC": "es_AR.UTF-8",
    "LC_PAPER": "es_AR.UTF-8",
    "LC_TELEPHONE": "es_AR.UTF-8",
    "LOGNAME": "izzy",
    "ORIGINAL_XDG_CURRENT_DESKTOP": "XFCE",
    "PMSPEC": "0uUpiPsf",
    "PWD": "/home/izzy/.config/alacritty",
    "QT_ACCESSIBILITY": "1",
    "SESSION_MANAGER": "local/izzy2k:@/tmp/.ICE-unix/2280,unix/izzy2k:/tmp/.ICE-unix/2280",
    "SHELL": "/usr/bin/zsh",
    "SHLVL": "0",
    "SSH_AGENT_PID": "2532",
    "SSH_AUTH_SOCK": "/tmp/ssh-j1Z92YNwjYl4/agent.2531",
    "STARSHIP_SESSION_KEY": "2340281321400364",
    "STARSHIP_SHELL": "zsh",
    "USER": "izzy",
    "VSCODE_CODE_CACHE_PATH": "/home/izzy/.config/Code/CachedData/488a1f239235055e34e673291fb8d8c810886f81",
    "VSCODE_CRASH_REPORTER_PROCESS_TYPE": "extensionHost",
    "VSCODE_CWD": "/home/izzy/.config/alacritty",
    "VSCODE_ESM_ENTRYPOINT": "vs/workbench/api/node/extensionHostProcess",
    "VSCODE_HANDLES_UNCAUGHT_ERRORS": "true",
    "VSCODE_IPC_HOOK": "/run/user/1000/vscode-a0e1e4e9-1.10-main.sock",
    "VSCODE_NLS_CONFIG": "{\"userLocale\":\"en-us\",\"osLocale\":\"en-us\",\"resolvedLanguage\":\"en\",\"defaultMessagesFile\":\"/usr/share/code/resources/app/out/nls.messages.json\",\"locale\":\"en-us\",\"availableLanguages\":{}}",
    "VSCODE_PID": "197135",
    "XAUTHORITY": "/home/izzy/.Xauthority",
    "XDG_CONFIG_DIRS": "/etc/xdg/xdg-xfce:/etc/xdg",
    "XDG_CURRENT_DESKTOP": "XFCE",
    "XDG_DATA_DIRS": "/usr/share/xfce4:/home/izzy/.local/share/flatpak/exports/share:/var/lib/flatpak/exports/share:/usr/local/share:/usr/share",
    "XDG_GREETER_DATA_DIR": "/var/lib/lightdm-data/izzy",
    "XDG_MENU_PREFIX": "xfce-",
    "XDG_RUNTIME_DIR": "/run/user/1000",
    "XDG_SEAT": "seat0",
    "XDG_SEAT_PATH": "/org/freedesktop/DisplayManager/Seat0",
    "XDG_SESSION_CLASS": "user",
    "XDG_SESSION_DESKTOP": "xfce",
    "XDG_SESSION_ID": "c2",
    "XDG_SESSION_PATH": "/org/freedesktop/DisplayManager/Session0",
    "XDG_SESSION_TYPE": "x11",
    "XDG_VTNR": "7",
    "ZPFX": "/home/izzy/.local/share/zinit/polaris",
    "ZSH_CACHE_DIR": "/home/izzy/.cache/zinit",
    "_": "/usr/share/code/code",
    "ELECTRON_RUN_AS_NODE": "1",
    "VSCODE_DOTNET_INSTALL_TOOL_ORIGINAL_HOME": "/home/izzy",
    "APPLICATION_INSIGHTS_NO_DIAGNOSTIC_CHANNEL": "1",
    "APPLICATIONINSIGHTS_CONFIGURATION_CONTENT": "{}",
    "VSCODE_L10N_BUNDLE_LOCATION": "",
    "PATH": "/home/izzy/.local/share/zinit/polaris/bin:/home/izzy/.cargo/bin:/home/izzy/.local/bin:/usr/local/sbin:/usr/local/bin:/usr/sbin:/usr/bin:/sbin:/bin:/usr/games:/usr/local/games:/snap/bin:/home/izzy/.local/bin:/home/izzy/.local/bin"
}
> conda info --json
Debug: Failed to spawn conda binary conda Error: spawn conda ENOENT
    at Process.ChildProcess._handle.onexit (node:internal/child_process:285:19)
    at onErrorNT (node:internal/child_process:483:16)
    at processTicksAndRejections (node:internal/process/task_queues:90:21) {
  errno: -2,
  code: 'ENOENT',
  syscall: 'spawn conda',
  path: 'conda',
  spawnargs: [ 'info', '--json' ]
}
Debug: Finished searching for custom virtual envs
Debug: Couldn't locate the state binary.
Debug: Attempting to resolve symbolic link: /bin/python3
Debug: Finished searching for global virtual envs
Error: Error: Command failed: poetry --version
/bin/sh: 1: poetry: not found

    at genericNodeError (node:internal/errors:983:15)
    at wrappedFn (node:internal/errors:537:14)
    at ChildProcess.exithandler (node:child_process:415:12)
    at ChildProcess.emit (node:events:518:28)
    at maybeClose (node:internal/child_process:1101:16)
    at Socket.<anonymous> (node:internal/child_process:456:11)
    at Socket.emit (node:events:518:28)
    at Pipe.<anonymous> (node:net:351:12) {
  code: 127,
  killed: false,
  signal: null,
  cmd: 'poetry --version'
}
Debug: Time taken to run poetry --version in ms 59
Debug: Failed to find poetry for poetry
Debug: No poetry binary found for /home/izzy/.vscode/extensions/donjayamanne.python-environment-manager-1.2.7/out/client
Debug: Storage update failed for key PYTHON_GLOBAL_STORAGE_KEYS  retrying by resetting first
Debug: Storage update failed for key PYTHON_GLOBAL_STORAGE_KEYS  retrying by resetting first
Debug: Storage update failed for key PYTHON_EXTENSION_GLOBAL_STORAGE_KEYS  retrying by resetting first
Debug: Storage update failed for key PYTHON_ENV_INFO_CACHE  retrying by resetting first
Debug: Storage update failed for key PYTHON_WORKSPACE_STORAGE_KEYS  retrying by resetting first
Info: Found: /bin/python3 --> /bin/python3.12
Debug: Attempting to resolve symbolic link: /bin/python3.12
Info: Found: /bin/python3.12 --> /bin/python3.12
Debug: Couldn't locate the conda binary.
Debug: Couldn't locate the conda binary.
Warn: Retry failed, storage update failed for key PYTHON_GLOBAL_STORAGE_KEYS
Debug: Attempting to resolve symbolic link: /usr/bin/python3
Info: Found: /usr/bin/python3 --> /usr/bin/python3.12
Debug: Attempting to resolve symbolic link: /usr/bin/python3.12
Info: Found: /usr/bin/python3.12 --> /usr/bin/python3.12
Debug: Found 2 python binaries in posix paths
Debug: Finished searching for interpreters in posix paths locator
> /bin/python3 -I ~/.vscode/extensions/donjayamanne.python-environment-manager-1.2.7/pythonFiles/get_output_via_markers.py ~/.vscode/extensions/donjayamanne.python-environment-manager-1.2.7/pythonFiles/interpreterInfo.py
Debug: Shell Exec: /bin/python3 -I /home/izzy/.vscode/extensions/donjayamanne.python-environment-manager-1.2.7/pythonFiles/get_output_via_markers.py /home/izzy/.vscode/extensions/donjayamanne.python-environment-manager-1.2.7/pythonFiles/interpreterInfo.py with options: {
    "timeout": 15000,
    "encoding": "utf8",
    "env": {
        "CHROME_DESKTOP": "code.desktop",
        "CLUTTER_BACKEND": "x11",
        "COMPIZ_CONFIG_PROFILE": "mint",
        "DBUS_SESSION_BUS_ADDRESS": "unix:path=/run/user/1000/bus",
        "DESKTOP_SESSION": "xfce",
        "DISPLAY": ":0",
        "GDK_BACKEND": "x11",
        "GDMSESSION": "xfce",
        "GDM_LANG": "en_US",
        "GIO_LAUNCHED_DESKTOP_FILE": "/usr/share/applications/code.desktop",
        "GIO_LAUNCHED_DESKTOP_FILE_PID": "197135",
        "GTK3_MODULES": "xapp-gtk3-module",
        "GTK_MODULES": "gail:atk-bridge",
        "HOME": "/home/izzy",
        "LANG": "en_US.UTF-8",
        "LANGUAGE": "en_US",
        "LC_ADDRESS": "es_AR.UTF-8",
        "LC_IDENTIFICATION": "es_AR.UTF-8",
        "LC_MEASUREMENT": "es_AR.UTF-8",
        "LC_MONETARY": "es_AR.UTF-8",
        "LC_NAME": "es_AR.UTF-8",
        "LC_NUMERIC": "es_AR.UTF-8",
        "LC_PAPER": "es_AR.UTF-8",
        "LC_TELEPHONE": "es_AR.UTF-8",
        "LOGNAME": "izzy",
        "ORIGINAL_XDG_CURRENT_DESKTOP": "XFCE",
        "PMSPEC": "0uUpiPsf",
        "PWD": "/home/izzy/.config/alacritty",
        "QT_ACCESSIBILITY": "1",
        "SESSION_MANAGER": "local/izzy2k:@/tmp/.ICE-unix/2280,unix/izzy2k:/tmp/.ICE-unix/2280",
        "SHELL": "/usr/bin/zsh",
        "SHLVL": "0",
        "SSH_AGENT_PID": "2532",
        "SSH_AUTH_SOCK": "/tmp/ssh-j1Z92YNwjYl4/agent.2531",
        "STARSHIP_SESSION_KEY": "2340281321400364",
        "STARSHIP_SHELL": "zsh",
        "USER": "izzy",
        "VSCODE_CODE_CACHE_PATH": "/home/izzy/.config/Code/CachedData/488a1f239235055e34e673291fb8d8c810886f81",
        "VSCODE_CRASH_REPORTER_PROCESS_TYPE": "extensionHost",
        "VSCODE_CWD": "/home/izzy/.config/alacritty",
        "VSCODE_ESM_ENTRYPOINT": "vs/workbench/api/node/extensionHostProcess",
        "VSCODE_HANDLES_UNCAUGHT_ERRORS": "true",
        "VSCODE_IPC_HOOK": "/run/user/1000/vscode-a0e1e4e9-1.10-main.sock",
        "VSCODE_NLS_CONFIG": "{\"userLocale\":\"en-us\",\"osLocale\":\"en-us\",\"resolvedLanguage\":\"en\",\"defaultMessagesFile\":\"/usr/share/code/resources/app/out/nls.messages.json\",\"locale\":\"en-us\",\"availableLanguages\":{}}",
        "VSCODE_PID": "197135",
        "XAUTHORITY": "/home/izzy/.Xauthority",
        "XDG_CONFIG_DIRS": "/etc/xdg/xdg-xfce:/etc/xdg",
        "XDG_CURRENT_DESKTOP": "XFCE",
        "XDG_DATA_DIRS": "/usr/share/xfce4:/home/izzy/.local/share/flatpak/exports/share:/var/lib/flatpak/exports/share:/usr/local/share:/usr/share",
        "XDG_GREETER_DATA_DIR": "/var/lib/lightdm-data/izzy",
        "XDG_MENU_PREFIX": "xfce-",
        "XDG_RUNTIME_DIR": "/run/user/1000",
        "XDG_SEAT": "seat0",
        "XDG_SEAT_PATH": "/org/freedesktop/DisplayManager/Seat0",
        "XDG_SESSION_CLASS": "user",
        "XDG_SESSION_DESKTOP": "xfce",
        "XDG_SESSION_ID": "c2",
        "XDG_SESSION_PATH": "/org/freedesktop/DisplayManager/Session0",
        "XDG_SESSION_TYPE": "x11",
        "XDG_VTNR": "7",
        "ZPFX": "/home/izzy/.local/share/zinit/polaris",
        "ZSH_CACHE_DIR": "/home/izzy/.cache/zinit",
        "_": "/usr/share/code/code",
        "ELECTRON_RUN_AS_NODE": "1",
        "VSCODE_DOTNET_INSTALL_TOOL_ORIGINAL_HOME": "/home/izzy",
        "APPLICATION_INSIGHTS_NO_DIAGNOSTIC_CHANNEL": "1",
        "APPLICATIONINSIGHTS_CONFIGURATION_CONTENT": "{}",
        "VSCODE_L10N_BUNDLE_LOCATION": "",
        "PATH": "/home/izzy/.local/share/zinit/polaris/bin:/home/izzy/.cargo/bin:/home/izzy/.local/bin:/usr/local/sbin:/usr/local/bin:/usr/sbin:/usr/bin:/sbin:/bin:/usr/games:/usr/local/games:/snap/bin:/home/izzy/.local/bin:/home/izzy/.local/bin",
        "PYTHONUNBUFFERED": "1",
        "PYTHONIOENCODING": "utf-8"
    }
}
> /usr/bin/python3 -I ~/.vscode/extensions/donjayamanne.python-environment-manager-1.2.7/pythonFiles/get_output_via_markers.py ~/.vscode/extensions/donjayamanne.python-environment-manager-1.2.7/pythonFiles/interpreterInfo.py
Debug: Shell Exec: /usr/bin/python3 -I /home/izzy/.vscode/extensions/donjayamanne.python-environment-manager-1.2.7/pythonFiles/get_output_via_markers.py /home/izzy/.vscode/extensions/donjayamanne.python-environment-manager-1.2.7/pythonFiles/interpreterInfo.py with options: {
    "timeout": 15000,
    "encoding": "utf8",
    "env": {
        "CHROME_DESKTOP": "code.desktop",
        "CLUTTER_BACKEND": "x11",
        "COMPIZ_CONFIG_PROFILE": "mint",
        "DBUS_SESSION_BUS_ADDRESS": "unix:path=/run/user/1000/bus",
        "DESKTOP_SESSION": "xfce",
        "DISPLAY": ":0",
        "GDK_BACKEND": "x11",
        "GDMSESSION": "xfce",
        "GDM_LANG": "en_US",
        "GIO_LAUNCHED_DESKTOP_FILE": "/usr/share/applications/code.desktop",
        "GIO_LAUNCHED_DESKTOP_FILE_PID": "197135",
        "GTK3_MODULES": "xapp-gtk3-module",
        "GTK_MODULES": "gail:atk-bridge",
        "HOME": "/home/izzy",
        "LANG": "en_US.UTF-8",
        "LANGUAGE": "en_US",
        "LC_ADDRESS": "es_AR.UTF-8",
        "LC_IDENTIFICATION": "es_AR.UTF-8",
        "LC_MEASUREMENT": "es_AR.UTF-8",
        "LC_MONETARY": "es_AR.UTF-8",
        "LC_NAME": "es_AR.UTF-8",
        "LC_NUMERIC": "es_AR.UTF-8",
        "LC_PAPER": "es_AR.UTF-8",
        "LC_TELEPHONE": "es_AR.UTF-8",
        "LOGNAME": "izzy",
        "ORIGINAL_XDG_CURRENT_DESKTOP": "XFCE",
        "PMSPEC": "0uUpiPsf",
        "PWD": "/home/izzy/.config/alacritty",
        "QT_ACCESSIBILITY": "1",
        "SESSION_MANAGER": "local/izzy2k:@/tmp/.ICE-unix/2280,unix/izzy2k:/tmp/.ICE-unix/2280",
        "SHELL": "/usr/bin/zsh",
        "SHLVL": "0",
        "SSH_AGENT_PID": "2532",
        "SSH_AUTH_SOCK": "/tmp/ssh-j1Z92YNwjYl4/agent.2531",
        "STARSHIP_SESSION_KEY": "2340281321400364",
        "STARSHIP_SHELL": "zsh",
        "USER": "izzy",
        "VSCODE_CODE_CACHE_PATH": "/home/izzy/.config/Code/CachedData/488a1f239235055e34e673291fb8d8c810886f81",
        "VSCODE_CRASH_REPORTER_PROCESS_TYPE": "extensionHost",
        "VSCODE_CWD": "/home/izzy/.config/alacritty",
        "VSCODE_ESM_ENTRYPOINT": "vs/workbench/api/node/extensionHostProcess",
        "VSCODE_HANDLES_UNCAUGHT_ERRORS": "true",
        "VSCODE_IPC_HOOK": "/run/user/1000/vscode-a0e1e4e9-1.10-main.sock",
        "VSCODE_NLS_CONFIG": "{\"userLocale\":\"en-us\",\"osLocale\":\"en-us\",\"resolvedLanguage\":\"en\",\"defaultMessagesFile\":\"/usr/share/code/resources/app/out/nls.messages.json\",\"locale\":\"en-us\",\"availableLanguages\":{}}",
        "VSCODE_PID": "197135",
        "XAUTHORITY": "/home/izzy/.Xauthority",
        "XDG_CONFIG_DIRS": "/etc/xdg/xdg-xfce:/etc/xdg",
        "XDG_CURRENT_DESKTOP": "XFCE",
        "XDG_DATA_DIRS": "/usr/share/xfce4:/home/izzy/.local/share/flatpak/exports/share:/var/lib/flatpak/exports/share:/usr/local/share:/usr/share",
        "XDG_GREETER_DATA_DIR": "/var/lib/lightdm-data/izzy",
        "XDG_MENU_PREFIX": "xfce-",
        "XDG_RUNTIME_DIR": "/run/user/1000",
        "XDG_SEAT": "seat0",
        "XDG_SEAT_PATH": "/org/freedesktop/DisplayManager/Seat0",
        "XDG_SESSION_CLASS": "user",
        "XDG_SESSION_DESKTOP": "xfce",
        "XDG_SESSION_ID": "c2",
        "XDG_SESSION_PATH": "/org/freedesktop/DisplayManager/Session0",
        "XDG_SESSION_TYPE": "x11",
        "XDG_VTNR": "7",
        "ZPFX": "/home/izzy/.local/share/zinit/polaris",
        "ZSH_CACHE_DIR": "/home/izzy/.cache/zinit",
        "_": "/usr/share/code/code",
        "ELECTRON_RUN_AS_NODE": "1",
        "VSCODE_DOTNET_INSTALL_TOOL_ORIGINAL_HOME": "/home/izzy",
        "APPLICATION_INSIGHTS_NO_DIAGNOSTIC_CHANNEL": "1",
        "APPLICATIONINSIGHTS_CONFIGURATION_CONTENT": "{}",
        "VSCODE_L10N_BUNDLE_LOCATION": "",
        "PATH": "/home/izzy/.local/share/zinit/polaris/bin:/home/izzy/.cargo/bin:/home/izzy/.local/bin:/usr/local/sbin:/usr/local/bin:/usr/sbin:/usr/bin:/sbin:/bin:/usr/games:/usr/local/games:/snap/bin:/home/izzy/.local/bin:/home/izzy/.local/bin",
        "PYTHONUNBUFFERED": "1",
        "PYTHONIOENCODING": "utf-8"
    }
}
Debug: Finished with environment reducer
Debug: Getting poetry version
Debug: Getting poetry version for poetry
Debug: Cached data exists KeyPrefix=Cache_Method_Output_Poetry.getVersionCached-Args=
Debug: Failed to find poetry for poetry
Debug: No poetry binary found for /home/izzy/.vscode/extensions/donjayamanne.python-environment-manager-1.2.7/out/client
Debug: Found interpreter for >> /bin/python3 -I /home/izzy/.vscode/extensions/donjayamanne.python-environment-manager-1.2.7/pythonFiles/get_output_via_markers.py /home/izzy/.vscode/extensions/donjayamanne.python-environment-manager-1.2.7/pythonFiles/interpreterInfo.py <<: {"versionInfo":[3,12,3,"final",0],"sysPrefix":"/usr","sysVersion":"3.12.3 (main, Jun 18 2025, 17:59:45) [GCC 13.3.0]","is64Bit":true}
Debug: Found interpreter for >> /usr/bin/python3 -I /home/izzy/.vscode/extensions/donjayamanne.python-environment-manager-1.2.7/pythonFiles/get_output_via_markers.py /home/izzy/.vscode/extensions/donjayamanne.python-environment-manager-1.2.7/pythonFiles/interpreterInfo.py <<: {"versionInfo":[3,12,3,"final",0],"sysPrefix":"/usr","sysVersion":"3.12.3 (main, Jun 18 2025, 17:59:45) [GCC 13.3.0]","is64Bit":true}
Debug: Finished with environment resolver
Debug: Environments added to cache [{"name":"","location":"","kind":"global-other","executable":{"filename":"/bin/python3","sysPrefix":"/usr","ctime":1753469955300,"mtime":1753469955300},"display":"Python 3.12.3 64-bit","version":{"major":3,"minor":12,"micro":3,"release":{"level":"final","serial":0},"sysVersion":"3.12.3 (main, Jun 18 2025, 17:59:45) [GCC 13.3.0]"},"arch":3,"distro":{"org":""},"source":["path env var"],"id":"/bin/python3","detailedDisplayName":"Python 3.12.3 64-bit"},{"name":"","location":"","kind":"global-other","executable":{"filename":"/usr/bin/python3","sysPrefix":"/usr","ctime":1753469955300,"mtime":1753469955300},"display":"Python 3.12.3 64-bit","version":{"major":3,"minor":12,"micro":3,"release":{"level":"final","serial":0},"sysVersion":"3.12.3 (main, Jun 18 2025, 17:59:45) [GCC 13.3.0]"},"arch":3,"distro":{"org":""},"source":["path env var"],"id":"/usr/bin/python3","detailedDisplayName":"Python 3.12.3 64-bit"}]
