2025-08-03 02:32:13.349 [info] Reading sessions from keychain...
2025-08-03 02:32:13.349 [info] Getting sessions for all scopes...
2025-08-03 02:32:13.349 [info] Got stored sessions!
2025-08-03 02:32:13.349 [info] Got 1 verified sessions.
2025-08-03 02:32:13.349 [info] Got 1 sessions for ...
2025-08-03 02:32:13.349 [info] Getting sessions for all scopes...
2025-08-03 02:32:13.349 [info] Got 1 sessions for ...
2025-08-03 02:32:13.349 [info] Getting sessions for all scopes...
2025-08-03 02:32:13.349 [info] Got 1 sessions for ...
2025-08-03 02:32:13.349 [info] Getting sessions for all scopes...
2025-08-03 02:32:13.349 [info] Got 1 sessions for ...
2025-08-03 02:32:13.349 [info] Getting sessions for all scopes...
2025-08-03 02:32:13.349 [info] Got 1 sessions for ...
2025-08-03 02:32:13.349 [info] Getting sessions for all scopes...
2025-08-03 02:32:13.349 [info] Got 1 sessions for ...
2025-08-03 02:32:13.349 [info] Getting sessions for all scopes...
2025-08-03 02:32:13.349 [info] Got 1 sessions for ...
2025-08-03 02:32:13.349 [info] Getting sessions for all scopes...
2025-08-03 02:32:13.349 [info] Got 1 sessions for ...
2025-08-03 02:32:13.349 [info] Getting sessions for all scopes...
2025-08-03 02:32:13.349 [info] Got 1 sessions for ...
2025-08-03 02:32:13.349 [info] Getting sessions for all scopes...
2025-08-03 02:32:13.349 [info] Got 1 sessions for ...
2025-08-03 02:32:13.349 [info] Getting sessions for all scopes...
2025-08-03 02:32:13.349 [info] Got 1 sessions for ...
2025-08-03 02:32:13.349 [info] Getting sessions for all scopes...
2025-08-03 02:32:13.349 [info] Got 1 sessions for ...
2025-08-03 02:32:13.349 [info] Getting sessions for all scopes...
2025-08-03 02:32:13.349 [info] Got 1 sessions for ...
2025-08-03 02:32:13.408 [info] Getting sessions for all scopes...
2025-08-03 02:32:13.408 [info] Got 1 sessions for ...
2025-08-03 02:32:13.590 [info] Getting sessions for user:email...
2025-08-03 02:32:13.590 [info] Got 1 sessions for user:email...
2025-08-03 02:32:13.666 [info] Getting sessions for all scopes...
2025-08-03 02:32:13.666 [info] Got 1 sessions for ...
