2025-08-03 16:55:03.238 [info] Reading sessions from keychain...
2025-08-03 16:55:03.238 [info] Getting sessions for all scopes...
2025-08-03 16:55:03.238 [info] Got stored sessions!
2025-08-03 16:55:03.238 [info] Got 1 verified sessions.
2025-08-03 16:55:03.238 [info] Got 1 sessions for ...
2025-08-03 16:55:03.238 [info] Getting sessions for all scopes...
2025-08-03 16:55:03.238 [info] Got 1 sessions for ...
2025-08-03 16:55:03.238 [info] Getting sessions for all scopes...
2025-08-03 16:55:03.238 [info] Got 1 sessions for ...
2025-08-03 16:55:03.238 [info] Getting sessions for all scopes...
2025-08-03 16:55:03.238 [info] Got 1 sessions for ...
2025-08-03 16:55:03.238 [info] Getting sessions for all scopes...
2025-08-03 16:55:03.238 [info] Got 1 sessions for ...
2025-08-03 16:55:03.238 [info] Getting sessions for all scopes...
2025-08-03 16:55:03.238 [info] Got 1 sessions for ...
2025-08-03 16:55:03.238 [info] Getting sessions for all scopes...
2025-08-03 16:55:03.238 [info] Got 1 sessions for ...
2025-08-03 16:55:03.298 [info] Getting sessions for all scopes...
2025-08-03 16:55:03.298 [info] Got 1 sessions for ...
2025-08-03 16:55:03.298 [info] Getting sessions for all scopes...
2025-08-03 16:55:03.298 [info] Got 1 sessions for ...
2025-08-03 16:55:03.298 [info] Getting sessions for all scopes...
2025-08-03 16:55:03.298 [info] Got 1 sessions for ...
2025-08-03 16:55:03.298 [info] Getting sessions for all scopes...
2025-08-03 16:55:03.298 [info] Got 1 sessions for ...
2025-08-03 16:55:03.298 [info] Getting sessions for all scopes...
2025-08-03 16:55:03.298 [info] Got 1 sessions for ...
2025-08-03 16:55:03.298 [info] Getting sessions for all scopes...
2025-08-03 16:55:03.298 [info] Got 1 sessions for ...
2025-08-03 16:55:03.351 [info] Getting sessions for all scopes...
2025-08-03 16:55:03.351 [info] Got 1 sessions for ...
2025-08-03 16:55:03.430 [info] Getting sessions for user:email...
2025-08-03 16:55:03.430 [info] Got 1 sessions for user:email...
2025-08-03 16:55:03.492 [info] Getting sessions for all scopes...
2025-08-03 16:55:03.492 [info] Got 1 sessions for ...
2025-08-03 16:55:05.436 [info] Getting sessions for all scopes...
2025-08-03 16:55:05.436 [info] Got 1 sessions for ...
2025-08-03 16:55:05.436 [info] Getting sessions for all scopes...
2025-08-03 16:55:05.436 [info] Got 1 sessions for ...
2025-08-03 16:55:05.436 [info] Getting sessions for all scopes...
2025-08-03 16:55:05.436 [info] Got 1 sessions for ...
2025-08-03 16:55:06.069 [info] Getting sessions for all scopes...
2025-08-03 16:55:06.069 [info] Got 1 sessions for ...
