2025-08-03 02:33:15.342 [info] Reading sessions from keychain...
2025-08-03 02:33:15.342 [info] Getting sessions for all scopes...
2025-08-03 02:33:15.367 [info] Got stored sessions!
2025-08-03 02:33:15.367 [info] Got 1 verified sessions.
2025-08-03 02:33:15.367 [info] Got 1 sessions for ...
2025-08-03 02:33:15.367 [info] Getting sessions for all scopes...
2025-08-03 02:33:15.367 [info] Got 1 sessions for ...
2025-08-03 02:33:15.367 [info] Getting sessions for all scopes...
2025-08-03 02:33:15.367 [info] Got 1 sessions for ...
2025-08-03 02:33:15.367 [info] Getting sessions for all scopes...
2025-08-03 02:33:15.367 [info] Got 1 sessions for ...
2025-08-03 02:33:15.367 [info] Getting sessions for all scopes...
2025-08-03 02:33:15.367 [info] Got 1 sessions for ...
2025-08-03 02:33:15.367 [info] Getting sessions for all scopes...
2025-08-03 02:33:15.367 [info] Got 1 sessions for ...
2025-08-03 02:33:15.367 [info] Getting sessions for all scopes...
2025-08-03 02:33:15.367 [info] Got 1 sessions for ...
2025-08-03 02:33:15.371 [info] Getting sessions for all scopes...
2025-08-03 02:33:15.371 [info] Got 1 sessions for ...
2025-08-03 02:33:15.371 [info] Getting sessions for all scopes...
2025-08-03 02:33:15.371 [info] Got 1 sessions for ...
2025-08-03 02:33:15.371 [info] Getting sessions for all scopes...
2025-08-03 02:33:15.371 [info] Got 1 sessions for ...
2025-08-03 02:33:15.371 [info] Getting sessions for all scopes...
2025-08-03 02:33:15.371 [info] Got 1 sessions for ...
2025-08-03 02:33:15.371 [info] Getting sessions for all scopes...
2025-08-03 02:33:15.371 [info] Got 1 sessions for ...
2025-08-03 02:33:15.371 [info] Getting sessions for all scopes...
2025-08-03 02:33:15.371 [info] Got 1 sessions for ...
2025-08-03 02:33:15.547 [info] Getting sessions for all scopes...
2025-08-03 02:33:15.547 [info] Got 1 sessions for ...
2025-08-03 02:33:15.609 [info] Getting sessions for user:email...
2025-08-03 02:33:15.609 [info] Got 1 sessions for user:email...
2025-08-03 02:33:15.672 [info] Getting sessions for all scopes...
2025-08-03 02:33:15.672 [info] Got 1 sessions for ...
2025-08-03 02:33:17.813 [info] Getting sessions for all scopes...
2025-08-03 02:33:17.813 [info] Got 1 sessions for ...
2025-08-03 02:33:17.814 [info] Getting sessions for all scopes...
2025-08-03 02:33:17.814 [info] Got 1 sessions for ...
2025-08-03 02:33:17.814 [info] Getting sessions for all scopes...
2025-08-03 02:33:17.814 [info] Got 1 sessions for ...
2025-08-03 02:33:17.883 [info] Getting sessions for all scopes...
2025-08-03 02:33:17.883 [info] Got 1 sessions for ...
