2025-08-03 17:02:21.698 [info] [main] Log level: Info
2025-08-03 17:02:21.698 [info] [main] Validating found git in: "git"
2025-08-03 17:02:21.698 [info] [main] Using git "2.43.0" from "git"
2025-08-03 17:02:21.698 [info] [Model][doInitialScan] Initial repository scan started
2025-08-03 17:02:21.698 [info] > git rev-parse --show-toplevel [34ms]
2025-08-03 17:02:21.698 [info] > git rev-parse --git-dir --git-common-dir [177ms]
2025-08-03 17:02:21.698 [info] [Model][openRepository] Opened repository (path): /home/izzy/Documents/dotfiles
2025-08-03 17:02:21.698 [info] [Model][openRepository] Opened repository (real path): /home/izzy/Documents/dotfiles
2025-08-03 17:02:21.707 [info] > git rev-parse --show-toplevel [31ms]
2025-08-03 17:02:21.707 [info] > git config --get commit.template [39ms]
2025-08-03 17:02:21.752 [info] > git rev-parse --show-toplevel [18ms]
2025-08-03 17:02:21.779 [info] > git for-each-ref --format=%(refname)%00%(upstream:short)%00%(objectname)%00%(upstream:track)%00%(upstream:remotename)%00%(upstream:remoteref) refs/heads/master refs/remotes/master [32ms]
2025-08-03 17:02:21.781 [info] > git rev-parse --show-toplevel [4ms]
2025-08-03 17:02:21.820 [info] > git rev-parse --show-toplevel [8ms]
2025-08-03 17:02:21.821 [info] [Model][doInitialScan] Initial repository scan completed - repositories (1), closed repositories (0), parent repositories (0), unsafe repositories (0)
2025-08-03 17:02:21.866 [info] > git status -z -uall [36ms]
2025-08-03 17:02:21.866 [info] > git for-each-ref --sort -committerdate --format %(refname)%00%(objectname)%00%(*objectname) [26ms]
2025-08-03 17:02:21.912 [info] > git for-each-ref --format=%(refname)%00%(upstream:short)%00%(objectname)%00%(upstream:track)%00%(upstream:remotename)%00%(upstream:remoteref) refs/heads/master refs/remotes/master [33ms]
2025-08-03 17:02:21.938 [info] > git config --get commit.template [36ms]
2025-08-03 17:02:22.069 [info] > git config --get --local branch.master.vscode-merge-base [146ms]
2025-08-03 17:02:22.095 [info] > git for-each-ref --format=%(refname)%00%(upstream:short)%00%(objectname)%00%(upstream:track)%00%(upstream:remotename)%00%(upstream:remoteref) refs/heads/origin/master refs/remotes/origin/master [17ms]
2025-08-03 17:02:22.107 [info] > git merge-base refs/heads/master refs/remotes/origin/master [3ms]
2025-08-03 17:02:22.115 [info] > git for-each-ref --format=%(refname)%00%(upstream:short)%00%(objectname)%00%(upstream:track)%00%(upstream:remotename)%00%(upstream:remoteref) refs/heads/master refs/remotes/master [21ms]
2025-08-03 17:02:22.124 [info] > git diff --name-status -z --diff-filter=ADMR 86ccfb51d6118af707276b0d5dae92ed7ac48e57...refs/remotes/origin/master [9ms]
2025-08-03 17:02:22.144 [info] > git status -z -uall [8ms]
2025-08-03 17:02:22.145 [info] > git fetch [532ms]
2025-08-03 17:02:22.145 [info] > git for-each-ref --sort -committerdate --format %(refname)%00%(objectname)%00%(*objectname) [1ms] (cancelled)
2025-08-03 17:02:22.168 [info] > git show --textconv :scripts/configure-zsh.sh [15ms]
2025-08-03 17:02:22.169 [info] > git config --get commit.template [1ms]
2025-08-03 17:02:22.169 [info] > git ls-files --stage -- scripts/configure-zsh.sh [8ms]
2025-08-03 17:02:22.192 [info] > git check-ignore -v -z --stdin [1ms]
2025-08-03 17:02:22.192 [info] > git for-each-ref --format=%(refname)%00%(upstream:short)%00%(objectname)%00%(upstream:track)%00%(upstream:remotename)%00%(upstream:remoteref) refs/heads/master refs/remotes/master [9ms]
2025-08-03 17:02:22.193 [info] > git cat-file -s dd302da030b97e85965c665c14b832a43a5343e6 [17ms]
2025-08-03 17:02:22.209 [info] > git status -z -uall [9ms]
2025-08-03 17:02:22.211 [info] > git for-each-ref --sort -committerdate --format %(refname)%00%(objectname)%00%(*objectname) [3ms]
2025-08-03 17:02:22.224 [info] > git blame --root --incremental 86ccfb51d6118af707276b0d5dae92ed7ac48e57 -- scripts/configure-zsh.sh [2ms]
2025-08-03 17:02:23.229 [info] > git config --get commit.template [8ms]
2025-08-03 17:02:23.229 [info] > git for-each-ref --format=%(refname)%00%(upstream:short)%00%(objectname)%00%(upstream:track)%00%(upstream:remotename)%00%(upstream:remoteref) refs/heads/master refs/remotes/master [1ms]
2025-08-03 17:02:23.244 [info] > git status -z -uall [7ms]
2025-08-03 17:02:23.245 [info] > git for-each-ref --sort -committerdate --format %(refname)%00%(objectname)%00%(*objectname) [1ms]
2025-08-03 17:02:23.323 [info] > git ls-files --stage -- scripts/configure-zsh.sh [1ms]
2025-08-03 17:02:23.330 [info] > git cat-file -s dd302da030b97e85965c665c14b832a43a5343e6 [0ms]
2025-08-03 17:02:23.339 [info] > git show --textconv :scripts/configure-zsh.sh [1ms]
2025-08-03 17:02:25.383 [info] > git show --textconv :scripts/setup-paths.sh [8ms]
2025-08-03 17:02:25.384 [info] > git ls-files --stage -- scripts/setup-paths.sh [1ms]
2025-08-03 17:02:25.392 [info] > git cat-file -s db097f3995d922dc147db7f061492207bad8fe13 [1ms]
2025-08-03 17:02:25.402 [info] > git blame --root --incremental 86ccfb51d6118af707276b0d5dae92ed7ac48e57 -- scripts/setup-paths.sh [2ms]
2025-08-03 17:02:26.162 [info] > git show --textconv :scripts/install-tools.sh [9ms]
2025-08-03 17:02:26.163 [info] > git ls-files --stage -- scripts/install-tools.sh [1ms]
2025-08-03 17:02:26.170 [info] > git cat-file -s 50a75c264c86a4c79de049409e8d965ae4d8ea47 [1ms]
2025-08-03 17:02:26.183 [info] > git blame --root --incremental 86ccfb51d6118af707276b0d5dae92ed7ac48e57 -- scripts/install-tools.sh [1ms]
2025-08-03 17:02:28.095 [info] > git show --textconv :scripts/install-packages.sh [8ms]
2025-08-03 17:02:28.095 [info] > git ls-files --stage -- scripts/install-packages.sh [1ms]
2025-08-03 17:02:28.104 [info] > git cat-file -s c3b5521085d887651cc01f5624bf74de465b145d [1ms]
2025-08-03 17:02:28.128 [info] > git blame --root --incremental 86ccfb51d6118af707276b0d5dae92ed7ac48e57 -- scripts/install-packages.sh [2ms]
2025-08-03 17:02:31.024 [info] > git show --textconv :scripts/configure-zsh.sh [9ms]
2025-08-03 17:02:31.025 [info] > git ls-files --stage -- scripts/configure-zsh.sh [0ms]
2025-08-03 17:02:31.032 [info] > git cat-file -s dd302da030b97e85965c665c14b832a43a5343e6 [1ms]
2025-08-03 17:02:31.906 [info] > git show --textconv :scripts/install-packages.sh [8ms]
2025-08-03 17:02:31.907 [info] > git ls-files --stage -- scripts/install-packages.sh [1ms]
2025-08-03 17:02:31.915 [info] > git cat-file -s c3b5521085d887651cc01f5624bf74de465b145d [1ms]
2025-08-03 17:02:32.932 [info] > git show --textconv :scripts/install-tools.sh [8ms]
2025-08-03 17:02:32.932 [info] > git ls-files --stage -- scripts/install-tools.sh [1ms]
2025-08-03 17:02:32.940 [info] > git cat-file -s 50a75c264c86a4c79de049409e8d965ae4d8ea47 [1ms]
2025-08-03 17:02:34.111 [info] > git show --textconv :scripts/link-configs.sh [9ms]
2025-08-03 17:02:34.111 [info] > git ls-files --stage -- scripts/link-configs.sh [1ms]
2025-08-03 17:02:34.118 [info] > git cat-file -s cd3e34c1bc8c00c3be5cd60ce51188c52c2b55a3 [1ms]
2025-08-03 17:02:34.133 [info] > git blame --root --incremental 86ccfb51d6118af707276b0d5dae92ed7ac48e57 -- scripts/link-configs.sh [2ms]
2025-08-03 17:03:28.711 [info] > git config --get commit.template [0ms]
2025-08-03 17:03:28.719 [info] > git for-each-ref --format=%(refname)%00%(upstream:short)%00%(objectname)%00%(upstream:track)%00%(upstream:remotename)%00%(upstream:remoteref) refs/heads/master refs/remotes/master [1ms]
2025-08-03 17:03:28.733 [info] > git status -z -uall [7ms]
2025-08-03 17:03:28.734 [info] > git for-each-ref --sort -committerdate --format %(refname)%00%(objectname)%00%(*objectname) [1ms]
2025-08-03 17:03:30.642 [info] > git show --textconv :scripts/configure-zsh.sh [9ms]
2025-08-03 17:03:30.643 [info] > git ls-files --stage -- scripts/configure-zsh.sh [1ms]
2025-08-03 17:03:30.652 [info] > git cat-file -s dd302da030b97e85965c665c14b832a43a5343e6 [1ms]
2025-08-03 17:03:30.999 [info] > git show --textconv :scripts/link-configs.sh [8ms]
2025-08-03 17:03:31.000 [info] > git ls-files --stage -- scripts/link-configs.sh [1ms]
2025-08-03 17:03:31.008 [info] > git cat-file -s cd3e34c1bc8c00c3be5cd60ce51188c52c2b55a3 [1ms]
2025-08-03 17:03:31.674 [info] > git show --textconv :scripts/install-tools.sh [9ms]
2025-08-03 17:03:31.674 [info] > git ls-files --stage -- scripts/install-tools.sh [0ms]
2025-08-03 17:03:31.682 [info] > git cat-file -s 50a75c264c86a4c79de049409e8d965ae4d8ea47 [1ms]
2025-08-03 17:03:32.858 [info] > git show --textconv :scripts/install-packages.sh [9ms]
2025-08-03 17:03:32.858 [info] > git ls-files --stage -- scripts/install-packages.sh [1ms]
2025-08-03 17:03:32.867 [info] > git cat-file -s c3b5521085d887651cc01f5624bf74de465b145d [1ms]
2025-08-03 17:03:33.753 [info] > git config --get commit.template [7ms]
2025-08-03 17:03:33.753 [info] > git for-each-ref --format=%(refname)%00%(upstream:short)%00%(objectname)%00%(upstream:track)%00%(upstream:remotename)%00%(upstream:remoteref) refs/heads/master refs/remotes/master [1ms]
2025-08-03 17:03:33.768 [info] > git status -z -uall [8ms]
2025-08-03 17:03:33.769 [info] > git for-each-ref --sort -committerdate --format %(refname)%00%(objectname)%00%(*objectname) [1ms]
2025-08-03 19:49:59.668 [info] > git config --get commit.template [9ms]
2025-08-03 19:49:59.668 [info] > git for-each-ref --format=%(refname)%00%(upstream:short)%00%(objectname)%00%(upstream:track)%00%(upstream:remotename)%00%(upstream:remoteref) refs/heads/master refs/remotes/master [1ms]
2025-08-03 19:49:59.685 [info] > git status -z -uall [9ms]
2025-08-03 19:49:59.685 [info] > git for-each-ref --sort -committerdate --format %(refname)%00%(objectname)%00%(*objectname) [0ms]
2025-08-03 19:49:59.698 [info] > git merge-base refs/heads/master refs/remotes/origin/master [2ms]
2025-08-03 19:49:59.707 [info] > git diff --name-status -z --diff-filter=ADMR 3aa0b35ad6db035525ae43fa78f43303b2c5cc9a...refs/remotes/origin/master [1ms]
2025-08-03 19:50:00.165 [info] > git fetch [516ms]
2025-08-03 19:50:00.194 [info] > git for-each-ref --format=%(refname)%00%(upstream:short)%00%(objectname)%00%(upstream:track)%00%(upstream:remotename)%00%(upstream:remoteref) refs/heads/master refs/remotes/master [9ms]
2025-08-03 19:50:00.195 [info] > git config --get commit.template [18ms]
2025-08-03 19:50:00.213 [info] > git status -z -uall [9ms]
2025-08-03 19:50:00.213 [info] > git for-each-ref --sort -committerdate --format %(refname)%00%(objectname)%00%(*objectname) [1ms]
2025-08-03 19:50:04.717 [info] > git config --get commit.template [8ms]
2025-08-03 19:50:04.717 [info] > git for-each-ref --format=%(refname)%00%(upstream:short)%00%(objectname)%00%(upstream:track)%00%(upstream:remotename)%00%(upstream:remoteref) refs/heads/master refs/remotes/master [1ms]
2025-08-03 19:50:04.734 [info] > git status -z -uall [8ms]
2025-08-03 19:50:04.735 [info] > git for-each-ref --sort -committerdate --format %(refname)%00%(objectname)%00%(*objectname) [1ms]
2025-08-03 19:50:15.981 [info] > git show --textconv :scripts/link-configs.sh [10ms]
2025-08-03 19:50:15.982 [info] > git ls-files --stage -- scripts/link-configs.sh [1ms]
2025-08-03 19:50:15.992 [info] > git cat-file -s eeb3d58730a8a193893b526d96dfc5f7c4a01e3b [1ms]
2025-08-03 19:50:16.011 [info] > git blame --root --incremental 3aa0b35ad6db035525ae43fa78f43303b2c5cc9a -- scripts/link-configs.sh [2ms]
2025-08-03 19:50:51.880 [info] > git config --get commit.template [8ms]
2025-08-03 19:50:51.881 [info] > git for-each-ref --format=%(refname)%00%(upstream:short)%00%(objectname)%00%(upstream:track)%00%(upstream:remotename)%00%(upstream:remoteref) refs/heads/master refs/remotes/master [1ms]
2025-08-03 19:50:51.896 [info] > git status -z -uall [8ms]
2025-08-03 19:50:51.896 [info] > git for-each-ref --sort -committerdate --format %(refname)%00%(objectname)%00%(*objectname) [1ms]
2025-08-03 19:50:53.747 [info] > git show --textconv :scripts/install-packages.sh [10ms]
2025-08-03 19:50:53.748 [info] > git ls-files --stage -- scripts/install-packages.sh [2ms]
2025-08-03 19:50:53.757 [info] > git cat-file -s c3b5521085d887651cc01f5624bf74de465b145d [1ms]
2025-08-03 19:50:53.773 [info] > git blame --root --incremental 3aa0b35ad6db035525ae43fa78f43303b2c5cc9a -- scripts/install-packages.sh [2ms]
2025-08-03 19:51:12.714 [info] > git config --get commit.template [9ms]
2025-08-03 19:51:12.715 [info] > git for-each-ref --format=%(refname)%00%(upstream:short)%00%(objectname)%00%(upstream:track)%00%(upstream:remotename)%00%(upstream:remoteref) refs/heads/master refs/remotes/master [1ms]
2025-08-03 19:51:12.731 [info] > git status -z -uall [9ms]
2025-08-03 19:51:12.731 [info] > git for-each-ref --sort -committerdate --format %(refname)%00%(objectname)%00%(*objectname) [1ms]
2025-08-03 19:51:48.494 [info] > git config --get commit.template [10ms]
2025-08-03 19:51:48.495 [info] > git for-each-ref --format=%(refname)%00%(upstream:short)%00%(objectname)%00%(upstream:track)%00%(upstream:remotename)%00%(upstream:remoteref) refs/heads/master refs/remotes/master [2ms]
2025-08-03 19:51:48.514 [info] > git status -z -uall [11ms]
2025-08-03 19:51:48.514 [info] > git for-each-ref --sort -committerdate --format %(refname)%00%(objectname)%00%(*objectname) [1ms]
2025-08-03 19:51:49.020 [info] > git show --textconv :scripts/install-tools.sh [10ms]
2025-08-03 19:51:49.020 [info] > git ls-files --stage -- scripts/install-tools.sh [1ms]
2025-08-03 19:51:49.030 [info] > git cat-file -s 50a75c264c86a4c79de049409e8d965ae4d8ea47 [0ms]
2025-08-03 19:51:49.047 [info] > git blame --root --incremental 3aa0b35ad6db035525ae43fa78f43303b2c5cc9a -- scripts/install-tools.sh [2ms]
2025-08-03 19:52:47.315 [info] > git config --get commit.template [12ms]
2025-08-03 19:52:47.316 [info] > git for-each-ref --format=%(refname)%00%(upstream:short)%00%(objectname)%00%(upstream:track)%00%(upstream:remotename)%00%(upstream:remoteref) refs/heads/master refs/remotes/master [1ms]
2025-08-03 19:52:47.336 [info] > git status -z -uall [10ms]
2025-08-03 19:52:47.336 [info] > git for-each-ref --sort -committerdate --format %(refname)%00%(objectname)%00%(*objectname) [1ms]
2025-08-03 19:52:47.903 [info] > git check-ignore -v -z --stdin [1ms]
2025-08-03 19:52:48.788 [info] > git check-ignore -v -z --stdin [1ms]
2025-08-03 19:52:50.761 [info] > git check-ignore -v -z --stdin [2ms]
2025-08-03 19:53:49.061 [info] > git fetch [525ms]
2025-08-03 19:53:49.080 [info] > git config --get commit.template [8ms]
2025-08-03 19:53:49.080 [info] > git for-each-ref --format=%(refname)%00%(upstream:short)%00%(objectname)%00%(upstream:track)%00%(upstream:remotename)%00%(upstream:remoteref) refs/heads/master refs/remotes/master [1ms]
2025-08-03 19:53:49.096 [info] > git status -z -uall [8ms]
2025-08-03 19:53:49.097 [info] > git for-each-ref --sort -committerdate --format %(refname)%00%(objectname)%00%(*objectname) [1ms]
2025-08-03 19:53:50.150 [info] > git config --get commit.template [7ms]
2025-08-03 19:53:50.150 [info] > git for-each-ref --format=%(refname)%00%(upstream:short)%00%(objectname)%00%(upstream:track)%00%(upstream:remotename)%00%(upstream:remoteref) refs/heads/master refs/remotes/master [1ms]
2025-08-03 19:53:50.164 [info] > git status -z -uall [7ms]
2025-08-03 19:53:50.165 [info] > git for-each-ref --sort -committerdate --format %(refname)%00%(objectname)%00%(*objectname) [1ms]
2025-08-03 19:53:50.243 [info] > git ls-files --stage -- scripts/install-tools.sh [1ms]
2025-08-03 19:53:50.250 [info] > git cat-file -s 50a75c264c86a4c79de049409e8d965ae4d8ea47 [1ms]
2025-08-03 19:53:50.260 [info] > git show --textconv :scripts/install-tools.sh [1ms]
2025-08-03 19:54:37.022 [info] > git for-each-ref --format=%(refname)%00%(upstream:short)%00%(objectname)%00%(upstream:track)%00%(upstream:remotename)%00%(upstream:remoteref) refs/heads/master refs/remotes/master [14ms]
2025-08-03 19:54:37.022 [info] > git config --get commit.template [25ms]
2025-08-03 19:54:37.041 [info] > git status -z -uall [8ms]
2025-08-03 19:54:37.042 [info] > git for-each-ref --sort -committerdate --format %(refname)%00%(objectname)%00%(*objectname) [1ms]
2025-08-03 19:54:37.296 [info] > git show --textconv :scripts/link-configs.sh [10ms]
2025-08-03 19:54:37.297 [info] > git ls-files --stage -- scripts/link-configs.sh [1ms]
2025-08-03 19:54:37.306 [info] > git cat-file -s eeb3d58730a8a193893b526d96dfc5f7c4a01e3b [1ms]
2025-08-03 19:54:42.061 [info] > git config --get commit.template [8ms]
2025-08-03 19:54:42.062 [info] > git for-each-ref --format=%(refname)%00%(upstream:short)%00%(objectname)%00%(upstream:track)%00%(upstream:remotename)%00%(upstream:remoteref) refs/heads/master refs/remotes/master [1ms]
2025-08-03 19:54:42.077 [info] > git status -z -uall [8ms]
2025-08-03 19:54:42.078 [info] > git for-each-ref --sort -committerdate --format %(refname)%00%(objectname)%00%(*objectname) [0ms]
2025-08-03 19:54:47.098 [info] > git config --get commit.template [8ms]
2025-08-03 19:54:47.098 [info] > git for-each-ref --format=%(refname)%00%(upstream:short)%00%(objectname)%00%(upstream:track)%00%(upstream:remotename)%00%(upstream:remoteref) refs/heads/master refs/remotes/master [1ms]
2025-08-03 19:54:47.115 [info] > git status -z -uall [8ms]
2025-08-03 19:54:47.116 [info] > git for-each-ref --sort -committerdate --format %(refname)%00%(objectname)%00%(*objectname) [1ms]
2025-08-03 20:04:40.217 [info] > git config --get commit.template [2ms]
2025-08-03 20:04:40.235 [info] > git for-each-ref --format=%(refname)%00%(upstream:short)%00%(objectname)%00%(upstream:track)%00%(upstream:remotename)%00%(upstream:remoteref) refs/heads/master refs/remotes/master [6ms]
2025-08-03 20:04:40.258 [info] > git status -z -uall [10ms]
2025-08-03 20:04:40.259 [info] > git for-each-ref --sort -committerdate --format %(refname)%00%(objectname)%00%(*objectname) [1ms]
2025-08-03 20:04:40.272 [info] > git blame --root --incremental f75f4a9bbe263cd8c88b424e8167a305b3ecad60 -- scripts/link-configs.sh [3ms]
2025-08-03 20:28:29.971 [info] > git config --get commit.template [10ms]
2025-08-03 20:28:29.982 [info] > git ls-files --stage -- scripts/link-configs.sh [12ms]
2025-08-03 20:28:29.989 [info] > git for-each-ref --format=%(refname)%00%(upstream:short)%00%(objectname)%00%(upstream:track)%00%(upstream:remotename)%00%(upstream:remoteref) refs/heads/master refs/remotes/master [8ms]
2025-08-03 20:28:30.006 [info] > git status -z -uall [9ms]
2025-08-03 20:28:30.006 [info] > git cat-file -s 52de957581a908a5472f9949af821d32f7b39491 [17ms]
2025-08-03 20:28:30.007 [info] > git for-each-ref --sort -committerdate --format %(refname)%00%(objectname)%00%(*objectname) [1ms]
2025-08-03 20:28:30.026 [info] > git merge-base refs/heads/master refs/remotes/origin/master [10ms]
2025-08-03 20:28:30.034 [info] > git show --textconv :scripts/link-configs.sh [9ms]
2025-08-03 20:28:30.035 [info] > git diff --name-status -z --diff-filter=ADMR f75f4a9bbe263cd8c88b424e8167a305b3ecad60...refs/remotes/origin/master [1ms]
2025-08-03 20:28:31.505 [info] > git show --textconv :scripts/install-tools.sh [12ms]
2025-08-03 20:28:31.505 [info] > git ls-files --stage -- scripts/install-tools.sh [2ms]
2025-08-03 20:28:31.517 [info] > git cat-file -s 8d620f7847617d75148ec7f34e06fb2ce2c57e4a [2ms]
2025-08-03 20:28:31.718 [info] > git show --textconv :scripts/install-packages.sh [12ms]
2025-08-03 20:28:31.718 [info] > git ls-files --stage -- scripts/install-packages.sh [1ms]
2025-08-03 20:28:31.729 [info] > git cat-file -s ff14f5831087023216608befb85f6f13dd270e26 [1ms]
2025-08-03 20:28:31.742 [info] > git blame --root --incremental f75f4a9bbe263cd8c88b424e8167a305b3ecad60 -- scripts/install-packages.sh [2ms]
2025-08-03 20:28:35.036 [info] > git config --get commit.template [10ms]
2025-08-03 20:28:35.037 [info] > git for-each-ref --format=%(refname)%00%(upstream:short)%00%(objectname)%00%(upstream:track)%00%(upstream:remotename)%00%(upstream:remoteref) refs/heads/master refs/remotes/master [2ms]
2025-08-03 20:28:35.053 [info] > git status -z -uall [8ms]
2025-08-03 20:28:35.054 [info] > git for-each-ref --sort -committerdate --format %(refname)%00%(objectname)%00%(*objectname) [1ms]
