2025-08-03 02:33:17.416 [info] Starting Python Locator /home/izzy/.vscode/extensions/ms-python.vscode-python-envs-1.2.0-linux-x64/python-env-tools/bin/pet server
2025-08-03 02:33:17.458 [info] Discovered env: /usr/bin/python3
2025-08-03 02:33:17.458 [info] Discovered env: /bin/python3
2025-08-03 02:33:17.459 [info] Locator Conda took 24.23038ms
2025-08-03 02:33:17.459 [info] Locator Homebrew took 268.876µs
2025-08-03 02:33:17.459 [info] Locator LinuxGlobal took 26.69145ms
2025-08-03 02:33:17.459 [info] Locator PipEnv took 72.464µs
2025-08-03 02:33:17.459 [info] Locator Pixi took 27.501µs
2025-08-03 02:33:17.459 [info] Locator Poetry took 248.628µs
2025-08-03 02:33:17.459 [info] Locator PyEnv took 335.449µs
2025-08-03 02:33:17.459 [info] Locator Venv took 15.088µs
2025-08-03 02:33:17.459 [info] Locator VirtualEnv took 177.036µs
2025-08-03 02:33:17.459 [info] Locator VirtualEnvWrapper took 23.564µs
2025-08-03 02:33:17.459 [info] Locator GlobalVirtualEnvs took 303.49µs
2025-08-03 02:33:17.459 [info] Locator Locators took 27.826013ms
2025-08-03 02:33:17.459 [info] Locator Path took 36.80681ms
2025-08-03 02:33:17.459 [info] Locator Workspaces took 1.012µs
2025-08-03 02:33:17.461 [info] Telemetry:  {"event":"RefreshPerformance","data":{"refreshPerformance":{"total":36,"breakdown":{"GlobalVirtualEnvs":0,"Locators":27,"Path":36,"Workspaces":0},"locators":{"Conda":24,"Homebrew":0,"LinuxGlobal":26,"PipEnv":0,"Pixi":0,"Poetry":0,"PyEnv":0,"Venv":0,"VirtualEnv":0,"VirtualEnvWrapper":0}}}}
2025-08-03 02:33:17.461 [info] Locator GlobalVirtualEnvs took 301ns
2025-08-03 02:33:17.462 [info] Locator Locators took 291ns
2025-08-03 02:33:17.462 [info] Locator Path took 151ns
2025-08-03 02:33:17.462 [info] Locator Workspaces took 541ns
2025-08-03 02:33:17.463 [info] Telemetry:  {"event":"RefreshPerformance","data":{"refreshPerformance":{"total":0,"breakdown":{"GlobalVirtualEnvs":0,"Locators":0,"Path":0,"Workspaces":0},"locators":{}}}}
2025-08-03 02:33:17.464 [info] Locator GlobalVirtualEnvs took 80ns
2025-08-03 02:33:17.464 [info] Locator Locators took 270ns
2025-08-03 02:33:17.464 [info] Locator Path took 180ns
2025-08-03 02:33:17.464 [info] Locator Workspaces took 131ns
2025-08-03 02:33:17.466 [info] Python API: Changed environment from undefined to Python 3.12.3 for: global
2025-08-03 02:33:17.466 [info] Internal: Changed environment from undefined to Python 3.12.3 for: global
2025-08-03 02:33:17.467 [info] Telemetry:  {"event":"RefreshPerformance","data":{"refreshPerformance":{"total":0,"breakdown":{"GlobalVirtualEnvs":0,"Locators":0,"Path":0,"Workspaces":0},"locators":{}}}}
2025-08-03 02:33:17.818 [info] Discovered env: /bin/python3
2025-08-03 02:33:17.819 [info] Discovered env: /usr/bin/python3
2025-08-03 02:33:17.821 [info] Locator Conda took 24.99471ms
2025-08-03 02:33:17.821 [info] Locator Homebrew took 66.733µs
2025-08-03 02:33:17.821 [info] Locator LinuxGlobal took 25.601178ms
2025-08-03 02:33:17.822 [info] Locator PipEnv took 13.395µs
2025-08-03 02:33:17.822 [info] Locator Pixi took 37.339µs
2025-08-03 02:33:17.822 [info] Locator Poetry took 45.013µs
2025-08-03 02:33:17.822 [info] Locator PyEnv took 123.168µs
2025-08-03 02:33:17.822 [info] Locator Venv took 72.223µs
2025-08-03 02:33:17.822 [info] Locator VirtualEnv took 34.914µs
2025-08-03 02:33:17.822 [info] Locator VirtualEnvWrapper took 19.285µs
2025-08-03 02:33:17.822 [info] Locator GlobalVirtualEnvs took 50.243µs
2025-08-03 02:33:17.822 [info] Locator Locators took 27.142141ms
2025-08-03 02:33:17.822 [info] Locator Path took 35.87937ms
2025-08-03 02:33:17.823 [info] Locator Workspaces took 901ns
2025-08-03 02:33:17.824 [info] Conda not found, turning off conda features. Error: Conda not found
    at A (/home/izzy/.vscode/extensions/ms-python.vscode-python-envs-1.2.0-linux-x64/dist/extension.js:2:504122)
    at D (/home/izzy/.vscode/extensions/ms-python.vscode-python-envs-1.2.0-linux-x64/dist/extension.js:2:504247)
    at t.registerCondaFeatures (/home/izzy/.vscode/extensions/ms-python.vscode-python-envs-1.2.0-linux-x64/dist/extension.js:2:520870)
    at async Promise.all (index 1)
    at Immediate.<anonymous> (/home/izzy/.vscode/extensions/ms-python.vscode-python-envs-1.2.0-linux-x64/dist/extension.js:2:629562)
2025-08-03 02:33:17.824 [info] Telemetry:  {"event":"RefreshPerformance","data":{"refreshPerformance":{"total":35,"breakdown":{"GlobalVirtualEnvs":0,"Locators":27,"Path":35,"Workspaces":0},"locators":{"Conda":24,"Homebrew":0,"LinuxGlobal":25,"PipEnv":0,"Pixi":0,"Poetry":0,"PyEnv":0,"Venv":0,"VirtualEnv":0,"VirtualEnvWrapper":0}}}}
2025-08-03 02:33:17.885 [info] Discovered env: /bin/python3
2025-08-03 02:33:17.885 [info] Discovered env: /usr/bin/python3
2025-08-03 02:33:17.885 [info] Locator Conda took 20.933357ms
2025-08-03 02:33:17.885 [info] Locator Homebrew took 60.903µs
2025-08-03 02:33:17.885 [info] Locator LinuxGlobal took 24.424397ms
2025-08-03 02:33:17.885 [info] Locator PipEnv took 18.264µs
2025-08-03 02:33:17.885 [info] Locator Pixi took 42.398µs
2025-08-03 02:33:17.885 [info] Locator Poetry took 81.971µs
2025-08-03 02:33:17.885 [info] Locator PyEnv took 226.859µs
2025-08-03 02:33:17.885 [info] Locator Venv took 13.725µs
2025-08-03 02:33:17.885 [info] Locator VirtualEnv took 33.121µs
2025-08-03 02:33:17.885 [info] Locator VirtualEnvWrapper took 8.876µs
2025-08-03 02:33:17.885 [info] Locator GlobalVirtualEnvs took 88.603µs
2025-08-03 02:33:17.885 [info] Locator Locators took 25.159784ms
2025-08-03 02:33:17.885 [info] Locator Path took 34.884825ms
2025-08-03 02:33:17.885 [info] Locator Workspaces took 381ns
2025-08-03 02:33:17.886 [info] Telemetry:  {"event":"RefreshPerformance","data":{"refreshPerformance":{"total":34,"breakdown":{"GlobalVirtualEnvs":0,"Locators":25,"Path":34,"Workspaces":0},"locators":{"Conda":20,"Homebrew":0,"LinuxGlobal":24,"PipEnv":0,"Pixi":0,"Poetry":0,"PyEnv":0,"Venv":0,"VirtualEnv":0,"VirtualEnvWrapper":0}}}}
2025-08-03 02:33:17.908 [info] Discovered env: /bin/python3
2025-08-03 02:33:17.908 [info] Discovered env: /usr/bin/python3
2025-08-03 02:33:17.919 [info] Locator Conda took 18.711529ms
2025-08-03 02:33:17.919 [info] Locator Homebrew took 64.499µs
2025-08-03 02:33:17.919 [info] Locator LinuxGlobal took 21.010219ms
2025-08-03 02:33:17.919 [info] Locator PipEnv took 40.084µs
2025-08-03 02:33:17.919 [info] Locator Pixi took 27.06µs
2025-08-03 02:33:17.919 [info] Locator Poetry took 102.529µs
2025-08-03 02:33:17.919 [info] Locator PyEnv took 110.754µs
2025-08-03 02:33:17.919 [info] Locator Venv took 14.587µs
2025-08-03 02:33:17.919 [info] Locator VirtualEnv took 22.321µs
2025-08-03 02:33:17.919 [info] Locator VirtualEnvWrapper took 43.43µs
2025-08-03 02:33:17.919 [info] Locator GlobalVirtualEnvs took 78.956µs
2025-08-03 02:33:17.919 [info] Locator Locators took 21.843817ms
2025-08-03 02:33:17.919 [info] Locator Path took 32.592095ms
2025-08-03 02:33:17.919 [info] Locator Workspaces took 1.383µs
2025-08-03 02:33:17.919 [info] Pyenv not found, turning off pyenv features.
2025-08-03 02:33:17.921 [info] Telemetry:  {"event":"RefreshPerformance","data":{"refreshPerformance":{"total":32,"breakdown":{"GlobalVirtualEnvs":0,"Locators":21,"Path":32,"Workspaces":0},"locators":{"Conda":18,"Homebrew":0,"LinuxGlobal":21,"PipEnv":0,"Pixi":0,"Poetry":0,"PyEnv":0,"Venv":0,"VirtualEnv":0,"VirtualEnvWrapper":0}}}}
2025-08-03 02:40:11.371 [info] Discovered env: /bin/python3
2025-08-03 02:40:11.372 [info] Discovered env: /usr/bin/python3
2025-08-03 02:40:11.384 [info] Locator Conda took 20.34767ms
2025-08-03 02:40:11.384 [info] Locator Homebrew took 116.235µs
2025-08-03 02:40:11.384 [info] Locator LinuxGlobal took 22.075772ms
2025-08-03 02:40:11.384 [info] Locator PipEnv took 20.518µs
2025-08-03 02:40:11.384 [info] Locator Pixi took 31.558µs
2025-08-03 02:40:11.384 [info] Locator Poetry took 61.132µs
2025-08-03 02:40:11.384 [info] Locator PyEnv took 114.922µs
2025-08-03 02:40:11.384 [info] Locator Venv took 28.903µs
2025-08-03 02:40:11.384 [info] Locator VirtualEnv took 49.781µs
2025-08-03 02:40:11.384 [info] Locator VirtualEnvWrapper took 25.277µs
2025-08-03 02:40:11.384 [info] Locator GlobalVirtualEnvs took 68.106µs
2025-08-03 02:40:11.384 [info] Locator Locators took 22.894755ms
2025-08-03 02:40:11.384 [info] Locator Path took 32.263648ms
2025-08-03 02:40:11.384 [info] Locator Workspaces took 922ns
2025-08-03 02:40:11.386 [info] Telemetry:  {"event":"RefreshPerformance","data":{"refreshPerformance":{"total":32,"breakdown":{"GlobalVirtualEnvs":0,"Locators":22,"Path":32,"Workspaces":0},"locators":{"Conda":20,"Homebrew":0,"LinuxGlobal":22,"PipEnv":0,"Pixi":0,"Poetry":0,"PyEnv":0,"Venv":0,"VirtualEnv":0,"VirtualEnvWrapper":0}}}}
2025-08-03 02:40:11.387 [info] Locator GlobalVirtualEnvs took 210ns
2025-08-03 02:40:11.387 [info] Locator Locators took 331ns
2025-08-03 02:40:11.387 [info] Locator Path took 120ns
2025-08-03 02:40:11.387 [info] Locator Workspaces took 622ns
2025-08-03 02:40:11.405 [info] Telemetry:  {"event":"RefreshPerformance","data":{"refreshPerformance":{"total":0,"breakdown":{"GlobalVirtualEnvs":0,"Locators":0,"Path":0,"Workspaces":0},"locators":{}}}}
