[INFO 4:02:16 PM] miguelsolorio.symbols activated
[INFO 4:02:16 PM]  symbols.defaultAssociations changed, updating to true
[INFO 4:02:16 PM]  symbols.hidesExplorerArrows changed, updating to false
[INFO 4:02:16 PM]  symbols.folders.associations changed, updating to undefined
[INFO 4:02:16 PM]  symbols.files.associations changed, updating to undefined
[INFO 4:02:16 PM]  symbols.defaultAssociations changed, updating to true
[INFO 4:02:16 PM]  symbols.hidesExplorerArrows changed, updating to false
[INFO 4:02:16 PM]  symbols.folders.associations changed, updating to undefined
[INFO 4:02:16 PM]  symbols.files.associations changed, updating to undefined
[INFO 4:10:26 PM]  symbols.defaultAssociations changed, updating to true
[INFO 4:10:26 PM]  symbols.hidesExplorerArrows changed, updating to false
[INFO 4:10:26 PM]  symbols.folders.associations changed, updating to undefined
[INFO 4:10:26 PM]  symbols.files.associations changed, updating to undefined
[INFO 4:11:12 PM]  symbols.defaultAssociations changed, updating to true
[INFO 4:11:12 PM]  symbols.hidesExplorerArrows changed, updating to false
[INFO 4:11:12 PM]  symbols.folders.associations changed, updating to undefined
[INFO 4:11:12 PM]  symbols.files.associations changed, updating to undefined
[INFO 4:12:35 PM]  symbols.defaultAssociations changed, updating to true
[INFO 4:12:35 PM]  symbols.hidesExplorerArrows changed, updating to false
[INFO 4:12:35 PM]  symbols.folders.associations changed, updating to undefined
[INFO 4:12:35 PM]  symbols.files.associations changed, updating to undefined
[INFO 4:12:44 PM]  symbols.defaultAssociations changed, updating to true
[INFO 4:12:44 PM]  symbols.hidesExplorerArrows changed, updating to false
[INFO 4:12:44 PM]  symbols.folders.associations changed, updating to undefined
[INFO 4:12:44 PM]  symbols.files.associations changed, updating to undefined
[INFO 4:14:16 PM]  symbols.defaultAssociations changed, updating to true
[INFO 4:14:16 PM]  symbols.hidesExplorerArrows changed, updating to false
[INFO 4:14:16 PM]  symbols.folders.associations changed, updating to undefined
[INFO 4:14:16 PM]  symbols.files.associations changed, updating to undefined
[INFO 4:14:22 PM]  symbols.defaultAssociations changed, updating to true
[INFO 4:14:22 PM]  symbols.hidesExplorerArrows changed, updating to false
[INFO 4:14:22 PM]  symbols.folders.associations changed, updating to undefined
[INFO 4:14:22 PM]  symbols.files.associations changed, updating to undefined
[INFO 4:14:27 PM]  symbols.defaultAssociations changed, updating to true
[INFO 4:14:27 PM]  symbols.hidesExplorerArrows changed, updating to false
[INFO 4:14:27 PM]  symbols.folders.associations changed, updating to undefined
[INFO 4:14:27 PM]  symbols.files.associations changed, updating to undefined
[INFO 4:14:40 PM]  symbols.defaultAssociations changed, updating to true
[INFO 4:14:40 PM]  symbols.hidesExplorerArrows changed, updating to false
[INFO 4:14:40 PM]  symbols.folders.associations changed, updating to undefined
[INFO 4:14:40 PM]  symbols.files.associations changed, updating to undefined
[INFO 4:14:52 PM]  symbols.defaultAssociations changed, updating to true
[INFO 4:14:52 PM]  symbols.hidesExplorerArrows changed, updating to false
[INFO 4:14:52 PM]  symbols.folders.associations changed, updating to undefined
[INFO 4:14:52 PM]  symbols.files.associations changed, updating to undefined
[INFO 4:15:18 PM]  symbols.defaultAssociations changed, updating to true
[INFO 4:15:18 PM]  symbols.hidesExplorerArrows changed, updating to false
[INFO 4:15:18 PM]  symbols.folders.associations changed, updating to undefined
[INFO 4:15:18 PM]  symbols.files.associations changed, updating to undefined
[INFO 4:15:18 PM]  symbols.defaultAssociations changed, updating to true
[INFO 4:15:18 PM]  symbols.hidesExplorerArrows changed, updating to false
[INFO 4:15:18 PM]  symbols.folders.associations changed, updating to undefined
[INFO 4:15:18 PM]  symbols.files.associations changed, updating to undefined
[INFO 4:15:30 PM]  symbols.defaultAssociations changed, updating to true
[INFO 4:15:30 PM]  symbols.hidesExplorerArrows changed, updating to false
[INFO 4:15:30 PM]  symbols.folders.associations changed, updating to undefined
[INFO 4:15:30 PM]  symbols.files.associations changed, updating to undefined
