2025-08-03 16:18:12.887 [info] Extension host with pid 345584 started
2025-08-03 16:18:12.996 [info] ExtensionService#_doActivateExtension vscode.github-authentication, startup: false, activationEvent: 'onAuthenticationRequest:github'
2025-08-03 16:18:13.011 [info] ExtensionService#_doActivateExtension GrapeCity.gc-excelviewer, startup: false, activationEvent: 'onLanguage:plaintext'
2025-08-03 16:18:13.013 [info] ExtensionService#_doActivateExtension mechatroner.rainbow-csv, startup: false, activationEvent: 'onLanguage:plaintext'
2025-08-03 16:18:13.015 [info] ExtensionService#_doActivateExtension vscode.emmet, startup: false, activationEvent: 'onLanguage'
2025-08-03 16:18:13.925 [info] ExtensionService#_doActivateExtension vscode.git-base, startup: true, activationEvent: '*', root cause: vscode.git
2025-08-03 16:18:13.927 [info] ExtensionService#_doActivateExtension christian-kohler.path-intellisense, startup: true, activationEvent: '*'
2025-08-03 16:18:13.932 [info] ExtensionService#_doActivateExtension formulahendry.auto-close-tag, startup: true, activationEvent: '*'
2025-08-03 16:18:13.933 [info] ExtensionService#_doActivateExtension formulahendry.auto-rename-tag, startup: true, activationEvent: '*'
2025-08-03 16:18:13.947 [info] ExtensionService#_doActivateExtension ms-vscode.test-adapter-converter, startup: true, activationEvent: '*', root cause: hbenl.vscode-test-explorer
2025-08-03 16:18:13.950 [info] ExtensionService#_doActivateExtension mhutchie.git-graph, startup: true, activationEvent: '*'
2025-08-03 16:18:13.957 [info] ExtensionService#_doActivateExtension rafamel.subtle-brackets, startup: true, activationEvent: '*'
2025-08-03 16:18:13.963 [info] ExtensionService#_doActivateExtension SirTori.indenticator, startup: true, activationEvent: '*'
2025-08-03 16:18:13.963 [info] ExtensionService#_doActivateExtension zh9528.file-size, startup: true, activationEvent: '*'
2025-08-03 16:18:13.964 [info] ExtensionService#_doActivateExtension Zignd.html-css-class-completion, startup: true, activationEvent: '*'
2025-08-03 16:18:14.049 [error] Activating extension zh9528.file-size failed due to an error:
2025-08-03 16:18:14.049 [error] Error: ENOENT: no such file or directory, stat 'Untitled-1'
    at statSync (node:fs:1741:25)
    at Object.t.statSync (node:electron/js2c/node_init:2:5407)
    at updateSize (/home/izzy/.vscode/extensions/zh9528.file-size-1.0.0/extension.js:31:19)
    at activate (/home/izzy/.vscode/extensions/zh9528.file-size-1.0.0/extension.js:39:23)
    at sy.kb (file:///usr/share/code/resources/app/out/vs/workbench/api/node/extensionHostProcess.js:117:15232)
    at sy.jb (file:///usr/share/code/resources/app/out/vs/workbench/api/node/extensionHostProcess.js:117:14977)
    at file:///usr/share/code/resources/app/out/vs/workbench/api/node/extensionHostProcess.js:117:13135
    at db.n (file:///usr/share/code/resources/app/out/vs/workbench/api/node/extensionHostProcess.js:112:13386)
    at db.m (file:///usr/share/code/resources/app/out/vs/workbench/api/node/extensionHostProcess.js:112:13349)
    at db.l (file:///usr/share/code/resources/app/out/vs/workbench/api/node/extensionHostProcess.js:112:12805)
2025-08-03 16:18:14.051 [info] ExtensionService#_doActivateExtension vscode.git, startup: true, activationEvent: '*'
2025-08-03 16:18:14.076 [info] ExtensionService#_doActivateExtension vscode.github, startup: true, activationEvent: '*'
2025-08-03 16:18:14.085 [info] ExtensionService#_doActivateExtension hbenl.vscode-test-explorer, startup: true, activationEvent: '*'
2025-08-03 16:18:14.113 [info] ExtensionService#_doActivateExtension vscode.configuration-editing, startup: false, activationEvent: 'onLanguage:jsonc'
2025-08-03 16:18:14.117 [info] ExtensionService#_doActivateExtension vscode.json-language-features, startup: false, activationEvent: 'onLanguage:jsonc'
2025-08-03 16:18:14.146 [info] ExtensionService#_doActivateExtension vscode.typescript-language-features, startup: false, activationEvent: 'onLanguage:jsonc'
2025-08-03 16:18:14.173 [info] ExtensionService#_doActivateExtension pflannery.vscode-versionlens, startup: false, activationEvent: 'onLanguage:jsonc'
2025-08-03 16:18:14.320 [info] Eager extensions activated
2025-08-03 16:18:14.321 [info] ExtensionService#_doActivateExtension vscode.debug-auto-launch, startup: false, activationEvent: 'onStartupFinished'
2025-08-03 16:18:14.323 [info] ExtensionService#_doActivateExtension vscode.merge-conflict, startup: false, activationEvent: 'onStartupFinished'
2025-08-03 16:18:14.333 [info] ExtensionService#_doActivateExtension bierner.emojisense, startup: false, activationEvent: 'onStartupFinished'
2025-08-03 16:18:14.340 [info] ExtensionService#_doActivateExtension cweijan.vscode-office, startup: false, activationEvent: 'onStartupFinished'
2025-08-03 16:18:14.447 [info] ExtensionService#_doActivateExtension ecmel.vscode-html-css, startup: false, activationEvent: 'onStartupFinished'
2025-08-03 16:18:14.447 [info] ExtensionService#_doActivateExtension esbenp.prettier-vscode, startup: false, activationEvent: 'onStartupFinished'
2025-08-03 16:18:14.488 [info] ExtensionService#_doActivateExtension formulahendry.code-runner, startup: false, activationEvent: 'onStartupFinished'
2025-08-03 16:18:14.495 [info] ExtensionService#_doActivateExtension ionutvmi.path-autocomplete, startup: false, activationEvent: 'onStartupFinished'
2025-08-03 16:18:14.500 [info] ExtensionService#_doActivateExtension kisstkondoros.vscode-gutter-preview, startup: false, activationEvent: 'onStartupFinished'
2025-08-03 16:18:14.519 [info] ExtensionService#_doActivateExtension ms-python.python, startup: false, activationEvent: 'onStartupFinished', root cause: littlefoxteam.vscode-python-test-adapter
2025-08-03 16:18:14.613 [info] ExtensionService#_doActivateExtension miguelsolorio.symbols, startup: false, activationEvent: 'onStartupFinished'
2025-08-03 16:18:14.616 [info] ExtensionService#_doActivateExtension ms-dotnettools.vscode-dotnet-runtime, startup: false, activationEvent: 'onStartupFinished'
2025-08-03 16:18:14.776 [info] ExtensionService#_doActivateExtension ms-vscode-remote.remote-containers, startup: false, activationEvent: 'onStartupFinished'
2025-08-03 16:18:14.872 [info] ExtensionService#_doActivateExtension ms-vscode-remote.remote-wsl, startup: false, activationEvent: 'onStartupFinished'
2025-08-03 16:18:14.949 [info] ExtensionService#_doActivateExtension naumovs.color-highlight, startup: false, activationEvent: 'onStartupFinished'
2025-08-03 16:18:14.954 [info] ExtensionService#_doActivateExtension PKief.material-icon-theme, startup: false, activationEvent: 'onStartupFinished'
2025-08-03 16:18:14.967 [info] ExtensionService#_doActivateExtension ritwickdey.LiveServer, startup: false, activationEvent: 'onStartupFinished'
2025-08-03 16:18:14.969 [info] ExtensionService#_doActivateExtension shardulm94.trailing-spaces, startup: false, activationEvent: 'onStartupFinished'
2025-08-03 16:18:14.974 [info] ExtensionService#_doActivateExtension usernamehw.errorlens, startup: false, activationEvent: 'onStartupFinished'
2025-08-03 16:18:15.156 [info] ExtensionService#_doActivateExtension ms-python.vscode-python-envs, startup: false, activationEvent: 'api', root cause: ms-python.python
2025-08-03 16:18:15.296 [error] Activating extension pflannery.vscode-versionlens failed due to an error:
2025-08-03 16:18:15.296 [error] TypeError: Cannot read properties of undefined (reading 'document')
    at activate (/home/izzy/.vscode/extensions/pflannery.vscode-versionlens-1.22.2/dist/src/extension/activate.js:860:48656)
    at db.n (file:///usr/share/code/resources/app/out/vs/workbench/api/node/extensionHostProcess.js:112:13386)
    at db.m (file:///usr/share/code/resources/app/out/vs/workbench/api/node/extensionHostProcess.js:112:13349)
    at db.l (file:///usr/share/code/resources/app/out/vs/workbench/api/node/extensionHostProcess.js:112:12805)
2025-08-03 16:18:15.305 [info] ExtensionService#_doActivateExtension littlefoxteam.vscode-python-test-adapter, startup: false, activationEvent: 'onStartupFinished'
2025-08-03 16:18:15.466 [info] ExtensionService#_doActivateExtension ms-python.vscode-pylance, startup: false, activationEvent: 'api', root cause: ms-python.python
2025-08-03 16:18:28.188 [info] Extension host terminating: renderer closed the MessagePort
2025-08-03 16:18:28.207 [error] An error occurred when deactivating the extension 'rafamel.subtle-brackets':
2025-08-03 16:18:28.207 [error] TypeError: Cannot read properties of undefined (reading 'subscriptions')
    at Object.deactivate (/home/izzy/.vscode/extensions/rafamel.subtle-brackets-3.0.0/out/extension.js:42:13)
    at QG.eb (file:///usr/share/code/resources/app/out/vs/workbench/api/node/extensionHostProcess.js:117:11726)
    at file:///usr/share/code/resources/app/out/vs/workbench/api/node/extensionHostProcess.js:117:9876
    at Array.map (<anonymous>)
    at QG.$ (file:///usr/share/code/resources/app/out/vs/workbench/api/node/extensionHostProcess.js:117:9864)
    at QG.terminate (file:///usr/share/code/resources/app/out/vs/workbench/api/node/extensionHostProcess.js:117:10107)
    at Y3.terminate (file:///usr/share/code/resources/app/out/vs/workbench/api/node/extensionHostProcess.js:119:914)
    at us (file:///usr/share/code/resources/app/out/vs/workbench/api/node/extensionHostProcess.js:356:9945)
    at MessagePortMain.<anonymous> (file:///usr/share/code/resources/app/out/vs/workbench/api/node/extensionHostProcess.js:356:6484)
    at MessagePortMain.emit (node:events:518:28)
    at Object.MessagePortMain._internalPort.emit (node:electron/js2c/utility_init:2:3073)
2025-08-03 16:18:28.209 [error] TypeError: Cannot read properties of undefined (reading 'subscriptions')
    at Object.K [as deactivate] (/home/izzy/.vscode/extensions/ms-python.vscode-python-envs-1.2.0-linux-x64/dist/extension.js:2:618887)
    at QG.eb (file:///usr/share/code/resources/app/out/vs/workbench/api/node/extensionHostProcess.js:117:11726)
    at file:///usr/share/code/resources/app/out/vs/workbench/api/node/extensionHostProcess.js:117:9876
    at Array.map (<anonymous>)
    at QG.$ (file:///usr/share/code/resources/app/out/vs/workbench/api/node/extensionHostProcess.js:117:9864)
    at QG.terminate (file:///usr/share/code/resources/app/out/vs/workbench/api/node/extensionHostProcess.js:117:10107)
    at Y3.terminate (file:///usr/share/code/resources/app/out/vs/workbench/api/node/extensionHostProcess.js:119:914)
    at us (file:///usr/share/code/resources/app/out/vs/workbench/api/node/extensionHostProcess.js:356:9945)
    at MessagePortMain.<anonymous> (file:///usr/share/code/resources/app/out/vs/workbench/api/node/extensionHostProcess.js:356:6484)
    at MessagePortMain.emit (node:events:518:28)
    at Object.MessagePortMain._internalPort.emit (node:electron/js2c/utility_init:2:3073)
2025-08-03 16:18:28.210 [info] Extension host with pid 345584 exiting with code 0
