[INFO 5:02:21 PM] miguelsolorio.symbols activated
[INFO 5:02:21 PM]  symbols.defaultAssociations changed, updating to true
[INFO 5:02:21 PM]  symbols.hidesExplorerArrows changed, updating to false
[INFO 5:02:21 PM]  symbols.folders.associations changed, updating to undefined
[INFO 5:02:21 PM]  symbols.files.associations changed, updating to undefined
[INFO 5:02:21 PM]  symbols.defaultAssociations changed, updating to true
[INFO 5:02:21 PM]  symbols.hidesExplorerArrows changed, updating to false
[INFO 5:02:21 PM]  symbols.folders.associations changed, updating to undefined
[INFO 5:02:21 PM]  symbols.files.associations changed, updating to undefined
[INFO 5:02:21 PM]  symbols.defaultAssociations changed, updating to true
[INFO 5:02:21 PM]  symbols.hidesExplorerArrows changed, updating to false
[INFO 5:02:21 PM]  symbols.folders.associations changed, updating to undefined
[INFO 5:02:21 PM]  symbols.files.associations changed, updating to undefined
[INFO 7:48:53 PM]  symbols.defaultAssociations changed, updating to true
[INFO 7:48:53 PM]  symbols.hidesExplorerArrows changed, updating to false
[INFO 7:48:53 PM]  symbols.folders.associations changed, updating to undefined
[INFO 7:48:53 PM]  symbols.files.associations changed, updating to undefined
[INFO 8:04:40 PM]  symbols.defaultAssociations changed, updating to true
[INFO 8:04:40 PM]  symbols.hidesExplorerArrows changed, updating to false
[INFO 8:04:40 PM]  symbols.folders.associations changed, updating to undefined
[INFO 8:04:40 PM]  symbols.files.associations changed, updating to undefined
