2025-08-03 16:02:14.907 [info] Reading sessions from keychain...
2025-08-03 16:02:14.907 [info] Getting sessions for all scopes...
2025-08-03 16:02:14.907 [info] Got stored sessions!
2025-08-03 16:02:14.907 [info] Got 1 verified sessions.
2025-08-03 16:02:14.907 [info] Got 1 sessions for ...
2025-08-03 16:02:14.907 [info] Getting sessions for all scopes...
2025-08-03 16:02:14.907 [info] Got 1 sessions for ...
2025-08-03 16:02:14.907 [info] Getting sessions for all scopes...
2025-08-03 16:02:14.907 [info] Got 1 sessions for ...
2025-08-03 16:02:14.907 [info] Getting sessions for all scopes...
2025-08-03 16:02:14.907 [info] Got 1 sessions for ...
2025-08-03 16:02:14.907 [info] Getting sessions for all scopes...
2025-08-03 16:02:14.907 [info] Got 1 sessions for ...
2025-08-03 16:02:14.907 [info] Getting sessions for all scopes...
2025-08-03 16:02:14.907 [info] Got 1 sessions for ...
2025-08-03 16:02:14.907 [info] Getting sessions for all scopes...
2025-08-03 16:02:14.907 [info] Got 1 sessions for ...
2025-08-03 16:02:14.907 [info] Getting sessions for all scopes...
2025-08-03 16:02:14.907 [info] Got 1 sessions for ...
2025-08-03 16:02:14.907 [info] Getting sessions for all scopes...
2025-08-03 16:02:14.907 [info] Got 1 sessions for ...
2025-08-03 16:02:14.908 [info] Getting sessions for all scopes...
2025-08-03 16:02:14.908 [info] Got 1 sessions for ...
2025-08-03 16:02:14.909 [info] Getting sessions for all scopes...
2025-08-03 16:02:14.909 [info] Got 1 sessions for ...
2025-08-03 16:02:14.909 [info] Getting sessions for all scopes...
2025-08-03 16:02:14.909 [info] Got 1 sessions for ...
2025-08-03 16:02:14.909 [info] Getting sessions for all scopes...
2025-08-03 16:02:14.909 [info] Got 1 sessions for ...
2025-08-03 16:02:14.909 [info] Getting sessions for all scopes...
2025-08-03 16:02:14.909 [info] Got 1 sessions for ...
2025-08-03 16:02:14.909 [info] Getting sessions for all scopes...
2025-08-03 16:02:14.909 [info] Got 1 sessions for ...
2025-08-03 16:02:15.055 [info] Getting sessions for user:email...
2025-08-03 16:02:15.055 [info] Got 1 sessions for user:email...
2025-08-03 16:02:15.122 [info] Getting sessions for all scopes...
2025-08-03 16:02:15.122 [info] Got 1 sessions for ...
2025-08-03 16:02:16.934 [info] Getting sessions for all scopes...
2025-08-03 16:02:16.934 [info] Got 1 sessions for ...
2025-08-03 16:02:16.935 [info] Getting sessions for all scopes...
2025-08-03 16:02:16.935 [info] Got 1 sessions for ...
2025-08-03 16:02:16.935 [info] Getting sessions for all scopes...
2025-08-03 16:02:16.935 [info] Got 1 sessions for ...
2025-08-03 16:02:17.829 [info] Getting sessions for all scopes...
2025-08-03 16:02:17.829 [info] Got 1 sessions for ...
