[INFO 4:22:54 PM] miguelsolorio.symbols activated
[INFO 4:22:54 PM]  symbols.defaultAssociations changed, updating to true
[INFO 4:22:54 PM]  symbols.hidesExplorerArrows changed, updating to false
[INFO 4:22:54 PM]  symbols.folders.associations changed, updating to undefined
[INFO 4:22:54 PM]  symbols.files.associations changed, updating to undefined
[INFO 4:22:54 PM]  symbols.defaultAssociations changed, updating to true
[INFO 4:22:54 PM]  symbols.hidesExplorerArrows changed, updating to false
[INFO 4:22:54 PM]  symbols.folders.associations changed, updating to undefined
[INFO 4:22:54 PM]  symbols.files.associations changed, updating to undefined
[INFO 4:22:54 PM]  symbols.defaultAssociations changed, updating to true
[INFO 4:22:54 PM]  symbols.hidesExplorerArrows changed, updating to false
[INFO 4:22:54 PM]  symbols.folders.associations changed, updating to undefined
[INFO 4:22:54 PM]  symbols.files.associations changed, updating to undefined
[INFO 4:29:18 PM]  symbols.defaultAssociations changed, updating to true
[INFO 4:29:18 PM]  symbols.hidesExplorerArrows changed, updating to false
[INFO 4:29:18 PM]  symbols.folders.associations changed, updating to undefined
[INFO 4:29:18 PM]  symbols.files.associations changed, updating to undefined
[INFO 4:55:04 PM]  symbols.defaultAssociations changed, updating to true
[INFO 4:55:04 PM]  symbols.hidesExplorerArrows changed, updating to false
[INFO 4:55:04 PM]  symbols.folders.associations changed, updating to undefined
[INFO 4:55:04 PM]  symbols.files.associations changed, updating to undefined
[INFO 4:55:05 PM]  symbols.defaultAssociations changed, updating to true
[INFO 4:55:05 PM]  symbols.hidesExplorerArrows changed, updating to false
[INFO 4:55:05 PM]  symbols.folders.associations changed, updating to undefined
[INFO 4:55:05 PM]  symbols.files.associations changed, updating to undefined
