2025-08-03 20:29:04.398 [info] Reading sessions from keychain...
2025-08-03 20:29:04.413 [info] Getting sessions for all scopes...
2025-08-03 20:29:04.664 [info] Got stored sessions!
2025-08-03 20:29:04.664 [info] Got 1 verified sessions.
2025-08-03 20:29:04.664 [info] Got 1 sessions for ...
2025-08-03 20:29:04.664 [info] Getting sessions for all scopes...
2025-08-03 20:29:04.664 [info] Got 1 sessions for ...
2025-08-03 20:29:04.664 [info] Getting sessions for all scopes...
2025-08-03 20:29:04.664 [info] Got 1 sessions for ...
2025-08-03 20:29:04.664 [info] Getting sessions for all scopes...
2025-08-03 20:29:04.664 [info] Got 1 sessions for ...
2025-08-03 20:29:04.664 [info] Getting sessions for user:email...
2025-08-03 20:29:04.664 [info] Got 1 sessions for user:email...
2025-08-03 20:29:04.664 [info] Getting sessions for all scopes...
2025-08-03 20:29:04.664 [info] Got 1 sessions for ...
2025-08-03 20:29:04.664 [info] Getting sessions for all scopes...
2025-08-03 20:29:04.664 [info] Got 1 sessions for ...
2025-08-03 20:29:04.664 [info] Getting sessions for all scopes...
2025-08-03 20:29:04.664 [info] Got 1 sessions for ...
2025-08-03 20:29:04.664 [info] Getting sessions for all scopes...
2025-08-03 20:29:04.664 [info] Got 1 sessions for ...
2025-08-03 20:29:04.664 [info] Getting sessions for all scopes...
2025-08-03 20:29:04.664 [info] Got 1 sessions for ...
2025-08-03 20:29:04.758 [info] Getting sessions for all scopes...
2025-08-03 20:29:04.758 [info] Got 1 sessions for ...
2025-08-03 20:29:04.759 [info] Getting sessions for all scopes...
2025-08-03 20:29:04.759 [info] Got 1 sessions for ...
2025-08-03 20:29:04.759 [info] Getting sessions for all scopes...
2025-08-03 20:29:04.759 [info] Got 1 sessions for ...
2025-08-03 20:29:04.759 [info] Getting sessions for all scopes...
2025-08-03 20:29:04.759 [info] Got 1 sessions for ...
2025-08-03 20:29:04.759 [info] Getting sessions for all scopes...
2025-08-03 20:29:04.759 [info] Got 1 sessions for ...
2025-08-03 20:29:04.759 [info] Getting sessions for all scopes...
2025-08-03 20:29:04.760 [info] Got 1 sessions for ...
2025-08-03 20:29:04.769 [info] Getting sessions for all scopes...
2025-08-03 20:29:04.769 [info] Got 1 sessions for ...
2025-08-03 20:29:06.240 [info] Getting sessions for read:user,repo,user:email,workflow...
2025-08-03 20:29:06.240 [info] Got 0 sessions for read:user,repo,user:email,workflow...
2025-08-03 20:29:06.649 [info] Getting sessions for all scopes...
2025-08-03 20:29:06.649 [info] Got 1 sessions for ...
2025-08-03 20:29:06.650 [info] Getting sessions for all scopes...
2025-08-03 20:29:06.650 [info] Got 1 sessions for ...
2025-08-03 20:29:06.650 [info] Getting sessions for all scopes...
2025-08-03 20:29:06.650 [info] Got 1 sessions for ...
2025-08-03 20:29:06.701 [info] Getting sessions for all scopes...
2025-08-03 20:29:06.701 [info] Got 1 sessions for ...
